[2025-02-17T20:57:31.354+0000] {processor.py:186} INFO - Started process (PID=708) to work on /opt/airflow/dags/load_to_dds.py
[2025-02-17T20:57:31.355+0000] {processor.py:914} INFO - Processing file /opt/airflow/dags/load_to_dds.py for tasks to queue
[2025-02-17T20:57:31.357+0000] {logging_mixin.py:190} INFO - [2025-02-17T20:57:31.356+0000] {dagbag.py:588} INFO - Filling up the DagBag from /opt/airflow/dags/load_to_dds.py
[2025-02-17T20:57:31.764+0000] {logging_mixin.py:190} INFO - [2025-02-17T20:57:31.369+0000] {dagbag.py:387} ERROR - Failed to import: /opt/airflow/dags/load_to_dds.py
Traceback (most recent call last):
  File "/home/airflow/.local/lib/python3.12/site-packages/airflow/models/dagbag.py", line 383, in parse
    loader.exec_module(new_module)
  File "<frozen importlib._bootstrap_external>", line 999, in exec_module
  File "<frozen importlib._bootstrap>", line 488, in _call_with_frames_removed
  File "/opt/airflow/dags/load_to_dds.py", line 115, in <module>
    'retry_delay': timedelta(minutes=5),
                   ^^^^^^^^^
NameError: name 'timedelta' is not defined
[2025-02-17T20:57:31.768+0000] {processor.py:927} WARNING - No viable dags retrieved from /opt/airflow/dags/load_to_dds.py
[2025-02-17T20:57:31.786+0000] {processor.py:208} INFO - Processing /opt/airflow/dags/load_to_dds.py took 0.437 seconds
[2025-02-17T20:58:02.112+0000] {processor.py:186} INFO - Started process (PID=774) to work on /opt/airflow/dags/load_to_dds.py
[2025-02-17T20:58:02.113+0000] {processor.py:914} INFO - Processing file /opt/airflow/dags/load_to_dds.py for tasks to queue
[2025-02-17T20:58:02.114+0000] {logging_mixin.py:190} INFO - [2025-02-17T20:58:02.114+0000] {dagbag.py:588} INFO - Filling up the DagBag from /opt/airflow/dags/load_to_dds.py
[2025-02-17T20:58:02.125+0000] {logging_mixin.py:190} INFO - [2025-02-17T20:58:02.121+0000] {dagbag.py:387} ERROR - Failed to import: /opt/airflow/dags/load_to_dds.py
Traceback (most recent call last):
  File "/home/airflow/.local/lib/python3.12/site-packages/airflow/models/dagbag.py", line 383, in parse
    loader.exec_module(new_module)
  File "<frozen importlib._bootstrap_external>", line 999, in exec_module
  File "<frozen importlib._bootstrap>", line 488, in _call_with_frames_removed
  File "/opt/airflow/dags/load_to_dds.py", line 115, in <module>
    'retry_delay': timedelta(minutes=5),
                   ^^^^^^^^^
NameError: name 'timedelta' is not defined
[2025-02-17T20:58:02.128+0000] {processor.py:927} WARNING - No viable dags retrieved from /opt/airflow/dags/load_to_dds.py
[2025-02-17T20:58:02.143+0000] {processor.py:208} INFO - Processing /opt/airflow/dags/load_to_dds.py took 0.036 seconds
[2025-02-17T20:58:32.506+0000] {processor.py:186} INFO - Started process (PID=841) to work on /opt/airflow/dags/load_to_dds.py
[2025-02-17T20:58:32.507+0000] {processor.py:914} INFO - Processing file /opt/airflow/dags/load_to_dds.py for tasks to queue
[2025-02-17T20:58:32.509+0000] {logging_mixin.py:190} INFO - [2025-02-17T20:58:32.508+0000] {dagbag.py:588} INFO - Filling up the DagBag from /opt/airflow/dags/load_to_dds.py
[2025-02-17T20:58:32.519+0000] {logging_mixin.py:190} INFO - [2025-02-17T20:58:32.515+0000] {dagbag.py:387} ERROR - Failed to import: /opt/airflow/dags/load_to_dds.py
Traceback (most recent call last):
  File "/home/airflow/.local/lib/python3.12/site-packages/airflow/models/dagbag.py", line 383, in parse
    loader.exec_module(new_module)
  File "<frozen importlib._bootstrap_external>", line 999, in exec_module
  File "<frozen importlib._bootstrap>", line 488, in _call_with_frames_removed
  File "/opt/airflow/dags/load_to_dds.py", line 115, in <module>
    'retry_delay': timedelta(minutes=5),
                   ^^^^^^^^^
NameError: name 'timedelta' is not defined
[2025-02-17T20:58:32.522+0000] {processor.py:927} WARNING - No viable dags retrieved from /opt/airflow/dags/load_to_dds.py
[2025-02-17T20:58:32.535+0000] {processor.py:208} INFO - Processing /opt/airflow/dags/load_to_dds.py took 0.033 seconds
[2025-02-17T20:59:02.818+0000] {processor.py:186} INFO - Started process (PID=907) to work on /opt/airflow/dags/load_to_dds.py
[2025-02-17T20:59:02.819+0000] {processor.py:914} INFO - Processing file /opt/airflow/dags/load_to_dds.py for tasks to queue
[2025-02-17T20:59:02.820+0000] {logging_mixin.py:190} INFO - [2025-02-17T20:59:02.820+0000] {dagbag.py:588} INFO - Filling up the DagBag from /opt/airflow/dags/load_to_dds.py
[2025-02-17T20:59:02.829+0000] {logging_mixin.py:190} INFO - [2025-02-17T20:59:02.825+0000] {dagbag.py:387} ERROR - Failed to import: /opt/airflow/dags/load_to_dds.py
Traceback (most recent call last):
  File "/home/airflow/.local/lib/python3.12/site-packages/airflow/models/dagbag.py", line 383, in parse
    loader.exec_module(new_module)
  File "<frozen importlib._bootstrap_external>", line 999, in exec_module
  File "<frozen importlib._bootstrap>", line 488, in _call_with_frames_removed
  File "/opt/airflow/dags/load_to_dds.py", line 115, in <module>
    'retry_delay': timedelta(minutes=5),
                   ^^^^^^^^^
NameError: name 'timedelta' is not defined
[2025-02-17T20:59:02.832+0000] {processor.py:927} WARNING - No viable dags retrieved from /opt/airflow/dags/load_to_dds.py
[2025-02-17T20:59:02.847+0000] {processor.py:208} INFO - Processing /opt/airflow/dags/load_to_dds.py took 0.034 seconds
[2025-02-17T20:59:32.941+0000] {processor.py:186} INFO - Started process (PID=973) to work on /opt/airflow/dags/load_to_dds.py
[2025-02-17T20:59:32.942+0000] {processor.py:914} INFO - Processing file /opt/airflow/dags/load_to_dds.py for tasks to queue
[2025-02-17T20:59:32.944+0000] {logging_mixin.py:190} INFO - [2025-02-17T20:59:32.944+0000] {dagbag.py:588} INFO - Filling up the DagBag from /opt/airflow/dags/load_to_dds.py
[2025-02-17T20:59:32.955+0000] {logging_mixin.py:190} INFO - [2025-02-17T20:59:32.950+0000] {dagbag.py:387} ERROR - Failed to import: /opt/airflow/dags/load_to_dds.py
Traceback (most recent call last):
  File "/home/airflow/.local/lib/python3.12/site-packages/airflow/models/dagbag.py", line 383, in parse
    loader.exec_module(new_module)
  File "<frozen importlib._bootstrap_external>", line 999, in exec_module
  File "<frozen importlib._bootstrap>", line 488, in _call_with_frames_removed
  File "/opt/airflow/dags/load_to_dds.py", line 115, in <module>
    'retry_delay': timedelta(minutes=5),
                   ^^^^^^^^^
NameError: name 'timedelta' is not defined
[2025-02-17T20:59:32.958+0000] {processor.py:927} WARNING - No viable dags retrieved from /opt/airflow/dags/load_to_dds.py
[2025-02-17T20:59:32.972+0000] {processor.py:208} INFO - Processing /opt/airflow/dags/load_to_dds.py took 0.036 seconds
[2025-02-17T20:59:38.620+0000] {processor.py:186} INFO - Started process (PID=986) to work on /opt/airflow/dags/load_to_dds.py
[2025-02-17T20:59:38.621+0000] {processor.py:914} INFO - Processing file /opt/airflow/dags/load_to_dds.py for tasks to queue
[2025-02-17T20:59:38.623+0000] {logging_mixin.py:190} INFO - [2025-02-17T20:59:38.622+0000] {dagbag.py:588} INFO - Filling up the DagBag from /opt/airflow/dags/load_to_dds.py
[2025-02-17T20:59:38.639+0000] {processor.py:925} INFO - DAG(s) 'data_transfer_dag' retrieved from /opt/airflow/dags/load_to_dds.py
[2025-02-17T20:59:38.714+0000] {logging_mixin.py:190} INFO - [2025-02-17T20:59:38.713+0000] {override.py:1912} INFO - Created Permission View: can read on DAG:data_transfer_dag
[2025-02-17T20:59:38.724+0000] {logging_mixin.py:190} INFO - [2025-02-17T20:59:38.724+0000] {override.py:1912} INFO - Created Permission View: can delete on DAG:data_transfer_dag
[2025-02-17T20:59:38.729+0000] {logging_mixin.py:190} INFO - [2025-02-17T20:59:38.729+0000] {override.py:1912} INFO - Created Permission View: can edit on DAG:data_transfer_dag
[2025-02-17T20:59:38.734+0000] {logging_mixin.py:190} INFO - [2025-02-17T20:59:38.734+0000] {override.py:1912} INFO - Created Permission View: can read on DAG Run:data_transfer_dag
[2025-02-17T20:59:38.756+0000] {logging_mixin.py:190} INFO - [2025-02-17T20:59:38.755+0000] {override.py:1912} INFO - Created Permission View: can create on DAG Run:data_transfer_dag
[2025-02-17T20:59:38.766+0000] {logging_mixin.py:190} INFO - [2025-02-17T20:59:38.765+0000] {override.py:1912} INFO - Created Permission View: can delete on DAG Run:data_transfer_dag
[2025-02-17T20:59:38.774+0000] {logging_mixin.py:190} INFO - [2025-02-17T20:59:38.774+0000] {override.py:1912} INFO - Created Permission View: menu access on DAG Run:data_transfer_dag
[2025-02-17T20:59:38.775+0000] {logging_mixin.py:190} INFO - [2025-02-17T20:59:38.775+0000] {dag.py:3239} INFO - Sync 1 DAGs
[2025-02-17T20:59:38.787+0000] {logging_mixin.py:190} INFO - [2025-02-17T20:59:38.787+0000] {dag.py:3262} INFO - Creating ORM DAG for data_transfer_dag
[2025-02-17T20:59:38.788+0000] {logging_mixin.py:190} INFO - [2025-02-17T20:59:38.788+0000] {dag.py:4180} INFO - Setting next_dagrun for data_transfer_dag to None, run_after=None
[2025-02-17T20:59:38.802+0000] {processor.py:208} INFO - Processing /opt/airflow/dags/load_to_dds.py took 0.188 seconds
[2025-02-17T21:00:09.208+0000] {processor.py:186} INFO - Started process (PID=1052) to work on /opt/airflow/dags/load_to_dds.py
[2025-02-17T21:00:09.209+0000] {processor.py:914} INFO - Processing file /opt/airflow/dags/load_to_dds.py for tasks to queue
[2025-02-17T21:00:09.210+0000] {logging_mixin.py:190} INFO - [2025-02-17T21:00:09.210+0000] {dagbag.py:588} INFO - Filling up the DagBag from /opt/airflow/dags/load_to_dds.py
[2025-02-17T21:00:09.221+0000] {processor.py:925} INFO - DAG(s) 'data_transfer_dag' retrieved from /opt/airflow/dags/load_to_dds.py
[2025-02-17T21:00:09.236+0000] {logging_mixin.py:190} INFO - [2025-02-17T21:00:09.235+0000] {dag.py:3239} INFO - Sync 1 DAGs
[2025-02-17T21:00:09.247+0000] {logging_mixin.py:190} INFO - [2025-02-17T21:00:09.247+0000] {dag.py:4180} INFO - Setting next_dagrun for data_transfer_dag to None, run_after=None
[2025-02-17T21:00:09.261+0000] {processor.py:208} INFO - Processing /opt/airflow/dags/load_to_dds.py took 0.058 seconds
[2025-02-17T21:00:39.675+0000] {processor.py:186} INFO - Started process (PID=1118) to work on /opt/airflow/dags/load_to_dds.py
[2025-02-17T21:00:39.675+0000] {processor.py:914} INFO - Processing file /opt/airflow/dags/load_to_dds.py for tasks to queue
[2025-02-17T21:00:39.677+0000] {logging_mixin.py:190} INFO - [2025-02-17T21:00:39.677+0000] {dagbag.py:588} INFO - Filling up the DagBag from /opt/airflow/dags/load_to_dds.py
[2025-02-17T21:00:39.688+0000] {processor.py:925} INFO - DAG(s) 'data_transfer_dag' retrieved from /opt/airflow/dags/load_to_dds.py
[2025-02-17T21:00:39.705+0000] {logging_mixin.py:190} INFO - [2025-02-17T21:00:39.704+0000] {dag.py:3239} INFO - Sync 1 DAGs
[2025-02-17T21:00:39.716+0000] {logging_mixin.py:190} INFO - [2025-02-17T21:00:39.716+0000] {dag.py:4180} INFO - Setting next_dagrun for data_transfer_dag to None, run_after=None
[2025-02-17T21:00:39.733+0000] {processor.py:208} INFO - Processing /opt/airflow/dags/load_to_dds.py took 0.062 seconds
[2025-02-17T21:01:09.978+0000] {processor.py:186} INFO - Started process (PID=1184) to work on /opt/airflow/dags/load_to_dds.py
[2025-02-17T21:01:09.979+0000] {processor.py:914} INFO - Processing file /opt/airflow/dags/load_to_dds.py for tasks to queue
[2025-02-17T21:01:09.980+0000] {logging_mixin.py:190} INFO - [2025-02-17T21:01:09.980+0000] {dagbag.py:588} INFO - Filling up the DagBag from /opt/airflow/dags/load_to_dds.py
[2025-02-17T21:01:09.990+0000] {processor.py:925} INFO - DAG(s) 'data_transfer_dag' retrieved from /opt/airflow/dags/load_to_dds.py
[2025-02-17T21:01:10.005+0000] {logging_mixin.py:190} INFO - [2025-02-17T21:01:10.004+0000] {dag.py:3239} INFO - Sync 1 DAGs
[2025-02-17T21:01:10.016+0000] {logging_mixin.py:190} INFO - [2025-02-17T21:01:10.016+0000] {dag.py:4180} INFO - Setting next_dagrun for data_transfer_dag to None, run_after=None
[2025-02-17T21:01:10.030+0000] {processor.py:208} INFO - Processing /opt/airflow/dags/load_to_dds.py took 0.057 seconds
[2025-02-17T21:01:40.479+0000] {processor.py:186} INFO - Started process (PID=1250) to work on /opt/airflow/dags/load_to_dds.py
[2025-02-17T21:01:40.479+0000] {processor.py:914} INFO - Processing file /opt/airflow/dags/load_to_dds.py for tasks to queue
[2025-02-17T21:01:40.482+0000] {logging_mixin.py:190} INFO - [2025-02-17T21:01:40.481+0000] {dagbag.py:588} INFO - Filling up the DagBag from /opt/airflow/dags/load_to_dds.py
[2025-02-17T21:01:40.494+0000] {processor.py:925} INFO - DAG(s) 'data_transfer_dag' retrieved from /opt/airflow/dags/load_to_dds.py
[2025-02-17T21:01:40.511+0000] {logging_mixin.py:190} INFO - [2025-02-17T21:01:40.511+0000] {dag.py:3239} INFO - Sync 1 DAGs
[2025-02-17T21:01:40.526+0000] {logging_mixin.py:190} INFO - [2025-02-17T21:01:40.526+0000] {dag.py:4180} INFO - Setting next_dagrun for data_transfer_dag to None, run_after=None
[2025-02-17T21:01:40.547+0000] {processor.py:208} INFO - Processing /opt/airflow/dags/load_to_dds.py took 0.072 seconds
[2025-02-17T21:02:10.767+0000] {processor.py:186} INFO - Started process (PID=1316) to work on /opt/airflow/dags/load_to_dds.py
[2025-02-17T21:02:10.768+0000] {processor.py:914} INFO - Processing file /opt/airflow/dags/load_to_dds.py for tasks to queue
[2025-02-17T21:02:10.770+0000] {logging_mixin.py:190} INFO - [2025-02-17T21:02:10.770+0000] {dagbag.py:588} INFO - Filling up the DagBag from /opt/airflow/dags/load_to_dds.py
[2025-02-17T21:02:10.781+0000] {processor.py:925} INFO - DAG(s) 'data_transfer_dag' retrieved from /opt/airflow/dags/load_to_dds.py
[2025-02-17T21:02:10.798+0000] {logging_mixin.py:190} INFO - [2025-02-17T21:02:10.798+0000] {dag.py:3239} INFO - Sync 1 DAGs
[2025-02-17T21:02:10.811+0000] {logging_mixin.py:190} INFO - [2025-02-17T21:02:10.811+0000] {dag.py:4180} INFO - Setting next_dagrun for data_transfer_dag to None, run_after=None
[2025-02-17T21:02:10.831+0000] {processor.py:208} INFO - Processing /opt/airflow/dags/load_to_dds.py took 0.068 seconds
[2025-02-17T21:02:41.170+0000] {processor.py:186} INFO - Started process (PID=1389) to work on /opt/airflow/dags/load_to_dds.py
[2025-02-17T21:02:41.171+0000] {processor.py:914} INFO - Processing file /opt/airflow/dags/load_to_dds.py for tasks to queue
[2025-02-17T21:02:41.173+0000] {logging_mixin.py:190} INFO - [2025-02-17T21:02:41.173+0000] {dagbag.py:588} INFO - Filling up the DagBag from /opt/airflow/dags/load_to_dds.py
[2025-02-17T21:02:41.185+0000] {processor.py:925} INFO - DAG(s) 'data_transfer_dag' retrieved from /opt/airflow/dags/load_to_dds.py
[2025-02-17T21:02:41.201+0000] {logging_mixin.py:190} INFO - [2025-02-17T21:02:41.201+0000] {dag.py:3239} INFO - Sync 1 DAGs
[2025-02-17T21:02:41.212+0000] {logging_mixin.py:190} INFO - [2025-02-17T21:02:41.212+0000] {dag.py:4180} INFO - Setting next_dagrun for data_transfer_dag to None, run_after=None
[2025-02-17T21:02:41.228+0000] {processor.py:208} INFO - Processing /opt/airflow/dags/load_to_dds.py took 0.063 seconds
[2025-02-17T21:03:11.901+0000] {processor.py:186} INFO - Started process (PID=1455) to work on /opt/airflow/dags/load_to_dds.py
[2025-02-17T21:03:11.903+0000] {processor.py:914} INFO - Processing file /opt/airflow/dags/load_to_dds.py for tasks to queue
[2025-02-17T21:03:11.909+0000] {logging_mixin.py:190} INFO - [2025-02-17T21:03:11.908+0000] {dagbag.py:588} INFO - Filling up the DagBag from /opt/airflow/dags/load_to_dds.py
[2025-02-17T21:03:11.926+0000] {processor.py:925} INFO - DAG(s) 'data_transfer_dag' retrieved from /opt/airflow/dags/load_to_dds.py
[2025-02-17T21:03:11.951+0000] {logging_mixin.py:190} INFO - [2025-02-17T21:03:11.951+0000] {dag.py:3239} INFO - Sync 1 DAGs
[2025-02-17T21:03:11.971+0000] {logging_mixin.py:190} INFO - [2025-02-17T21:03:11.971+0000] {dag.py:4180} INFO - Setting next_dagrun for data_transfer_dag to None, run_after=None
[2025-02-17T21:03:11.994+0000] {processor.py:208} INFO - Processing /opt/airflow/dags/load_to_dds.py took 0.099 seconds
[2025-02-17T21:03:42.066+0000] {processor.py:186} INFO - Started process (PID=1520) to work on /opt/airflow/dags/load_to_dds.py
[2025-02-17T21:03:42.067+0000] {processor.py:914} INFO - Processing file /opt/airflow/dags/load_to_dds.py for tasks to queue
[2025-02-17T21:03:42.070+0000] {logging_mixin.py:190} INFO - [2025-02-17T21:03:42.069+0000] {dagbag.py:588} INFO - Filling up the DagBag from /opt/airflow/dags/load_to_dds.py
[2025-02-17T21:03:42.083+0000] {processor.py:925} INFO - DAG(s) 'data_transfer_dag' retrieved from /opt/airflow/dags/load_to_dds.py
[2025-02-17T21:03:42.103+0000] {logging_mixin.py:190} INFO - [2025-02-17T21:03:42.102+0000] {dag.py:3239} INFO - Sync 1 DAGs
[2025-02-17T21:03:42.124+0000] {logging_mixin.py:190} INFO - [2025-02-17T21:03:42.123+0000] {dag.py:4180} INFO - Setting next_dagrun for data_transfer_dag to None, run_after=None
[2025-02-17T21:03:42.146+0000] {processor.py:208} INFO - Processing /opt/airflow/dags/load_to_dds.py took 0.086 seconds
[2025-02-17T21:04:13.017+0000] {processor.py:186} INFO - Started process (PID=1586) to work on /opt/airflow/dags/load_to_dds.py
[2025-02-17T21:04:13.018+0000] {processor.py:914} INFO - Processing file /opt/airflow/dags/load_to_dds.py for tasks to queue
[2025-02-17T21:04:13.021+0000] {logging_mixin.py:190} INFO - [2025-02-17T21:04:13.020+0000] {dagbag.py:588} INFO - Filling up the DagBag from /opt/airflow/dags/load_to_dds.py
[2025-02-17T21:04:13.033+0000] {processor.py:925} INFO - DAG(s) 'data_transfer_dag' retrieved from /opt/airflow/dags/load_to_dds.py
[2025-02-17T21:04:13.052+0000] {logging_mixin.py:190} INFO - [2025-02-17T21:04:13.051+0000] {dag.py:3239} INFO - Sync 1 DAGs
[2025-02-17T21:04:13.064+0000] {logging_mixin.py:190} INFO - [2025-02-17T21:04:13.064+0000] {dag.py:4180} INFO - Setting next_dagrun for data_transfer_dag to None, run_after=None
[2025-02-17T21:04:13.083+0000] {processor.py:208} INFO - Processing /opt/airflow/dags/load_to_dds.py took 0.073 seconds
