[2025-02-17T20:25:07.698+0000] {processor.py:186} INFO - Started process (PID=3196) to work on /opt/airflow/dags/load_to_dm.py
[2025-02-17T20:25:07.698+0000] {processor.py:914} INFO - Processing file /opt/airflow/dags/load_to_dm.py for tasks to queue
[2025-02-17T20:25:07.699+0000] {logging_mixin.py:190} INFO - [2025-02-17T20:25:07.699+0000] {dagbag.py:588} INFO - Filling up the DagBag from /opt/airflow/dags/load_to_dm.py
[2025-02-17T20:25:07.725+0000] {logging_mixin.py:190} INFO - [2025-02-17T20:25:07.721+0000] {dagbag.py:387} ERROR - Failed to import: /opt/airflow/dags/load_to_dm.py
Traceback (most recent call last):
  File "/home/airflow/.local/lib/python3.12/site-packages/airflow/models/dagbag.py", line 383, in parse
    loader.exec_module(new_module)
  File "<frozen importlib._bootstrap_external>", line 999, in exec_module
  File "<frozen importlib._bootstrap>", line 488, in _call_with_frames_removed
  File "/opt/airflow/dags/load_to_dm.py", line 16, in <module>
    'host': Variable.get('postgres_host'),
            ^^^^^^^^^^^^^^^^^^^^^^^^^^^^^
  File "/home/airflow/.local/lib/python3.12/site-packages/airflow/models/variable.py", line 145, in get
    raise KeyError(f"Variable {key} does not exist")
KeyError: 'Variable postgres_host does not exist'
[2025-02-17T20:25:07.726+0000] {processor.py:927} WARNING - No viable dags retrieved from /opt/airflow/dags/load_to_dm.py
[2025-02-17T20:25:07.736+0000] {processor.py:208} INFO - Processing /opt/airflow/dags/load_to_dm.py took 0.043 seconds
[2025-02-17T20:25:38.567+0000] {processor.py:186} INFO - Started process (PID=3260) to work on /opt/airflow/dags/load_to_dm.py
[2025-02-17T20:25:38.568+0000] {processor.py:914} INFO - Processing file /opt/airflow/dags/load_to_dm.py for tasks to queue
[2025-02-17T20:25:38.569+0000] {logging_mixin.py:190} INFO - [2025-02-17T20:25:38.569+0000] {dagbag.py:588} INFO - Filling up the DagBag from /opt/airflow/dags/load_to_dm.py
[2025-02-17T20:25:38.587+0000] {logging_mixin.py:190} INFO - [2025-02-17T20:25:38.585+0000] {dagbag.py:387} ERROR - Failed to import: /opt/airflow/dags/load_to_dm.py
Traceback (most recent call last):
  File "/home/airflow/.local/lib/python3.12/site-packages/airflow/models/dagbag.py", line 383, in parse
    loader.exec_module(new_module)
  File "<frozen importlib._bootstrap_external>", line 999, in exec_module
  File "<frozen importlib._bootstrap>", line 488, in _call_with_frames_removed
  File "/opt/airflow/dags/load_to_dm.py", line 16, in <module>
    'host': Variable.get('postgres_host'),
            ^^^^^^^^^^^^^^^^^^^^^^^^^^^^^
  File "/home/airflow/.local/lib/python3.12/site-packages/airflow/models/variable.py", line 145, in get
    raise KeyError(f"Variable {key} does not exist")
KeyError: 'Variable postgres_host does not exist'
[2025-02-17T20:25:38.589+0000] {processor.py:927} WARNING - No viable dags retrieved from /opt/airflow/dags/load_to_dm.py
[2025-02-17T20:25:38.597+0000] {processor.py:208} INFO - Processing /opt/airflow/dags/load_to_dm.py took 0.034 seconds
[2025-02-17T20:26:09.008+0000] {processor.py:186} INFO - Started process (PID=3322) to work on /opt/airflow/dags/load_to_dm.py
[2025-02-17T20:26:09.008+0000] {processor.py:914} INFO - Processing file /opt/airflow/dags/load_to_dm.py for tasks to queue
[2025-02-17T20:26:09.009+0000] {logging_mixin.py:190} INFO - [2025-02-17T20:26:09.009+0000] {dagbag.py:588} INFO - Filling up the DagBag from /opt/airflow/dags/load_to_dm.py
[2025-02-17T20:26:09.029+0000] {logging_mixin.py:190} INFO - [2025-02-17T20:26:09.026+0000] {dagbag.py:387} ERROR - Failed to import: /opt/airflow/dags/load_to_dm.py
Traceback (most recent call last):
  File "/home/airflow/.local/lib/python3.12/site-packages/airflow/models/dagbag.py", line 383, in parse
    loader.exec_module(new_module)
  File "<frozen importlib._bootstrap_external>", line 999, in exec_module
  File "<frozen importlib._bootstrap>", line 488, in _call_with_frames_removed
  File "/opt/airflow/dags/load_to_dm.py", line 17, in <module>
    'database': Variable.get('postgres_database'),
                ^^^^^^^^^^^^^^^^^^^^^^^^^^^^^^^^^
  File "/home/airflow/.local/lib/python3.12/site-packages/airflow/models/variable.py", line 145, in get
    raise KeyError(f"Variable {key} does not exist")
KeyError: 'Variable postgres_database does not exist'
[2025-02-17T20:26:09.030+0000] {processor.py:927} WARNING - No viable dags retrieved from /opt/airflow/dags/load_to_dm.py
[2025-02-17T20:26:09.039+0000] {processor.py:208} INFO - Processing /opt/airflow/dags/load_to_dm.py took 0.037 seconds
[2025-02-17T20:26:39.121+0000] {processor.py:186} INFO - Started process (PID=3387) to work on /opt/airflow/dags/load_to_dm.py
[2025-02-17T20:26:39.122+0000] {processor.py:914} INFO - Processing file /opt/airflow/dags/load_to_dm.py for tasks to queue
[2025-02-17T20:26:39.123+0000] {logging_mixin.py:190} INFO - [2025-02-17T20:26:39.123+0000] {dagbag.py:588} INFO - Filling up the DagBag from /opt/airflow/dags/load_to_dm.py
[2025-02-17T20:26:39.147+0000] {logging_mixin.py:190} INFO - [2025-02-17T20:26:39.144+0000] {dagbag.py:387} ERROR - Failed to import: /opt/airflow/dags/load_to_dm.py
Traceback (most recent call last):
  File "/home/airflow/.local/lib/python3.12/site-packages/airflow/models/dagbag.py", line 383, in parse
    loader.exec_module(new_module)
  File "<frozen importlib._bootstrap_external>", line 999, in exec_module
  File "<frozen importlib._bootstrap>", line 488, in _call_with_frames_removed
  File "/opt/airflow/dags/load_to_dm.py", line 18, in <module>
    'user': Variable.get('postgres_user'),
            ^^^^^^^^^^^^^^^^^^^^^^^^^^^^^
  File "/home/airflow/.local/lib/python3.12/site-packages/airflow/models/variable.py", line 145, in get
    raise KeyError(f"Variable {key} does not exist")
KeyError: 'Variable postgres_user does not exist'
[2025-02-17T20:26:39.148+0000] {processor.py:927} WARNING - No viable dags retrieved from /opt/airflow/dags/load_to_dm.py
[2025-02-17T20:26:39.156+0000] {processor.py:208} INFO - Processing /opt/airflow/dags/load_to_dm.py took 0.040 seconds
[2025-02-17T20:27:09.598+0000] {processor.py:186} INFO - Started process (PID=3446) to work on /opt/airflow/dags/load_to_dm.py
[2025-02-17T20:27:09.599+0000] {processor.py:914} INFO - Processing file /opt/airflow/dags/load_to_dm.py for tasks to queue
[2025-02-17T20:27:09.600+0000] {logging_mixin.py:190} INFO - [2025-02-17T20:27:09.600+0000] {dagbag.py:588} INFO - Filling up the DagBag from /opt/airflow/dags/load_to_dm.py
[2025-02-17T20:27:09.626+0000] {logging_mixin.py:190} INFO - [2025-02-17T20:27:09.623+0000] {dagbag.py:387} ERROR - Failed to import: /opt/airflow/dags/load_to_dm.py
Traceback (most recent call last):
  File "/home/airflow/.local/lib/python3.12/site-packages/airflow/models/dagbag.py", line 383, in parse
    loader.exec_module(new_module)
  File "<frozen importlib._bootstrap_external>", line 999, in exec_module
  File "<frozen importlib._bootstrap>", line 488, in _call_with_frames_removed
  File "/opt/airflow/dags/load_to_dm.py", line 20, in <module>
    'port': Variable.get('postgres_port')
            ^^^^^^^^^^^^^^^^^^^^^^^^^^^^^
  File "/home/airflow/.local/lib/python3.12/site-packages/airflow/models/variable.py", line 145, in get
    raise KeyError(f"Variable {key} does not exist")
KeyError: 'Variable postgres_port does not exist'
[2025-02-17T20:27:09.627+0000] {processor.py:927} WARNING - No viable dags retrieved from /opt/airflow/dags/load_to_dm.py
[2025-02-17T20:27:09.637+0000] {processor.py:208} INFO - Processing /opt/airflow/dags/load_to_dm.py took 0.043 seconds
[2025-02-17T20:27:41.036+0000] {processor.py:186} INFO - Started process (PID=3501) to work on /opt/airflow/dags/load_to_dm.py
[2025-02-17T20:27:41.038+0000] {processor.py:914} INFO - Processing file /opt/airflow/dags/load_to_dm.py for tasks to queue
[2025-02-17T20:27:41.039+0000] {logging_mixin.py:190} INFO - [2025-02-17T20:27:41.039+0000] {dagbag.py:588} INFO - Filling up the DagBag from /opt/airflow/dags/load_to_dm.py
[2025-02-17T20:27:41.098+0000] {processor.py:925} INFO - DAG(s) 'analytics_for_salon' retrieved from /opt/airflow/dags/load_to_dm.py
[2025-02-17T20:27:41.194+0000] {logging_mixin.py:190} INFO - [2025-02-17T20:27:41.192+0000] {override.py:1912} INFO - Created Permission View: can edit on DAG:analytics_for_salon
[2025-02-17T20:27:41.205+0000] {logging_mixin.py:190} INFO - [2025-02-17T20:27:41.204+0000] {override.py:1912} INFO - Created Permission View: can delete on DAG:analytics_for_salon
[2025-02-17T20:27:41.217+0000] {logging_mixin.py:190} INFO - [2025-02-17T20:27:41.216+0000] {override.py:1912} INFO - Created Permission View: can read on DAG:analytics_for_salon
[2025-02-17T20:27:41.228+0000] {logging_mixin.py:190} INFO - [2025-02-17T20:27:41.228+0000] {override.py:1912} INFO - Created Permission View: menu access on DAG Run:analytics_for_salon
[2025-02-17T20:27:41.242+0000] {logging_mixin.py:190} INFO - [2025-02-17T20:27:41.241+0000] {override.py:1912} INFO - Created Permission View: can delete on DAG Run:analytics_for_salon
[2025-02-17T20:27:41.248+0000] {logging_mixin.py:190} INFO - [2025-02-17T20:27:41.248+0000] {override.py:1912} INFO - Created Permission View: can read on DAG Run:analytics_for_salon
[2025-02-17T20:27:41.257+0000] {logging_mixin.py:190} INFO - [2025-02-17T20:27:41.257+0000] {override.py:1912} INFO - Created Permission View: can create on DAG Run:analytics_for_salon
[2025-02-17T20:27:41.258+0000] {logging_mixin.py:190} INFO - [2025-02-17T20:27:41.258+0000] {dag.py:3239} INFO - Sync 1 DAGs
[2025-02-17T20:27:41.273+0000] {logging_mixin.py:190} INFO - [2025-02-17T20:27:41.273+0000] {dag.py:3262} INFO - Creating ORM DAG for analytics_for_salon
[2025-02-17T20:27:41.282+0000] {logging_mixin.py:190} INFO - [2025-02-17T20:27:41.282+0000] {dag.py:4180} INFO - Setting next_dagrun for analytics_for_salon to 2025-01-01 00:00:00+00:00, run_after=2025-01-02 00:00:00+00:00
[2025-02-17T20:27:41.299+0000] {processor.py:208} INFO - Processing /opt/airflow/dags/load_to_dm.py took 0.268 seconds
[2025-02-17T20:28:11.575+0000] {processor.py:186} INFO - Started process (PID=3563) to work on /opt/airflow/dags/load_to_dm.py
[2025-02-17T20:28:11.575+0000] {processor.py:914} INFO - Processing file /opt/airflow/dags/load_to_dm.py for tasks to queue
[2025-02-17T20:28:11.577+0000] {logging_mixin.py:190} INFO - [2025-02-17T20:28:11.576+0000] {dagbag.py:588} INFO - Filling up the DagBag from /opt/airflow/dags/load_to_dm.py
[2025-02-17T20:28:11.631+0000] {processor.py:925} INFO - DAG(s) 'analytics_for_salon' retrieved from /opt/airflow/dags/load_to_dm.py
[2025-02-17T20:28:11.645+0000] {logging_mixin.py:190} INFO - [2025-02-17T20:28:11.645+0000] {dag.py:3239} INFO - Sync 1 DAGs
[2025-02-17T20:28:11.671+0000] {logging_mixin.py:190} INFO - [2025-02-17T20:28:11.671+0000] {dag.py:4180} INFO - Setting next_dagrun for analytics_for_salon to 2025-01-01 00:00:00+00:00, run_after=2025-01-02 00:00:00+00:00
[2025-02-17T20:28:11.692+0000] {processor.py:208} INFO - Processing /opt/airflow/dags/load_to_dm.py took 0.123 seconds
[2025-02-17T20:28:42.069+0000] {processor.py:186} INFO - Started process (PID=3629) to work on /opt/airflow/dags/load_to_dm.py
[2025-02-17T20:28:42.070+0000] {processor.py:914} INFO - Processing file /opt/airflow/dags/load_to_dm.py for tasks to queue
[2025-02-17T20:28:42.071+0000] {logging_mixin.py:190} INFO - [2025-02-17T20:28:42.070+0000] {dagbag.py:588} INFO - Filling up the DagBag from /opt/airflow/dags/load_to_dm.py
[2025-02-17T20:28:42.106+0000] {processor.py:925} INFO - DAG(s) 'analytics_for_salon' retrieved from /opt/airflow/dags/load_to_dm.py
[2025-02-17T20:28:42.116+0000] {logging_mixin.py:190} INFO - [2025-02-17T20:28:42.116+0000] {dag.py:3239} INFO - Sync 1 DAGs
[2025-02-17T20:28:42.137+0000] {logging_mixin.py:190} INFO - [2025-02-17T20:28:42.136+0000] {dag.py:4180} INFO - Setting next_dagrun for analytics_for_salon to 2025-01-01 00:00:00+00:00, run_after=2025-01-02 00:00:00+00:00
[2025-02-17T20:28:42.155+0000] {processor.py:208} INFO - Processing /opt/airflow/dags/load_to_dm.py took 0.091 seconds
[2025-02-17T20:29:12.638+0000] {processor.py:186} INFO - Started process (PID=3694) to work on /opt/airflow/dags/load_to_dm.py
[2025-02-17T20:29:12.638+0000] {processor.py:914} INFO - Processing file /opt/airflow/dags/load_to_dm.py for tasks to queue
[2025-02-17T20:29:12.640+0000] {logging_mixin.py:190} INFO - [2025-02-17T20:29:12.639+0000] {dagbag.py:588} INFO - Filling up the DagBag from /opt/airflow/dags/load_to_dm.py
[2025-02-17T20:29:12.682+0000] {processor.py:925} INFO - DAG(s) 'analytics_for_salon' retrieved from /opt/airflow/dags/load_to_dm.py
[2025-02-17T20:29:12.695+0000] {logging_mixin.py:190} INFO - [2025-02-17T20:29:12.694+0000] {dag.py:3239} INFO - Sync 1 DAGs
[2025-02-17T20:29:12.716+0000] {logging_mixin.py:190} INFO - [2025-02-17T20:29:12.716+0000] {dag.py:4180} INFO - Setting next_dagrun for analytics_for_salon to 2025-01-01 00:00:00+00:00, run_after=2025-01-02 00:00:00+00:00
[2025-02-17T20:29:12.728+0000] {processor.py:208} INFO - Processing /opt/airflow/dags/load_to_dm.py took 0.096 seconds
[2025-02-17T20:29:43.124+0000] {processor.py:186} INFO - Started process (PID=3759) to work on /opt/airflow/dags/load_to_dm.py
[2025-02-17T20:29:43.125+0000] {processor.py:914} INFO - Processing file /opt/airflow/dags/load_to_dm.py for tasks to queue
[2025-02-17T20:29:43.127+0000] {logging_mixin.py:190} INFO - [2025-02-17T20:29:43.126+0000] {dagbag.py:588} INFO - Filling up the DagBag from /opt/airflow/dags/load_to_dm.py
[2025-02-17T20:29:43.172+0000] {processor.py:925} INFO - DAG(s) 'analytics_for_salon' retrieved from /opt/airflow/dags/load_to_dm.py
[2025-02-17T20:29:43.187+0000] {logging_mixin.py:190} INFO - [2025-02-17T20:29:43.187+0000] {dag.py:3239} INFO - Sync 1 DAGs
[2025-02-17T20:29:43.211+0000] {logging_mixin.py:190} INFO - [2025-02-17T20:29:43.211+0000] {dag.py:4180} INFO - Setting next_dagrun for analytics_for_salon to 2025-01-01 00:00:00+00:00, run_after=2025-01-02 00:00:00+00:00
[2025-02-17T20:29:43.231+0000] {processor.py:208} INFO - Processing /opt/airflow/dags/load_to_dm.py took 0.113 seconds
[2025-02-17T20:30:13.831+0000] {processor.py:186} INFO - Started process (PID=3824) to work on /opt/airflow/dags/load_to_dm.py
[2025-02-17T20:30:13.832+0000] {processor.py:914} INFO - Processing file /opt/airflow/dags/load_to_dm.py for tasks to queue
[2025-02-17T20:30:13.834+0000] {logging_mixin.py:190} INFO - [2025-02-17T20:30:13.833+0000] {dagbag.py:588} INFO - Filling up the DagBag from /opt/airflow/dags/load_to_dm.py
[2025-02-17T20:30:13.887+0000] {processor.py:925} INFO - DAG(s) 'analytics_for_salon' retrieved from /opt/airflow/dags/load_to_dm.py
[2025-02-17T20:30:13.904+0000] {logging_mixin.py:190} INFO - [2025-02-17T20:30:13.904+0000] {dag.py:3239} INFO - Sync 1 DAGs
[2025-02-17T20:30:13.925+0000] {logging_mixin.py:190} INFO - [2025-02-17T20:30:13.925+0000] {dag.py:4180} INFO - Setting next_dagrun for analytics_for_salon to 2025-01-01 00:00:00+00:00, run_after=2025-01-02 00:00:00+00:00
[2025-02-17T20:30:13.941+0000] {processor.py:208} INFO - Processing /opt/airflow/dags/load_to_dm.py took 0.118 seconds
[2025-02-17T20:30:44.486+0000] {processor.py:186} INFO - Started process (PID=3888) to work on /opt/airflow/dags/load_to_dm.py
[2025-02-17T20:30:44.486+0000] {processor.py:914} INFO - Processing file /opt/airflow/dags/load_to_dm.py for tasks to queue
[2025-02-17T20:30:44.487+0000] {logging_mixin.py:190} INFO - [2025-02-17T20:30:44.487+0000] {dagbag.py:588} INFO - Filling up the DagBag from /opt/airflow/dags/load_to_dm.py
[2025-02-17T20:30:44.532+0000] {processor.py:925} INFO - DAG(s) 'analytics_for_salon' retrieved from /opt/airflow/dags/load_to_dm.py
[2025-02-17T20:30:44.545+0000] {logging_mixin.py:190} INFO - [2025-02-17T20:30:44.544+0000] {dag.py:3239} INFO - Sync 1 DAGs
[2025-02-17T20:30:44.569+0000] {logging_mixin.py:190} INFO - [2025-02-17T20:30:44.568+0000] {dag.py:4180} INFO - Setting next_dagrun for analytics_for_salon to 2025-01-01 00:00:00+00:00, run_after=2025-01-02 00:00:00+00:00
[2025-02-17T20:30:44.589+0000] {processor.py:208} INFO - Processing /opt/airflow/dags/load_to_dm.py took 0.108 seconds
[2025-02-17T20:31:15.208+0000] {processor.py:186} INFO - Started process (PID=3953) to work on /opt/airflow/dags/load_to_dm.py
[2025-02-17T20:31:15.209+0000] {processor.py:914} INFO - Processing file /opt/airflow/dags/load_to_dm.py for tasks to queue
[2025-02-17T20:31:15.210+0000] {logging_mixin.py:190} INFO - [2025-02-17T20:31:15.210+0000] {dagbag.py:588} INFO - Filling up the DagBag from /opt/airflow/dags/load_to_dm.py
[2025-02-17T20:31:15.249+0000] {processor.py:925} INFO - DAG(s) 'analytics_for_salon' retrieved from /opt/airflow/dags/load_to_dm.py
[2025-02-17T20:31:15.260+0000] {logging_mixin.py:190} INFO - [2025-02-17T20:31:15.259+0000] {dag.py:3239} INFO - Sync 1 DAGs
[2025-02-17T20:31:15.280+0000] {logging_mixin.py:190} INFO - [2025-02-17T20:31:15.279+0000] {dag.py:4180} INFO - Setting next_dagrun for analytics_for_salon to 2025-01-01 00:00:00+00:00, run_after=2025-01-02 00:00:00+00:00
[2025-02-17T20:31:15.293+0000] {processor.py:208} INFO - Processing /opt/airflow/dags/load_to_dm.py took 0.090 seconds
[2025-02-17T20:35:12.618+0000] {processor.py:186} INFO - Started process (PID=36) to work on /opt/airflow/dags/load_to_dm.py
[2025-02-17T20:35:12.619+0000] {processor.py:914} INFO - Processing file /opt/airflow/dags/load_to_dm.py for tasks to queue
[2025-02-17T20:35:12.622+0000] {logging_mixin.py:190} INFO - [2025-02-17T20:35:12.621+0000] {dagbag.py:588} INFO - Filling up the DagBag from /opt/airflow/dags/load_to_dm.py
[2025-02-17T20:35:12.678+0000] {processor.py:925} INFO - DAG(s) 'analytics_for_salon' retrieved from /opt/airflow/dags/load_to_dm.py
[2025-02-17T20:35:12.718+0000] {logging_mixin.py:190} INFO - [2025-02-17T20:35:12.718+0000] {dag.py:3239} INFO - Sync 1 DAGs
[2025-02-17T20:35:12.750+0000] {logging_mixin.py:190} INFO - [2025-02-17T20:35:12.750+0000] {dag.py:4180} INFO - Setting next_dagrun for analytics_for_salon to 2025-01-01 00:00:00+00:00, run_after=2025-01-02 00:00:00+00:00
[2025-02-17T20:35:12.773+0000] {processor.py:208} INFO - Processing /opt/airflow/dags/load_to_dm.py took 0.162 seconds
[2025-02-17T20:35:43.769+0000] {processor.py:186} INFO - Started process (PID=101) to work on /opt/airflow/dags/load_to_dm.py
[2025-02-17T20:35:43.770+0000] {processor.py:914} INFO - Processing file /opt/airflow/dags/load_to_dm.py for tasks to queue
[2025-02-17T20:35:43.771+0000] {logging_mixin.py:190} INFO - [2025-02-17T20:35:43.771+0000] {dagbag.py:588} INFO - Filling up the DagBag from /opt/airflow/dags/load_to_dm.py
[2025-02-17T20:35:43.805+0000] {processor.py:925} INFO - DAG(s) 'analytics_for_salon' retrieved from /opt/airflow/dags/load_to_dm.py
[2025-02-17T20:35:43.815+0000] {logging_mixin.py:190} INFO - [2025-02-17T20:35:43.815+0000] {dag.py:3239} INFO - Sync 1 DAGs
[2025-02-17T20:35:43.833+0000] {logging_mixin.py:190} INFO - [2025-02-17T20:35:43.833+0000] {dag.py:4180} INFO - Setting next_dagrun for analytics_for_salon to 2025-01-01 00:00:00+00:00, run_after=2025-01-02 00:00:00+00:00
[2025-02-17T20:35:43.847+0000] {processor.py:208} INFO - Processing /opt/airflow/dags/load_to_dm.py took 0.084 seconds
[2025-02-17T20:36:14.497+0000] {processor.py:186} INFO - Started process (PID=166) to work on /opt/airflow/dags/load_to_dm.py
[2025-02-17T20:36:14.498+0000] {processor.py:914} INFO - Processing file /opt/airflow/dags/load_to_dm.py for tasks to queue
[2025-02-17T20:36:14.500+0000] {logging_mixin.py:190} INFO - [2025-02-17T20:36:14.500+0000] {dagbag.py:588} INFO - Filling up the DagBag from /opt/airflow/dags/load_to_dm.py
[2025-02-17T20:36:14.538+0000] {processor.py:925} INFO - DAG(s) 'analytics_for_salon' retrieved from /opt/airflow/dags/load_to_dm.py
[2025-02-17T20:36:14.550+0000] {logging_mixin.py:190} INFO - [2025-02-17T20:36:14.549+0000] {dag.py:3239} INFO - Sync 1 DAGs
[2025-02-17T20:36:14.569+0000] {logging_mixin.py:190} INFO - [2025-02-17T20:36:14.569+0000] {dag.py:4180} INFO - Setting next_dagrun for analytics_for_salon to 2025-01-01 00:00:00+00:00, run_after=2025-01-02 00:00:00+00:00
[2025-02-17T20:36:14.586+0000] {processor.py:208} INFO - Processing /opt/airflow/dags/load_to_dm.py took 0.093 seconds
[2025-02-17T20:36:45.366+0000] {processor.py:186} INFO - Started process (PID=231) to work on /opt/airflow/dags/load_to_dm.py
[2025-02-17T20:36:45.366+0000] {processor.py:914} INFO - Processing file /opt/airflow/dags/load_to_dm.py for tasks to queue
[2025-02-17T20:36:45.368+0000] {logging_mixin.py:190} INFO - [2025-02-17T20:36:45.368+0000] {dagbag.py:588} INFO - Filling up the DagBag from /opt/airflow/dags/load_to_dm.py
[2025-02-17T20:36:45.403+0000] {processor.py:925} INFO - DAG(s) 'analytics_for_salon' retrieved from /opt/airflow/dags/load_to_dm.py
[2025-02-17T20:36:45.414+0000] {logging_mixin.py:190} INFO - [2025-02-17T20:36:45.413+0000] {dag.py:3239} INFO - Sync 1 DAGs
[2025-02-17T20:36:45.432+0000] {logging_mixin.py:190} INFO - [2025-02-17T20:36:45.432+0000] {dag.py:4180} INFO - Setting next_dagrun for analytics_for_salon to 2025-01-01 00:00:00+00:00, run_after=2025-01-02 00:00:00+00:00
[2025-02-17T20:36:45.448+0000] {processor.py:208} INFO - Processing /opt/airflow/dags/load_to_dm.py took 0.088 seconds
[2025-02-17T20:38:18.593+0000] {processor.py:186} INFO - Started process (PID=36) to work on /opt/airflow/dags/load_to_dm.py
[2025-02-17T20:38:18.594+0000] {processor.py:914} INFO - Processing file /opt/airflow/dags/load_to_dm.py for tasks to queue
[2025-02-17T20:38:18.597+0000] {logging_mixin.py:190} INFO - [2025-02-17T20:38:18.596+0000] {dagbag.py:588} INFO - Filling up the DagBag from /opt/airflow/dags/load_to_dm.py
[2025-02-17T20:38:18.710+0000] {processor.py:925} INFO - DAG(s) 'analytics_for_salon' retrieved from /opt/airflow/dags/load_to_dm.py
[2025-02-17T20:38:18.760+0000] {logging_mixin.py:190} INFO - [2025-02-17T20:38:18.760+0000] {dag.py:3239} INFO - Sync 1 DAGs
[2025-02-17T20:38:18.822+0000] {logging_mixin.py:190} INFO - [2025-02-17T20:38:18.822+0000] {dag.py:4180} INFO - Setting next_dagrun for analytics_for_salon to 2025-01-01 00:00:00+00:00, run_after=2025-01-02 00:00:00+00:00
[2025-02-17T20:38:18.850+0000] {processor.py:208} INFO - Processing /opt/airflow/dags/load_to_dm.py took 0.267 seconds
[2025-02-17T20:38:49.676+0000] {processor.py:186} INFO - Started process (PID=101) to work on /opt/airflow/dags/load_to_dm.py
[2025-02-17T20:38:49.677+0000] {processor.py:914} INFO - Processing file /opt/airflow/dags/load_to_dm.py for tasks to queue
[2025-02-17T20:38:49.679+0000] {logging_mixin.py:190} INFO - [2025-02-17T20:38:49.679+0000] {dagbag.py:588} INFO - Filling up the DagBag from /opt/airflow/dags/load_to_dm.py
[2025-02-17T20:38:49.713+0000] {processor.py:925} INFO - DAG(s) 'analytics_for_salon' retrieved from /opt/airflow/dags/load_to_dm.py
[2025-02-17T20:38:49.722+0000] {logging_mixin.py:190} INFO - [2025-02-17T20:38:49.722+0000] {dag.py:3239} INFO - Sync 1 DAGs
[2025-02-17T20:38:49.741+0000] {logging_mixin.py:190} INFO - [2025-02-17T20:38:49.741+0000] {dag.py:4180} INFO - Setting next_dagrun for analytics_for_salon to 2025-01-01 00:00:00+00:00, run_after=2025-01-02 00:00:00+00:00
[2025-02-17T20:38:49.757+0000] {processor.py:208} INFO - Processing /opt/airflow/dags/load_to_dm.py took 0.086 seconds
[2025-02-17T20:39:19.902+0000] {processor.py:186} INFO - Started process (PID=166) to work on /opt/airflow/dags/load_to_dm.py
[2025-02-17T20:39:19.903+0000] {processor.py:914} INFO - Processing file /opt/airflow/dags/load_to_dm.py for tasks to queue
[2025-02-17T20:39:19.905+0000] {logging_mixin.py:190} INFO - [2025-02-17T20:39:19.904+0000] {dagbag.py:588} INFO - Filling up the DagBag from /opt/airflow/dags/load_to_dm.py
[2025-02-17T20:39:19.949+0000] {processor.py:925} INFO - DAG(s) 'analytics_for_salon' retrieved from /opt/airflow/dags/load_to_dm.py
[2025-02-17T20:39:19.964+0000] {logging_mixin.py:190} INFO - [2025-02-17T20:39:19.963+0000] {dag.py:3239} INFO - Sync 1 DAGs
[2025-02-17T20:39:20.010+0000] {logging_mixin.py:190} INFO - [2025-02-17T20:39:20.010+0000] {dag.py:4180} INFO - Setting next_dagrun for analytics_for_salon to 2025-01-01 00:00:00+00:00, run_after=2025-01-02 00:00:00+00:00
[2025-02-17T20:39:20.027+0000] {processor.py:208} INFO - Processing /opt/airflow/dags/load_to_dm.py took 0.130 seconds
[2025-02-17T20:39:50.380+0000] {processor.py:186} INFO - Started process (PID=231) to work on /opt/airflow/dags/load_to_dm.py
[2025-02-17T20:39:50.381+0000] {processor.py:914} INFO - Processing file /opt/airflow/dags/load_to_dm.py for tasks to queue
[2025-02-17T20:39:50.384+0000] {logging_mixin.py:190} INFO - [2025-02-17T20:39:50.383+0000] {dagbag.py:588} INFO - Filling up the DagBag from /opt/airflow/dags/load_to_dm.py
[2025-02-17T20:39:50.419+0000] {processor.py:925} INFO - DAG(s) 'analytics_for_salon' retrieved from /opt/airflow/dags/load_to_dm.py
[2025-02-17T20:39:50.429+0000] {logging_mixin.py:190} INFO - [2025-02-17T20:39:50.429+0000] {dag.py:3239} INFO - Sync 1 DAGs
[2025-02-17T20:39:50.446+0000] {logging_mixin.py:190} INFO - [2025-02-17T20:39:50.446+0000] {dag.py:4180} INFO - Setting next_dagrun for analytics_for_salon to 2025-01-01 00:00:00+00:00, run_after=2025-01-02 00:00:00+00:00
[2025-02-17T20:39:50.461+0000] {processor.py:208} INFO - Processing /opt/airflow/dags/load_to_dm.py took 0.085 seconds
[2025-02-17T20:40:20.630+0000] {processor.py:186} INFO - Started process (PID=296) to work on /opt/airflow/dags/load_to_dm.py
[2025-02-17T20:40:20.631+0000] {processor.py:914} INFO - Processing file /opt/airflow/dags/load_to_dm.py for tasks to queue
[2025-02-17T20:40:20.633+0000] {logging_mixin.py:190} INFO - [2025-02-17T20:40:20.632+0000] {dagbag.py:588} INFO - Filling up the DagBag from /opt/airflow/dags/load_to_dm.py
[2025-02-17T20:40:20.673+0000] {processor.py:925} INFO - DAG(s) 'analytics_for_salon' retrieved from /opt/airflow/dags/load_to_dm.py
[2025-02-17T20:40:20.683+0000] {logging_mixin.py:190} INFO - [2025-02-17T20:40:20.683+0000] {dag.py:3239} INFO - Sync 1 DAGs
[2025-02-17T20:40:20.702+0000] {logging_mixin.py:190} INFO - [2025-02-17T20:40:20.701+0000] {dag.py:4180} INFO - Setting next_dagrun for analytics_for_salon to 2025-01-01 00:00:00+00:00, run_after=2025-01-02 00:00:00+00:00
[2025-02-17T20:40:20.719+0000] {processor.py:208} INFO - Processing /opt/airflow/dags/load_to_dm.py took 0.095 seconds
[2025-02-17T20:40:51.680+0000] {processor.py:186} INFO - Started process (PID=361) to work on /opt/airflow/dags/load_to_dm.py
[2025-02-17T20:40:51.681+0000] {processor.py:914} INFO - Processing file /opt/airflow/dags/load_to_dm.py for tasks to queue
[2025-02-17T20:40:51.682+0000] {logging_mixin.py:190} INFO - [2025-02-17T20:40:51.682+0000] {dagbag.py:588} INFO - Filling up the DagBag from /opt/airflow/dags/load_to_dm.py
[2025-02-17T20:40:51.717+0000] {processor.py:925} INFO - DAG(s) 'analytics_for_salon' retrieved from /opt/airflow/dags/load_to_dm.py
[2025-02-17T20:40:51.727+0000] {logging_mixin.py:190} INFO - [2025-02-17T20:40:51.727+0000] {dag.py:3239} INFO - Sync 1 DAGs
[2025-02-17T20:40:51.746+0000] {logging_mixin.py:190} INFO - [2025-02-17T20:40:51.746+0000] {dag.py:4180} INFO - Setting next_dagrun for analytics_for_salon to 2025-01-01 00:00:00+00:00, run_after=2025-01-02 00:00:00+00:00
[2025-02-17T20:40:51.770+0000] {processor.py:208} INFO - Processing /opt/airflow/dags/load_to_dm.py took 0.095 seconds
[2025-02-17T20:41:21.895+0000] {processor.py:186} INFO - Started process (PID=427) to work on /opt/airflow/dags/load_to_dm.py
[2025-02-17T20:41:21.895+0000] {processor.py:914} INFO - Processing file /opt/airflow/dags/load_to_dm.py for tasks to queue
[2025-02-17T20:41:21.897+0000] {logging_mixin.py:190} INFO - [2025-02-17T20:41:21.897+0000] {dagbag.py:588} INFO - Filling up the DagBag from /opt/airflow/dags/load_to_dm.py
[2025-02-17T20:41:21.926+0000] {processor.py:925} INFO - DAG(s) 'analytics_for_salon' retrieved from /opt/airflow/dags/load_to_dm.py
[2025-02-17T20:41:21.936+0000] {logging_mixin.py:190} INFO - [2025-02-17T20:41:21.936+0000] {dag.py:3239} INFO - Sync 1 DAGs
[2025-02-17T20:41:21.955+0000] {logging_mixin.py:190} INFO - [2025-02-17T20:41:21.955+0000] {dag.py:4180} INFO - Setting next_dagrun for analytics_for_salon to 2025-01-01 00:00:00+00:00, run_after=2025-01-02 00:00:00+00:00
[2025-02-17T20:41:21.970+0000] {processor.py:208} INFO - Processing /opt/airflow/dags/load_to_dm.py took 0.080 seconds
[2025-02-17T20:41:52.211+0000] {processor.py:186} INFO - Started process (PID=491) to work on /opt/airflow/dags/load_to_dm.py
[2025-02-17T20:41:52.211+0000] {processor.py:914} INFO - Processing file /opt/airflow/dags/load_to_dm.py for tasks to queue
[2025-02-17T20:41:52.213+0000] {logging_mixin.py:190} INFO - [2025-02-17T20:41:52.213+0000] {dagbag.py:588} INFO - Filling up the DagBag from /opt/airflow/dags/load_to_dm.py
[2025-02-17T20:41:52.253+0000] {processor.py:925} INFO - DAG(s) 'analytics_for_salon' retrieved from /opt/airflow/dags/load_to_dm.py
[2025-02-17T20:41:52.268+0000] {logging_mixin.py:190} INFO - [2025-02-17T20:41:52.267+0000] {dag.py:3239} INFO - Sync 1 DAGs
[2025-02-17T20:41:52.291+0000] {logging_mixin.py:190} INFO - [2025-02-17T20:41:52.290+0000] {dag.py:4180} INFO - Setting next_dagrun for analytics_for_salon to 2025-01-01 00:00:00+00:00, run_after=2025-01-02 00:00:00+00:00
[2025-02-17T20:41:52.312+0000] {processor.py:208} INFO - Processing /opt/airflow/dags/load_to_dm.py took 0.107 seconds
[2025-02-17T20:42:22.592+0000] {processor.py:186} INFO - Started process (PID=557) to work on /opt/airflow/dags/load_to_dm.py
[2025-02-17T20:42:22.592+0000] {processor.py:914} INFO - Processing file /opt/airflow/dags/load_to_dm.py for tasks to queue
[2025-02-17T20:42:22.594+0000] {logging_mixin.py:190} INFO - [2025-02-17T20:42:22.594+0000] {dagbag.py:588} INFO - Filling up the DagBag from /opt/airflow/dags/load_to_dm.py
[2025-02-17T20:42:22.637+0000] {processor.py:925} INFO - DAG(s) 'analytics_for_salon' retrieved from /opt/airflow/dags/load_to_dm.py
[2025-02-17T20:42:22.647+0000] {logging_mixin.py:190} INFO - [2025-02-17T20:42:22.646+0000] {dag.py:3239} INFO - Sync 1 DAGs
[2025-02-17T20:42:22.668+0000] {logging_mixin.py:190} INFO - [2025-02-17T20:42:22.668+0000] {dag.py:4180} INFO - Setting next_dagrun for analytics_for_salon to 2025-01-01 00:00:00+00:00, run_after=2025-01-02 00:00:00+00:00
[2025-02-17T20:42:22.685+0000] {processor.py:208} INFO - Processing /opt/airflow/dags/load_to_dm.py took 0.099 seconds
[2025-02-17T20:43:43.698+0000] {processor.py:186} INFO - Started process (PID=36) to work on /opt/airflow/dags/load_to_dm.py
[2025-02-17T20:43:43.699+0000] {processor.py:914} INFO - Processing file /opt/airflow/dags/load_to_dm.py for tasks to queue
[2025-02-17T20:43:43.701+0000] {logging_mixin.py:190} INFO - [2025-02-17T20:43:43.700+0000] {dagbag.py:588} INFO - Filling up the DagBag from /opt/airflow/dags/load_to_dm.py
[2025-02-17T20:43:43.744+0000] {processor.py:925} INFO - DAG(s) 'analytics_for_salon' retrieved from /opt/airflow/dags/load_to_dm.py
[2025-02-17T20:43:43.784+0000] {logging_mixin.py:190} INFO - [2025-02-17T20:43:43.784+0000] {dag.py:3239} INFO - Sync 1 DAGs
[2025-02-17T20:43:43.853+0000] {logging_mixin.py:190} INFO - [2025-02-17T20:43:43.853+0000] {dag.py:4180} INFO - Setting next_dagrun for analytics_for_salon to 2025-01-01 00:00:00+00:00, run_after=2025-01-02 00:00:00+00:00
[2025-02-17T20:43:43.876+0000] {processor.py:208} INFO - Processing /opt/airflow/dags/load_to_dm.py took 0.183 seconds
[2025-02-17T20:44:14.324+0000] {processor.py:186} INFO - Started process (PID=101) to work on /opt/airflow/dags/load_to_dm.py
[2025-02-17T20:44:14.325+0000] {processor.py:914} INFO - Processing file /opt/airflow/dags/load_to_dm.py for tasks to queue
[2025-02-17T20:44:14.328+0000] {logging_mixin.py:190} INFO - [2025-02-17T20:44:14.328+0000] {dagbag.py:588} INFO - Filling up the DagBag from /opt/airflow/dags/load_to_dm.py
[2025-02-17T20:44:14.392+0000] {processor.py:925} INFO - DAG(s) 'analytics_for_salon' retrieved from /opt/airflow/dags/load_to_dm.py
[2025-02-17T20:44:14.408+0000] {logging_mixin.py:190} INFO - [2025-02-17T20:44:14.408+0000] {dag.py:3239} INFO - Sync 1 DAGs
[2025-02-17T20:44:14.434+0000] {logging_mixin.py:190} INFO - [2025-02-17T20:44:14.434+0000] {dag.py:4180} INFO - Setting next_dagrun for analytics_for_salon to 2025-01-01 00:00:00+00:00, run_after=2025-01-02 00:00:00+00:00
[2025-02-17T20:44:14.452+0000] {processor.py:208} INFO - Processing /opt/airflow/dags/load_to_dm.py took 0.139 seconds
[2025-02-17T20:44:44.811+0000] {processor.py:186} INFO - Started process (PID=166) to work on /opt/airflow/dags/load_to_dm.py
[2025-02-17T20:44:44.811+0000] {processor.py:914} INFO - Processing file /opt/airflow/dags/load_to_dm.py for tasks to queue
[2025-02-17T20:44:44.814+0000] {logging_mixin.py:190} INFO - [2025-02-17T20:44:44.813+0000] {dagbag.py:588} INFO - Filling up the DagBag from /opt/airflow/dags/load_to_dm.py
[2025-02-17T20:44:44.849+0000] {processor.py:925} INFO - DAG(s) 'analytics_for_salon' retrieved from /opt/airflow/dags/load_to_dm.py
[2025-02-17T20:44:44.863+0000] {logging_mixin.py:190} INFO - [2025-02-17T20:44:44.863+0000] {dag.py:3239} INFO - Sync 1 DAGs
[2025-02-17T20:44:44.882+0000] {logging_mixin.py:190} INFO - [2025-02-17T20:44:44.882+0000] {dag.py:4180} INFO - Setting next_dagrun for analytics_for_salon to 2025-01-01 00:00:00+00:00, run_after=2025-01-02 00:00:00+00:00
[2025-02-17T20:44:44.897+0000] {processor.py:208} INFO - Processing /opt/airflow/dags/load_to_dm.py took 0.091 seconds
[2025-02-17T20:45:15.498+0000] {processor.py:186} INFO - Started process (PID=231) to work on /opt/airflow/dags/load_to_dm.py
[2025-02-17T20:45:15.499+0000] {processor.py:914} INFO - Processing file /opt/airflow/dags/load_to_dm.py for tasks to queue
[2025-02-17T20:45:15.501+0000] {logging_mixin.py:190} INFO - [2025-02-17T20:45:15.500+0000] {dagbag.py:588} INFO - Filling up the DagBag from /opt/airflow/dags/load_to_dm.py
[2025-02-17T20:45:15.535+0000] {processor.py:925} INFO - DAG(s) 'analytics_for_salon' retrieved from /opt/airflow/dags/load_to_dm.py
[2025-02-17T20:45:15.546+0000] {logging_mixin.py:190} INFO - [2025-02-17T20:45:15.546+0000] {dag.py:3239} INFO - Sync 1 DAGs
[2025-02-17T20:45:15.564+0000] {logging_mixin.py:190} INFO - [2025-02-17T20:45:15.564+0000] {dag.py:4180} INFO - Setting next_dagrun for analytics_for_salon to 2025-01-01 00:00:00+00:00, run_after=2025-01-02 00:00:00+00:00
[2025-02-17T20:45:15.579+0000] {processor.py:208} INFO - Processing /opt/airflow/dags/load_to_dm.py took 0.086 seconds
[2025-02-17T20:45:46.142+0000] {processor.py:186} INFO - Started process (PID=296) to work on /opt/airflow/dags/load_to_dm.py
[2025-02-17T20:45:46.143+0000] {processor.py:914} INFO - Processing file /opt/airflow/dags/load_to_dm.py for tasks to queue
[2025-02-17T20:45:46.145+0000] {logging_mixin.py:190} INFO - [2025-02-17T20:45:46.145+0000] {dagbag.py:588} INFO - Filling up the DagBag from /opt/airflow/dags/load_to_dm.py
[2025-02-17T20:45:46.194+0000] {processor.py:925} INFO - DAG(s) 'analytics_for_salon' retrieved from /opt/airflow/dags/load_to_dm.py
[2025-02-17T20:45:46.206+0000] {logging_mixin.py:190} INFO - [2025-02-17T20:45:46.206+0000] {dag.py:3239} INFO - Sync 1 DAGs
[2025-02-17T20:45:46.233+0000] {logging_mixin.py:190} INFO - [2025-02-17T20:45:46.233+0000] {dag.py:4180} INFO - Setting next_dagrun for analytics_for_salon to 2025-01-01 00:00:00+00:00, run_after=2025-01-02 00:00:00+00:00
[2025-02-17T20:45:46.251+0000] {processor.py:208} INFO - Processing /opt/airflow/dags/load_to_dm.py took 0.114 seconds
[2025-02-17T20:46:16.318+0000] {processor.py:186} INFO - Started process (PID=361) to work on /opt/airflow/dags/load_to_dm.py
[2025-02-17T20:46:16.319+0000] {processor.py:914} INFO - Processing file /opt/airflow/dags/load_to_dm.py for tasks to queue
[2025-02-17T20:46:16.321+0000] {logging_mixin.py:190} INFO - [2025-02-17T20:46:16.321+0000] {dagbag.py:588} INFO - Filling up the DagBag from /opt/airflow/dags/load_to_dm.py
[2025-02-17T20:46:16.369+0000] {processor.py:925} INFO - DAG(s) 'analytics_for_salon' retrieved from /opt/airflow/dags/load_to_dm.py
[2025-02-17T20:46:16.384+0000] {logging_mixin.py:190} INFO - [2025-02-17T20:46:16.383+0000] {dag.py:3239} INFO - Sync 1 DAGs
[2025-02-17T20:46:16.409+0000] {logging_mixin.py:190} INFO - [2025-02-17T20:46:16.409+0000] {dag.py:4180} INFO - Setting next_dagrun for analytics_for_salon to 2025-01-01 00:00:00+00:00, run_after=2025-01-02 00:00:00+00:00
[2025-02-17T20:46:16.433+0000] {processor.py:208} INFO - Processing /opt/airflow/dags/load_to_dm.py took 0.120 seconds
[2025-02-17T20:46:47.346+0000] {processor.py:186} INFO - Started process (PID=426) to work on /opt/airflow/dags/load_to_dm.py
[2025-02-17T20:46:47.348+0000] {processor.py:914} INFO - Processing file /opt/airflow/dags/load_to_dm.py for tasks to queue
[2025-02-17T20:46:47.350+0000] {logging_mixin.py:190} INFO - [2025-02-17T20:46:47.350+0000] {dagbag.py:588} INFO - Filling up the DagBag from /opt/airflow/dags/load_to_dm.py
[2025-02-17T20:46:47.386+0000] {processor.py:925} INFO - DAG(s) 'analytics_for_salon' retrieved from /opt/airflow/dags/load_to_dm.py
[2025-02-17T20:46:47.396+0000] {logging_mixin.py:190} INFO - [2025-02-17T20:46:47.396+0000] {dag.py:3239} INFO - Sync 1 DAGs
[2025-02-17T20:46:47.415+0000] {logging_mixin.py:190} INFO - [2025-02-17T20:46:47.414+0000] {dag.py:4180} INFO - Setting next_dagrun for analytics_for_salon to 2025-01-01 00:00:00+00:00, run_after=2025-01-02 00:00:00+00:00
[2025-02-17T20:46:47.430+0000] {processor.py:208} INFO - Processing /opt/airflow/dags/load_to_dm.py took 0.089 seconds
[2025-02-17T20:52:31.056+0000] {processor.py:186} INFO - Started process (PID=59) to work on /opt/airflow/dags/load_to_dm.py
[2025-02-17T20:52:31.057+0000] {processor.py:914} INFO - Processing file /opt/airflow/dags/load_to_dm.py for tasks to queue
[2025-02-17T20:52:31.060+0000] {logging_mixin.py:190} INFO - [2025-02-17T20:52:31.059+0000] {dagbag.py:588} INFO - Filling up the DagBag from /opt/airflow/dags/load_to_dm.py
[2025-02-17T20:52:31.103+0000] {processor.py:925} INFO - DAG(s) 'analytics_for_salon' retrieved from /opt/airflow/dags/load_to_dm.py
[2025-02-17T20:52:31.135+0000] {logging_mixin.py:190} INFO - [2025-02-17T20:52:31.135+0000] {dag.py:3239} INFO - Sync 1 DAGs
[2025-02-17T20:52:31.160+0000] {logging_mixin.py:190} INFO - [2025-02-17T20:52:31.160+0000] {dag.py:4180} INFO - Setting next_dagrun for analytics_for_salon to 2025-01-01 00:00:00+00:00, run_after=2025-01-02 00:00:00+00:00
[2025-02-17T20:52:31.177+0000] {processor.py:208} INFO - Processing /opt/airflow/dags/load_to_dm.py took 0.126 seconds
[2025-02-17T20:53:01.358+0000] {processor.py:186} INFO - Started process (PID=123) to work on /opt/airflow/dags/load_to_dm.py
[2025-02-17T20:53:01.359+0000] {processor.py:914} INFO - Processing file /opt/airflow/dags/load_to_dm.py for tasks to queue
[2025-02-17T20:53:01.361+0000] {logging_mixin.py:190} INFO - [2025-02-17T20:53:01.361+0000] {dagbag.py:588} INFO - Filling up the DagBag from /opt/airflow/dags/load_to_dm.py
[2025-02-17T20:53:01.399+0000] {processor.py:925} INFO - DAG(s) 'analytics_for_salon' retrieved from /opt/airflow/dags/load_to_dm.py
[2025-02-17T20:53:01.410+0000] {logging_mixin.py:190} INFO - [2025-02-17T20:53:01.409+0000] {dag.py:3239} INFO - Sync 1 DAGs
[2025-02-17T20:53:01.429+0000] {logging_mixin.py:190} INFO - [2025-02-17T20:53:01.428+0000] {dag.py:4180} INFO - Setting next_dagrun for analytics_for_salon to 2025-01-01 00:00:00+00:00, run_after=2025-01-02 00:00:00+00:00
[2025-02-17T20:53:01.447+0000] {processor.py:208} INFO - Processing /opt/airflow/dags/load_to_dm.py took 0.094 seconds
[2025-02-17T20:53:31.967+0000] {processor.py:186} INFO - Started process (PID=189) to work on /opt/airflow/dags/load_to_dm.py
[2025-02-17T20:53:31.968+0000] {processor.py:914} INFO - Processing file /opt/airflow/dags/load_to_dm.py for tasks to queue
[2025-02-17T20:53:31.971+0000] {logging_mixin.py:190} INFO - [2025-02-17T20:53:31.970+0000] {dagbag.py:588} INFO - Filling up the DagBag from /opt/airflow/dags/load_to_dm.py
[2025-02-17T20:53:32.010+0000] {processor.py:925} INFO - DAG(s) 'analytics_for_salon' retrieved from /opt/airflow/dags/load_to_dm.py
[2025-02-17T20:53:32.022+0000] {logging_mixin.py:190} INFO - [2025-02-17T20:53:32.022+0000] {dag.py:3239} INFO - Sync 1 DAGs
[2025-02-17T20:53:32.041+0000] {logging_mixin.py:190} INFO - [2025-02-17T20:53:32.041+0000] {dag.py:4180} INFO - Setting next_dagrun for analytics_for_salon to 2025-01-01 00:00:00+00:00, run_after=2025-01-02 00:00:00+00:00
[2025-02-17T20:53:32.058+0000] {processor.py:208} INFO - Processing /opt/airflow/dags/load_to_dm.py took 0.097 seconds
[2025-02-17T20:54:02.145+0000] {processor.py:186} INFO - Started process (PID=254) to work on /opt/airflow/dags/load_to_dm.py
[2025-02-17T20:54:02.145+0000] {processor.py:914} INFO - Processing file /opt/airflow/dags/load_to_dm.py for tasks to queue
[2025-02-17T20:54:02.147+0000] {logging_mixin.py:190} INFO - [2025-02-17T20:54:02.147+0000] {dagbag.py:588} INFO - Filling up the DagBag from /opt/airflow/dags/load_to_dm.py
[2025-02-17T20:54:02.178+0000] {processor.py:925} INFO - DAG(s) 'analytics_for_salon' retrieved from /opt/airflow/dags/load_to_dm.py
[2025-02-17T20:54:02.189+0000] {logging_mixin.py:190} INFO - [2025-02-17T20:54:02.189+0000] {dag.py:3239} INFO - Sync 1 DAGs
[2025-02-17T20:54:02.206+0000] {logging_mixin.py:190} INFO - [2025-02-17T20:54:02.206+0000] {dag.py:4180} INFO - Setting next_dagrun for analytics_for_salon to 2025-01-01 00:00:00+00:00, run_after=2025-01-02 00:00:00+00:00
[2025-02-17T20:54:02.219+0000] {processor.py:208} INFO - Processing /opt/airflow/dags/load_to_dm.py took 0.079 seconds
[2025-02-17T20:54:32.715+0000] {processor.py:186} INFO - Started process (PID=319) to work on /opt/airflow/dags/load_to_dm.py
[2025-02-17T20:54:32.716+0000] {processor.py:914} INFO - Processing file /opt/airflow/dags/load_to_dm.py for tasks to queue
[2025-02-17T20:54:32.718+0000] {logging_mixin.py:190} INFO - [2025-02-17T20:54:32.717+0000] {dagbag.py:588} INFO - Filling up the DagBag from /opt/airflow/dags/load_to_dm.py
[2025-02-17T20:54:32.752+0000] {processor.py:925} INFO - DAG(s) 'analytics_for_salon' retrieved from /opt/airflow/dags/load_to_dm.py
[2025-02-17T20:54:32.762+0000] {logging_mixin.py:190} INFO - [2025-02-17T20:54:32.762+0000] {dag.py:3239} INFO - Sync 1 DAGs
[2025-02-17T20:54:32.783+0000] {logging_mixin.py:190} INFO - [2025-02-17T20:54:32.783+0000] {dag.py:4180} INFO - Setting next_dagrun for analytics_for_salon to 2025-01-01 00:00:00+00:00, run_after=2025-01-02 00:00:00+00:00
[2025-02-17T20:54:32.798+0000] {processor.py:208} INFO - Processing /opt/airflow/dags/load_to_dm.py took 0.088 seconds
[2025-02-17T20:55:03.186+0000] {processor.py:186} INFO - Started process (PID=384) to work on /opt/airflow/dags/load_to_dm.py
[2025-02-17T20:55:03.186+0000] {processor.py:914} INFO - Processing file /opt/airflow/dags/load_to_dm.py for tasks to queue
[2025-02-17T20:55:03.188+0000] {logging_mixin.py:190} INFO - [2025-02-17T20:55:03.188+0000] {dagbag.py:588} INFO - Filling up the DagBag from /opt/airflow/dags/load_to_dm.py
[2025-02-17T20:55:03.224+0000] {processor.py:925} INFO - DAG(s) 'analytics_for_salon' retrieved from /opt/airflow/dags/load_to_dm.py
[2025-02-17T20:55:03.234+0000] {logging_mixin.py:190} INFO - [2025-02-17T20:55:03.234+0000] {dag.py:3239} INFO - Sync 1 DAGs
[2025-02-17T20:55:03.252+0000] {logging_mixin.py:190} INFO - [2025-02-17T20:55:03.252+0000] {dag.py:4180} INFO - Setting next_dagrun for analytics_for_salon to 2025-01-01 00:00:00+00:00, run_after=2025-01-02 00:00:00+00:00
[2025-02-17T20:55:03.267+0000] {processor.py:208} INFO - Processing /opt/airflow/dags/load_to_dm.py took 0.088 seconds
[2025-02-17T20:55:33.340+0000] {processor.py:186} INFO - Started process (PID=449) to work on /opt/airflow/dags/load_to_dm.py
[2025-02-17T20:55:33.340+0000] {processor.py:914} INFO - Processing file /opt/airflow/dags/load_to_dm.py for tasks to queue
[2025-02-17T20:55:33.342+0000] {logging_mixin.py:190} INFO - [2025-02-17T20:55:33.342+0000] {dagbag.py:588} INFO - Filling up the DagBag from /opt/airflow/dags/load_to_dm.py
[2025-02-17T20:55:33.385+0000] {processor.py:925} INFO - DAG(s) 'analytics_for_salon' retrieved from /opt/airflow/dags/load_to_dm.py
[2025-02-17T20:55:33.399+0000] {logging_mixin.py:190} INFO - [2025-02-17T20:55:33.398+0000] {dag.py:3239} INFO - Sync 1 DAGs
[2025-02-17T20:55:33.419+0000] {logging_mixin.py:190} INFO - [2025-02-17T20:55:33.418+0000] {dag.py:4180} INFO - Setting next_dagrun for analytics_for_salon to 2025-01-01 00:00:00+00:00, run_after=2025-01-02 00:00:00+00:00
[2025-02-17T20:55:33.435+0000] {processor.py:208} INFO - Processing /opt/airflow/dags/load_to_dm.py took 0.101 seconds
[2025-02-17T20:56:04.316+0000] {processor.py:186} INFO - Started process (PID=514) to work on /opt/airflow/dags/load_to_dm.py
[2025-02-17T20:56:04.316+0000] {processor.py:914} INFO - Processing file /opt/airflow/dags/load_to_dm.py for tasks to queue
[2025-02-17T20:56:04.319+0000] {logging_mixin.py:190} INFO - [2025-02-17T20:56:04.319+0000] {dagbag.py:588} INFO - Filling up the DagBag from /opt/airflow/dags/load_to_dm.py
[2025-02-17T20:56:04.362+0000] {processor.py:925} INFO - DAG(s) 'analytics_for_salon' retrieved from /opt/airflow/dags/load_to_dm.py
[2025-02-17T20:56:04.374+0000] {logging_mixin.py:190} INFO - [2025-02-17T20:56:04.373+0000] {dag.py:3239} INFO - Sync 1 DAGs
[2025-02-17T20:56:04.393+0000] {logging_mixin.py:190} INFO - [2025-02-17T20:56:04.393+0000] {dag.py:4180} INFO - Setting next_dagrun for analytics_for_salon to 2025-01-01 00:00:00+00:00, run_after=2025-01-02 00:00:00+00:00
[2025-02-17T20:56:04.410+0000] {processor.py:208} INFO - Processing /opt/airflow/dags/load_to_dm.py took 0.100 seconds
[2025-02-17T20:56:35.088+0000] {processor.py:186} INFO - Started process (PID=579) to work on /opt/airflow/dags/load_to_dm.py
[2025-02-17T20:56:35.089+0000] {processor.py:914} INFO - Processing file /opt/airflow/dags/load_to_dm.py for tasks to queue
[2025-02-17T20:56:35.091+0000] {logging_mixin.py:190} INFO - [2025-02-17T20:56:35.090+0000] {dagbag.py:588} INFO - Filling up the DagBag from /opt/airflow/dags/load_to_dm.py
[2025-02-17T20:56:35.129+0000] {processor.py:925} INFO - DAG(s) 'analytics_for_salon' retrieved from /opt/airflow/dags/load_to_dm.py
[2025-02-17T20:56:35.140+0000] {logging_mixin.py:190} INFO - [2025-02-17T20:56:35.140+0000] {dag.py:3239} INFO - Sync 1 DAGs
[2025-02-17T20:56:35.158+0000] {logging_mixin.py:190} INFO - [2025-02-17T20:56:35.158+0000] {dag.py:4180} INFO - Setting next_dagrun for analytics_for_salon to 2025-01-01 00:00:00+00:00, run_after=2025-01-02 00:00:00+00:00
[2025-02-17T20:56:35.174+0000] {processor.py:208} INFO - Processing /opt/airflow/dags/load_to_dm.py took 0.091 seconds
[2025-02-17T20:57:05.202+0000] {processor.py:186} INFO - Started process (PID=643) to work on /opt/airflow/dags/load_to_dm.py
[2025-02-17T20:57:05.203+0000] {processor.py:914} INFO - Processing file /opt/airflow/dags/load_to_dm.py for tasks to queue
[2025-02-17T20:57:05.205+0000] {logging_mixin.py:190} INFO - [2025-02-17T20:57:05.205+0000] {dagbag.py:588} INFO - Filling up the DagBag from /opt/airflow/dags/load_to_dm.py
[2025-02-17T20:57:05.241+0000] {processor.py:925} INFO - DAG(s) 'analytics_for_salon' retrieved from /opt/airflow/dags/load_to_dm.py
[2025-02-17T20:57:05.253+0000] {logging_mixin.py:190} INFO - [2025-02-17T20:57:05.253+0000] {dag.py:3239} INFO - Sync 1 DAGs
[2025-02-17T20:57:05.272+0000] {logging_mixin.py:190} INFO - [2025-02-17T20:57:05.271+0000] {dag.py:4180} INFO - Setting next_dagrun for analytics_for_salon to 2025-01-01 00:00:00+00:00, run_after=2025-01-02 00:00:00+00:00
[2025-02-17T20:57:05.286+0000] {processor.py:208} INFO - Processing /opt/airflow/dags/load_to_dm.py took 0.089 seconds
[2025-02-17T20:57:35.833+0000] {processor.py:186} INFO - Started process (PID=710) to work on /opt/airflow/dags/load_to_dm.py
[2025-02-17T20:57:35.833+0000] {processor.py:914} INFO - Processing file /opt/airflow/dags/load_to_dm.py for tasks to queue
[2025-02-17T20:57:35.835+0000] {logging_mixin.py:190} INFO - [2025-02-17T20:57:35.835+0000] {dagbag.py:588} INFO - Filling up the DagBag from /opt/airflow/dags/load_to_dm.py
[2025-02-17T20:57:35.872+0000] {processor.py:925} INFO - DAG(s) 'analytics_for_salon' retrieved from /opt/airflow/dags/load_to_dm.py
[2025-02-17T20:57:35.883+0000] {logging_mixin.py:190} INFO - [2025-02-17T20:57:35.882+0000] {dag.py:3239} INFO - Sync 1 DAGs
[2025-02-17T20:57:35.900+0000] {logging_mixin.py:190} INFO - [2025-02-17T20:57:35.900+0000] {dag.py:4180} INFO - Setting next_dagrun for analytics_for_salon to 2025-01-01 00:00:00+00:00, run_after=2025-01-02 00:00:00+00:00
[2025-02-17T20:57:35.914+0000] {processor.py:208} INFO - Processing /opt/airflow/dags/load_to_dm.py took 0.086 seconds
[2025-02-17T20:58:06.168+0000] {processor.py:186} INFO - Started process (PID=776) to work on /opt/airflow/dags/load_to_dm.py
[2025-02-17T20:58:06.169+0000] {processor.py:914} INFO - Processing file /opt/airflow/dags/load_to_dm.py for tasks to queue
[2025-02-17T20:58:06.171+0000] {logging_mixin.py:190} INFO - [2025-02-17T20:58:06.170+0000] {dagbag.py:588} INFO - Filling up the DagBag from /opt/airflow/dags/load_to_dm.py
[2025-02-17T20:58:06.209+0000] {processor.py:925} INFO - DAG(s) 'analytics_for_salon' retrieved from /opt/airflow/dags/load_to_dm.py
[2025-02-17T20:58:06.219+0000] {logging_mixin.py:190} INFO - [2025-02-17T20:58:06.219+0000] {dag.py:3239} INFO - Sync 1 DAGs
[2025-02-17T20:58:06.238+0000] {logging_mixin.py:190} INFO - [2025-02-17T20:58:06.237+0000] {dag.py:4180} INFO - Setting next_dagrun for analytics_for_salon to 2025-01-01 00:00:00+00:00, run_after=2025-01-02 00:00:00+00:00
[2025-02-17T20:58:06.252+0000] {processor.py:208} INFO - Processing /opt/airflow/dags/load_to_dm.py took 0.089 seconds
[2025-02-17T20:58:36.551+0000] {processor.py:186} INFO - Started process (PID=843) to work on /opt/airflow/dags/load_to_dm.py
[2025-02-17T20:58:36.552+0000] {processor.py:914} INFO - Processing file /opt/airflow/dags/load_to_dm.py for tasks to queue
[2025-02-17T20:58:36.553+0000] {logging_mixin.py:190} INFO - [2025-02-17T20:58:36.553+0000] {dagbag.py:588} INFO - Filling up the DagBag from /opt/airflow/dags/load_to_dm.py
[2025-02-17T20:58:36.584+0000] {processor.py:925} INFO - DAG(s) 'analytics_for_salon' retrieved from /opt/airflow/dags/load_to_dm.py
[2025-02-17T20:58:36.595+0000] {logging_mixin.py:190} INFO - [2025-02-17T20:58:36.595+0000] {dag.py:3239} INFO - Sync 1 DAGs
[2025-02-17T20:58:36.617+0000] {logging_mixin.py:190} INFO - [2025-02-17T20:58:36.617+0000] {dag.py:4180} INFO - Setting next_dagrun for analytics_for_salon to 2025-01-01 00:00:00+00:00, run_after=2025-01-02 00:00:00+00:00
[2025-02-17T20:58:36.633+0000] {processor.py:208} INFO - Processing /opt/airflow/dags/load_to_dm.py took 0.087 seconds
[2025-02-17T20:59:06.870+0000] {processor.py:186} INFO - Started process (PID=909) to work on /opt/airflow/dags/load_to_dm.py
[2025-02-17T20:59:06.871+0000] {processor.py:914} INFO - Processing file /opt/airflow/dags/load_to_dm.py for tasks to queue
[2025-02-17T20:59:06.873+0000] {logging_mixin.py:190} INFO - [2025-02-17T20:59:06.873+0000] {dagbag.py:588} INFO - Filling up the DagBag from /opt/airflow/dags/load_to_dm.py
[2025-02-17T20:59:06.922+0000] {processor.py:925} INFO - DAG(s) 'analytics_for_salon' retrieved from /opt/airflow/dags/load_to_dm.py
[2025-02-17T20:59:06.934+0000] {logging_mixin.py:190} INFO - [2025-02-17T20:59:06.934+0000] {dag.py:3239} INFO - Sync 1 DAGs
[2025-02-17T20:59:06.955+0000] {logging_mixin.py:190} INFO - [2025-02-17T20:59:06.955+0000] {dag.py:4180} INFO - Setting next_dagrun for analytics_for_salon to 2025-01-01 00:00:00+00:00, run_after=2025-01-02 00:00:00+00:00
[2025-02-17T20:59:06.970+0000] {processor.py:208} INFO - Processing /opt/airflow/dags/load_to_dm.py took 0.105 seconds
[2025-02-17T20:59:37.022+0000] {processor.py:186} INFO - Started process (PID=974) to work on /opt/airflow/dags/load_to_dm.py
[2025-02-17T20:59:37.023+0000] {processor.py:914} INFO - Processing file /opt/airflow/dags/load_to_dm.py for tasks to queue
[2025-02-17T20:59:37.025+0000] {logging_mixin.py:190} INFO - [2025-02-17T20:59:37.024+0000] {dagbag.py:588} INFO - Filling up the DagBag from /opt/airflow/dags/load_to_dm.py
[2025-02-17T20:59:37.058+0000] {processor.py:925} INFO - DAG(s) 'analytics_for_salon' retrieved from /opt/airflow/dags/load_to_dm.py
[2025-02-17T20:59:37.068+0000] {logging_mixin.py:190} INFO - [2025-02-17T20:59:37.067+0000] {dag.py:3239} INFO - Sync 1 DAGs
[2025-02-17T20:59:37.086+0000] {logging_mixin.py:190} INFO - [2025-02-17T20:59:37.086+0000] {dag.py:4180} INFO - Setting next_dagrun for analytics_for_salon to 2025-01-01 00:00:00+00:00, run_after=2025-01-02 00:00:00+00:00
[2025-02-17T20:59:37.100+0000] {processor.py:208} INFO - Processing /opt/airflow/dags/load_to_dm.py took 0.082 seconds
[2025-02-17T21:00:07.629+0000] {processor.py:186} INFO - Started process (PID=1041) to work on /opt/airflow/dags/load_to_dm.py
[2025-02-17T21:00:07.630+0000] {processor.py:914} INFO - Processing file /opt/airflow/dags/load_to_dm.py for tasks to queue
[2025-02-17T21:00:07.631+0000] {logging_mixin.py:190} INFO - [2025-02-17T21:00:07.631+0000] {dagbag.py:588} INFO - Filling up the DagBag from /opt/airflow/dags/load_to_dm.py
[2025-02-17T21:00:07.662+0000] {processor.py:925} INFO - DAG(s) 'analytics_for_salon' retrieved from /opt/airflow/dags/load_to_dm.py
[2025-02-17T21:00:07.672+0000] {logging_mixin.py:190} INFO - [2025-02-17T21:00:07.672+0000] {dag.py:3239} INFO - Sync 1 DAGs
[2025-02-17T21:00:07.691+0000] {logging_mixin.py:190} INFO - [2025-02-17T21:00:07.691+0000] {dag.py:4180} INFO - Setting next_dagrun for analytics_for_salon to 2025-01-01 00:00:00+00:00, run_after=2025-01-02 00:00:00+00:00
[2025-02-17T21:00:07.711+0000] {processor.py:208} INFO - Processing /opt/airflow/dags/load_to_dm.py took 0.087 seconds
[2025-02-17T21:00:38.001+0000] {processor.py:186} INFO - Started process (PID=1107) to work on /opt/airflow/dags/load_to_dm.py
[2025-02-17T21:00:38.005+0000] {processor.py:914} INFO - Processing file /opt/airflow/dags/load_to_dm.py for tasks to queue
[2025-02-17T21:00:38.009+0000] {logging_mixin.py:190} INFO - [2025-02-17T21:00:38.008+0000] {dagbag.py:588} INFO - Filling up the DagBag from /opt/airflow/dags/load_to_dm.py
[2025-02-17T21:00:38.058+0000] {processor.py:925} INFO - DAG(s) 'analytics_for_salon' retrieved from /opt/airflow/dags/load_to_dm.py
[2025-02-17T21:00:38.074+0000] {logging_mixin.py:190} INFO - [2025-02-17T21:00:38.074+0000] {dag.py:3239} INFO - Sync 1 DAGs
[2025-02-17T21:00:38.100+0000] {logging_mixin.py:190} INFO - [2025-02-17T21:00:38.100+0000] {dag.py:4180} INFO - Setting next_dagrun for analytics_for_salon to 2025-01-01 00:00:00+00:00, run_after=2025-01-02 00:00:00+00:00
[2025-02-17T21:00:38.119+0000] {processor.py:208} INFO - Processing /opt/airflow/dags/load_to_dm.py took 0.124 seconds
[2025-02-17T21:01:08.472+0000] {processor.py:186} INFO - Started process (PID=1173) to work on /opt/airflow/dags/load_to_dm.py
[2025-02-17T21:01:08.473+0000] {processor.py:914} INFO - Processing file /opt/airflow/dags/load_to_dm.py for tasks to queue
[2025-02-17T21:01:08.475+0000] {logging_mixin.py:190} INFO - [2025-02-17T21:01:08.475+0000] {dagbag.py:588} INFO - Filling up the DagBag from /opt/airflow/dags/load_to_dm.py
[2025-02-17T21:01:08.504+0000] {processor.py:925} INFO - DAG(s) 'analytics_for_salon' retrieved from /opt/airflow/dags/load_to_dm.py
[2025-02-17T21:01:08.514+0000] {logging_mixin.py:190} INFO - [2025-02-17T21:01:08.514+0000] {dag.py:3239} INFO - Sync 1 DAGs
[2025-02-17T21:01:08.531+0000] {logging_mixin.py:190} INFO - [2025-02-17T21:01:08.531+0000] {dag.py:4180} INFO - Setting next_dagrun for analytics_for_salon to 2025-01-01 00:00:00+00:00, run_after=2025-01-02 00:00:00+00:00
[2025-02-17T21:01:08.544+0000] {processor.py:208} INFO - Processing /opt/airflow/dags/load_to_dm.py took 0.077 seconds
[2025-02-17T21:01:38.827+0000] {processor.py:186} INFO - Started process (PID=1239) to work on /opt/airflow/dags/load_to_dm.py
[2025-02-17T21:01:38.827+0000] {processor.py:914} INFO - Processing file /opt/airflow/dags/load_to_dm.py for tasks to queue
[2025-02-17T21:01:38.829+0000] {logging_mixin.py:190} INFO - [2025-02-17T21:01:38.829+0000] {dagbag.py:588} INFO - Filling up the DagBag from /opt/airflow/dags/load_to_dm.py
[2025-02-17T21:01:38.864+0000] {processor.py:925} INFO - DAG(s) 'analytics_for_salon' retrieved from /opt/airflow/dags/load_to_dm.py
[2025-02-17T21:01:38.875+0000] {logging_mixin.py:190} INFO - [2025-02-17T21:01:38.875+0000] {dag.py:3239} INFO - Sync 1 DAGs
[2025-02-17T21:01:38.897+0000] {logging_mixin.py:190} INFO - [2025-02-17T21:01:38.897+0000] {dag.py:4180} INFO - Setting next_dagrun for analytics_for_salon to 2025-01-01 00:00:00+00:00, run_after=2025-01-02 00:00:00+00:00
[2025-02-17T21:01:38.913+0000] {processor.py:208} INFO - Processing /opt/airflow/dags/load_to_dm.py took 0.091 seconds
[2025-02-17T21:02:09.044+0000] {processor.py:186} INFO - Started process (PID=1305) to work on /opt/airflow/dags/load_to_dm.py
[2025-02-17T21:02:09.045+0000] {processor.py:914} INFO - Processing file /opt/airflow/dags/load_to_dm.py for tasks to queue
[2025-02-17T21:02:09.047+0000] {logging_mixin.py:190} INFO - [2025-02-17T21:02:09.046+0000] {dagbag.py:588} INFO - Filling up the DagBag from /opt/airflow/dags/load_to_dm.py
[2025-02-17T21:02:09.081+0000] {processor.py:925} INFO - DAG(s) 'analytics_for_salon' retrieved from /opt/airflow/dags/load_to_dm.py
[2025-02-17T21:02:09.091+0000] {logging_mixin.py:190} INFO - [2025-02-17T21:02:09.091+0000] {dag.py:3239} INFO - Sync 1 DAGs
[2025-02-17T21:02:09.128+0000] {logging_mixin.py:190} INFO - [2025-02-17T21:02:09.127+0000] {dag.py:4180} INFO - Setting next_dagrun for analytics_for_salon to 2025-01-01 00:00:00+00:00, run_after=2025-01-02 00:00:00+00:00
[2025-02-17T21:02:09.158+0000] {processor.py:208} INFO - Processing /opt/airflow/dags/load_to_dm.py took 0.120 seconds
[2025-02-17T21:02:39.584+0000] {processor.py:186} INFO - Started process (PID=1372) to work on /opt/airflow/dags/load_to_dm.py
[2025-02-17T21:02:39.585+0000] {processor.py:914} INFO - Processing file /opt/airflow/dags/load_to_dm.py for tasks to queue
[2025-02-17T21:02:39.586+0000] {logging_mixin.py:190} INFO - [2025-02-17T21:02:39.586+0000] {dagbag.py:588} INFO - Filling up the DagBag from /opt/airflow/dags/load_to_dm.py
[2025-02-17T21:02:39.627+0000] {processor.py:925} INFO - DAG(s) 'analytics_for_salon' retrieved from /opt/airflow/dags/load_to_dm.py
[2025-02-17T21:02:39.638+0000] {logging_mixin.py:190} INFO - [2025-02-17T21:02:39.638+0000] {dag.py:3239} INFO - Sync 1 DAGs
[2025-02-17T21:02:39.662+0000] {logging_mixin.py:190} INFO - [2025-02-17T21:02:39.662+0000] {dag.py:4180} INFO - Setting next_dagrun for analytics_for_salon to 2025-01-01 00:00:00+00:00, run_after=2025-01-02 00:00:00+00:00
[2025-02-17T21:02:39.681+0000] {processor.py:208} INFO - Processing /opt/airflow/dags/load_to_dm.py took 0.102 seconds
[2025-02-17T21:02:44.660+0000] {processor.py:186} INFO - Started process (PID=1397) to work on /opt/airflow/dags/load_to_dm.py
[2025-02-17T21:02:44.661+0000] {processor.py:914} INFO - Processing file /opt/airflow/dags/load_to_dm.py for tasks to queue
[2025-02-17T21:02:44.663+0000] {logging_mixin.py:190} INFO - [2025-02-17T21:02:44.663+0000] {dagbag.py:588} INFO - Filling up the DagBag from /opt/airflow/dags/load_to_dm.py
[2025-02-17T21:02:44.698+0000] {processor.py:925} INFO - DAG(s) 'analytics_for_salon' retrieved from /opt/airflow/dags/load_to_dm.py
[2025-02-17T21:02:44.785+0000] {logging_mixin.py:190} INFO - [2025-02-17T21:02:44.784+0000] {dag.py:3239} INFO - Sync 1 DAGs
[2025-02-17T21:02:44.802+0000] {logging_mixin.py:190} INFO - [2025-02-17T21:02:44.802+0000] {dag.py:4180} INFO - Setting next_dagrun for analytics_for_salon to 2025-01-01 00:00:00+00:00, run_after=2025-01-02 00:00:00+00:00
[2025-02-17T21:02:44.820+0000] {processor.py:208} INFO - Processing /opt/airflow/dags/load_to_dm.py took 0.165 seconds
[2025-02-17T21:03:15.460+0000] {processor.py:186} INFO - Started process (PID=1463) to work on /opt/airflow/dags/load_to_dm.py
[2025-02-17T21:03:15.461+0000] {processor.py:914} INFO - Processing file /opt/airflow/dags/load_to_dm.py for tasks to queue
[2025-02-17T21:03:15.464+0000] {logging_mixin.py:190} INFO - [2025-02-17T21:03:15.463+0000] {dagbag.py:588} INFO - Filling up the DagBag from /opt/airflow/dags/load_to_dm.py
[2025-02-17T21:03:15.496+0000] {processor.py:925} INFO - DAG(s) 'analytics_for_salon' retrieved from /opt/airflow/dags/load_to_dm.py
[2025-02-17T21:03:15.508+0000] {logging_mixin.py:190} INFO - [2025-02-17T21:03:15.508+0000] {dag.py:3239} INFO - Sync 1 DAGs
[2025-02-17T21:03:15.532+0000] {logging_mixin.py:190} INFO - [2025-02-17T21:03:15.531+0000] {dag.py:4180} INFO - Setting next_dagrun for analytics_for_salon to 2025-01-01 00:00:00+00:00, run_after=2025-01-02 00:00:00+00:00
[2025-02-17T21:03:15.550+0000] {processor.py:208} INFO - Processing /opt/airflow/dags/load_to_dm.py took 0.095 seconds
[2025-02-17T21:03:46.436+0000] {processor.py:186} INFO - Started process (PID=1528) to work on /opt/airflow/dags/load_to_dm.py
[2025-02-17T21:03:46.436+0000] {processor.py:914} INFO - Processing file /opt/airflow/dags/load_to_dm.py for tasks to queue
[2025-02-17T21:03:46.438+0000] {logging_mixin.py:190} INFO - [2025-02-17T21:03:46.438+0000] {dagbag.py:588} INFO - Filling up the DagBag from /opt/airflow/dags/load_to_dm.py
[2025-02-17T21:03:46.466+0000] {processor.py:925} INFO - DAG(s) 'analytics_for_salon' retrieved from /opt/airflow/dags/load_to_dm.py
[2025-02-17T21:03:46.474+0000] {logging_mixin.py:190} INFO - [2025-02-17T21:03:46.474+0000] {dag.py:3239} INFO - Sync 1 DAGs
[2025-02-17T21:03:46.494+0000] {logging_mixin.py:190} INFO - [2025-02-17T21:03:46.494+0000] {dag.py:4180} INFO - Setting next_dagrun for analytics_for_salon to 2025-01-01 00:00:00+00:00, run_after=2025-01-02 00:00:00+00:00
[2025-02-17T21:03:46.509+0000] {processor.py:208} INFO - Processing /opt/airflow/dags/load_to_dm.py took 0.078 seconds
[2025-02-17T21:04:17.355+0000] {processor.py:186} INFO - Started process (PID=1594) to work on /opt/airflow/dags/load_to_dm.py
[2025-02-17T21:04:17.355+0000] {processor.py:914} INFO - Processing file /opt/airflow/dags/load_to_dm.py for tasks to queue
[2025-02-17T21:04:17.358+0000] {logging_mixin.py:190} INFO - [2025-02-17T21:04:17.357+0000] {dagbag.py:588} INFO - Filling up the DagBag from /opt/airflow/dags/load_to_dm.py
[2025-02-17T21:04:17.412+0000] {processor.py:925} INFO - DAG(s) 'analytics_for_salon' retrieved from /opt/airflow/dags/load_to_dm.py
[2025-02-17T21:04:17.433+0000] {logging_mixin.py:190} INFO - [2025-02-17T21:04:17.432+0000] {dag.py:3239} INFO - Sync 1 DAGs
[2025-02-17T21:04:17.453+0000] {logging_mixin.py:190} INFO - [2025-02-17T21:04:17.453+0000] {dag.py:4180} INFO - Setting next_dagrun for analytics_for_salon to 2025-01-01 00:00:00+00:00, run_after=2025-01-02 00:00:00+00:00
[2025-02-17T21:04:17.465+0000] {processor.py:208} INFO - Processing /opt/airflow/dags/load_to_dm.py took 0.116 seconds
