[2025-02-18T12:58:17.306+0000] {processor.py:186} INFO - Started process (PID=66) to work on /opt/airflow/dags/dag_load_to_stg.py
[2025-02-18T12:58:17.306+0000] {processor.py:914} INFO - Processing file /opt/airflow/dags/dag_load_to_stg.py for tasks to queue
[2025-02-18T12:58:17.308+0000] {logging_mixin.py:190} INFO - [2025-02-18T12:58:17.308+0000] {dagbag.py:588} INFO - Filling up the DagBag from /opt/airflow/dags/dag_load_to_stg.py
[2025-02-18T12:58:17.355+0000] {processor.py:925} INFO - DAG(s) 'mongo_to_postgres' retrieved from /opt/airflow/dags/dag_load_to_stg.py
[2025-02-18T12:58:17.372+0000] {logging_mixin.py:190} INFO - [2025-02-18T12:58:17.371+0000] {dag.py:3239} INFO - Sync 1 DAGs
[2025-02-18T12:58:17.388+0000] {logging_mixin.py:190} INFO - [2025-02-18T12:58:17.388+0000] {dag.py:4180} INFO - Setting next_dagrun for mongo_to_postgres to 2025-02-18 11:00:00+00:00, run_after=2025-02-18 12:00:00+00:00
[2025-02-18T12:58:17.399+0000] {processor.py:208} INFO - Processing /opt/airflow/dags/dag_load_to_stg.py took 0.097 seconds
[2025-02-18T12:58:47.696+0000] {processor.py:186} INFO - Started process (PID=132) to work on /opt/airflow/dags/dag_load_to_stg.py
[2025-02-18T12:58:47.697+0000] {processor.py:914} INFO - Processing file /opt/airflow/dags/dag_load_to_stg.py for tasks to queue
[2025-02-18T12:58:47.699+0000] {logging_mixin.py:190} INFO - [2025-02-18T12:58:47.699+0000] {dagbag.py:588} INFO - Filling up the DagBag from /opt/airflow/dags/dag_load_to_stg.py
[2025-02-18T12:58:47.757+0000] {processor.py:925} INFO - DAG(s) 'mongo_to_postgres' retrieved from /opt/airflow/dags/dag_load_to_stg.py
[2025-02-18T12:58:47.771+0000] {logging_mixin.py:190} INFO - [2025-02-18T12:58:47.771+0000] {dag.py:3239} INFO - Sync 1 DAGs
[2025-02-18T12:58:47.791+0000] {logging_mixin.py:190} INFO - [2025-02-18T12:58:47.791+0000] {dag.py:4180} INFO - Setting next_dagrun for mongo_to_postgres to 2025-02-18 11:00:00+00:00, run_after=2025-02-18 12:00:00+00:00
[2025-02-18T12:58:47.807+0000] {processor.py:208} INFO - Processing /opt/airflow/dags/dag_load_to_stg.py took 0.115 seconds
[2025-02-18T12:59:18.547+0000] {processor.py:186} INFO - Started process (PID=198) to work on /opt/airflow/dags/dag_load_to_stg.py
[2025-02-18T12:59:18.548+0000] {processor.py:914} INFO - Processing file /opt/airflow/dags/dag_load_to_stg.py for tasks to queue
[2025-02-18T12:59:18.550+0000] {logging_mixin.py:190} INFO - [2025-02-18T12:59:18.550+0000] {dagbag.py:588} INFO - Filling up the DagBag from /opt/airflow/dags/dag_load_to_stg.py
[2025-02-18T12:59:18.603+0000] {processor.py:925} INFO - DAG(s) 'mongo_to_postgres' retrieved from /opt/airflow/dags/dag_load_to_stg.py
[2025-02-18T12:59:18.616+0000] {logging_mixin.py:190} INFO - [2025-02-18T12:59:18.616+0000] {dag.py:3239} INFO - Sync 1 DAGs
[2025-02-18T12:59:18.640+0000] {logging_mixin.py:190} INFO - [2025-02-18T12:59:18.639+0000] {dag.py:4180} INFO - Setting next_dagrun for mongo_to_postgres to 2025-02-18 11:00:00+00:00, run_after=2025-02-18 12:00:00+00:00
[2025-02-18T12:59:18.654+0000] {processor.py:208} INFO - Processing /opt/airflow/dags/dag_load_to_stg.py took 0.111 seconds
[2025-02-18T12:59:49.568+0000] {processor.py:186} INFO - Started process (PID=264) to work on /opt/airflow/dags/dag_load_to_stg.py
[2025-02-18T12:59:49.569+0000] {processor.py:914} INFO - Processing file /opt/airflow/dags/dag_load_to_stg.py for tasks to queue
[2025-02-18T12:59:49.570+0000] {logging_mixin.py:190} INFO - [2025-02-18T12:59:49.570+0000] {dagbag.py:588} INFO - Filling up the DagBag from /opt/airflow/dags/dag_load_to_stg.py
[2025-02-18T12:59:49.619+0000] {processor.py:925} INFO - DAG(s) 'mongo_to_postgres' retrieved from /opt/airflow/dags/dag_load_to_stg.py
[2025-02-18T12:59:49.633+0000] {logging_mixin.py:190} INFO - [2025-02-18T12:59:49.632+0000] {dag.py:3239} INFO - Sync 1 DAGs
[2025-02-18T12:59:49.650+0000] {logging_mixin.py:190} INFO - [2025-02-18T12:59:49.650+0000] {dag.py:4180} INFO - Setting next_dagrun for mongo_to_postgres to 2025-02-18 11:00:00+00:00, run_after=2025-02-18 12:00:00+00:00
[2025-02-18T12:59:49.662+0000] {processor.py:208} INFO - Processing /opt/airflow/dags/dag_load_to_stg.py took 0.099 seconds
[2025-02-18T13:00:19.814+0000] {processor.py:186} INFO - Started process (PID=330) to work on /opt/airflow/dags/dag_load_to_stg.py
[2025-02-18T13:00:19.814+0000] {processor.py:914} INFO - Processing file /opt/airflow/dags/dag_load_to_stg.py for tasks to queue
[2025-02-18T13:00:19.816+0000] {logging_mixin.py:190} INFO - [2025-02-18T13:00:19.816+0000] {dagbag.py:588} INFO - Filling up the DagBag from /opt/airflow/dags/dag_load_to_stg.py
[2025-02-18T13:00:19.868+0000] {processor.py:925} INFO - DAG(s) 'mongo_to_postgres' retrieved from /opt/airflow/dags/dag_load_to_stg.py
[2025-02-18T13:00:19.880+0000] {logging_mixin.py:190} INFO - [2025-02-18T13:00:19.880+0000] {dag.py:3239} INFO - Sync 1 DAGs
[2025-02-18T13:00:19.897+0000] {logging_mixin.py:190} INFO - [2025-02-18T13:00:19.897+0000] {dag.py:4180} INFO - Setting next_dagrun for mongo_to_postgres to 2025-02-18 12:00:00+00:00, run_after=2025-02-18 13:00:00+00:00
[2025-02-18T13:00:19.909+0000] {processor.py:208} INFO - Processing /opt/airflow/dags/dag_load_to_stg.py took 0.100 seconds
[2025-02-18T13:00:50.877+0000] {processor.py:186} INFO - Started process (PID=396) to work on /opt/airflow/dags/dag_load_to_stg.py
[2025-02-18T13:00:50.878+0000] {processor.py:914} INFO - Processing file /opt/airflow/dags/dag_load_to_stg.py for tasks to queue
[2025-02-18T13:00:50.880+0000] {logging_mixin.py:190} INFO - [2025-02-18T13:00:50.879+0000] {dagbag.py:588} INFO - Filling up the DagBag from /opt/airflow/dags/dag_load_to_stg.py
[2025-02-18T13:00:50.929+0000] {processor.py:925} INFO - DAG(s) 'mongo_to_postgres' retrieved from /opt/airflow/dags/dag_load_to_stg.py
[2025-02-18T13:00:50.941+0000] {logging_mixin.py:190} INFO - [2025-02-18T13:00:50.941+0000] {dag.py:3239} INFO - Sync 1 DAGs
[2025-02-18T13:00:50.957+0000] {logging_mixin.py:190} INFO - [2025-02-18T13:00:50.957+0000] {dag.py:4180} INFO - Setting next_dagrun for mongo_to_postgres to 2025-02-18 12:00:00+00:00, run_after=2025-02-18 13:00:00+00:00
[2025-02-18T13:00:50.969+0000] {processor.py:208} INFO - Processing /opt/airflow/dags/dag_load_to_stg.py took 0.096 seconds
[2025-02-18T13:01:21.630+0000] {processor.py:186} INFO - Started process (PID=462) to work on /opt/airflow/dags/dag_load_to_stg.py
[2025-02-18T13:01:21.630+0000] {processor.py:914} INFO - Processing file /opt/airflow/dags/dag_load_to_stg.py for tasks to queue
[2025-02-18T13:01:21.632+0000] {logging_mixin.py:190} INFO - [2025-02-18T13:01:21.632+0000] {dagbag.py:588} INFO - Filling up the DagBag from /opt/airflow/dags/dag_load_to_stg.py
[2025-02-18T13:01:21.679+0000] {processor.py:925} INFO - DAG(s) 'mongo_to_postgres' retrieved from /opt/airflow/dags/dag_load_to_stg.py
[2025-02-18T13:01:21.691+0000] {logging_mixin.py:190} INFO - [2025-02-18T13:01:21.691+0000] {dag.py:3239} INFO - Sync 1 DAGs
[2025-02-18T13:01:21.707+0000] {logging_mixin.py:190} INFO - [2025-02-18T13:01:21.707+0000] {dag.py:4180} INFO - Setting next_dagrun for mongo_to_postgres to 2025-02-18 12:00:00+00:00, run_after=2025-02-18 13:00:00+00:00
[2025-02-18T13:01:21.719+0000] {processor.py:208} INFO - Processing /opt/airflow/dags/dag_load_to_stg.py took 0.094 seconds
[2025-02-18T13:01:51.842+0000] {processor.py:186} INFO - Started process (PID=528) to work on /opt/airflow/dags/dag_load_to_stg.py
[2025-02-18T13:01:51.843+0000] {processor.py:914} INFO - Processing file /opt/airflow/dags/dag_load_to_stg.py for tasks to queue
[2025-02-18T13:01:51.845+0000] {logging_mixin.py:190} INFO - [2025-02-18T13:01:51.845+0000] {dagbag.py:588} INFO - Filling up the DagBag from /opt/airflow/dags/dag_load_to_stg.py
[2025-02-18T13:01:51.901+0000] {processor.py:925} INFO - DAG(s) 'mongo_to_postgres' retrieved from /opt/airflow/dags/dag_load_to_stg.py
[2025-02-18T13:01:51.916+0000] {logging_mixin.py:190} INFO - [2025-02-18T13:01:51.916+0000] {dag.py:3239} INFO - Sync 1 DAGs
[2025-02-18T13:01:51.940+0000] {logging_mixin.py:190} INFO - [2025-02-18T13:01:51.939+0000] {dag.py:4180} INFO - Setting next_dagrun for mongo_to_postgres to 2025-02-18 12:00:00+00:00, run_after=2025-02-18 13:00:00+00:00
[2025-02-18T13:01:51.969+0000] {processor.py:208} INFO - Processing /opt/airflow/dags/dag_load_to_stg.py took 0.131 seconds
[2025-02-18T13:02:22.427+0000] {processor.py:186} INFO - Started process (PID=594) to work on /opt/airflow/dags/dag_load_to_stg.py
[2025-02-18T13:02:22.428+0000] {processor.py:914} INFO - Processing file /opt/airflow/dags/dag_load_to_stg.py for tasks to queue
[2025-02-18T13:02:22.430+0000] {logging_mixin.py:190} INFO - [2025-02-18T13:02:22.430+0000] {dagbag.py:588} INFO - Filling up the DagBag from /opt/airflow/dags/dag_load_to_stg.py
[2025-02-18T13:02:22.498+0000] {processor.py:925} INFO - DAG(s) 'mongo_to_postgres' retrieved from /opt/airflow/dags/dag_load_to_stg.py
[2025-02-18T13:02:22.512+0000] {logging_mixin.py:190} INFO - [2025-02-18T13:02:22.512+0000] {dag.py:3239} INFO - Sync 1 DAGs
[2025-02-18T13:02:22.531+0000] {logging_mixin.py:190} INFO - [2025-02-18T13:02:22.531+0000] {dag.py:4180} INFO - Setting next_dagrun for mongo_to_postgres to 2025-02-18 12:00:00+00:00, run_after=2025-02-18 13:00:00+00:00
[2025-02-18T13:02:22.547+0000] {processor.py:208} INFO - Processing /opt/airflow/dags/dag_load_to_stg.py took 0.128 seconds
[2025-02-18T13:02:52.844+0000] {processor.py:186} INFO - Started process (PID=660) to work on /opt/airflow/dags/dag_load_to_stg.py
[2025-02-18T13:02:52.844+0000] {processor.py:914} INFO - Processing file /opt/airflow/dags/dag_load_to_stg.py for tasks to queue
[2025-02-18T13:02:52.846+0000] {logging_mixin.py:190} INFO - [2025-02-18T13:02:52.846+0000] {dagbag.py:588} INFO - Filling up the DagBag from /opt/airflow/dags/dag_load_to_stg.py
[2025-02-18T13:02:52.895+0000] {processor.py:925} INFO - DAG(s) 'mongo_to_postgres' retrieved from /opt/airflow/dags/dag_load_to_stg.py
[2025-02-18T13:02:52.909+0000] {logging_mixin.py:190} INFO - [2025-02-18T13:02:52.909+0000] {dag.py:3239} INFO - Sync 1 DAGs
[2025-02-18T13:02:52.928+0000] {logging_mixin.py:190} INFO - [2025-02-18T13:02:52.927+0000] {dag.py:4180} INFO - Setting next_dagrun for mongo_to_postgres to 2025-02-18 12:00:00+00:00, run_after=2025-02-18 13:00:00+00:00
[2025-02-18T13:02:52.942+0000] {processor.py:208} INFO - Processing /opt/airflow/dags/dag_load_to_stg.py took 0.103 seconds
[2025-02-18T13:03:23.667+0000] {processor.py:186} INFO - Started process (PID=727) to work on /opt/airflow/dags/dag_load_to_stg.py
[2025-02-18T13:03:23.668+0000] {processor.py:914} INFO - Processing file /opt/airflow/dags/dag_load_to_stg.py for tasks to queue
[2025-02-18T13:03:23.671+0000] {logging_mixin.py:190} INFO - [2025-02-18T13:03:23.670+0000] {dagbag.py:588} INFO - Filling up the DagBag from /opt/airflow/dags/dag_load_to_stg.py
[2025-02-18T13:03:23.732+0000] {processor.py:925} INFO - DAG(s) 'mongo_to_postgres' retrieved from /opt/airflow/dags/dag_load_to_stg.py
[2025-02-18T13:03:23.746+0000] {logging_mixin.py:190} INFO - [2025-02-18T13:03:23.746+0000] {dag.py:3239} INFO - Sync 1 DAGs
[2025-02-18T13:03:23.765+0000] {logging_mixin.py:190} INFO - [2025-02-18T13:03:23.765+0000] {dag.py:4180} INFO - Setting next_dagrun for mongo_to_postgres to 2025-02-18 12:00:00+00:00, run_after=2025-02-18 13:00:00+00:00
[2025-02-18T13:03:23.778+0000] {processor.py:208} INFO - Processing /opt/airflow/dags/dag_load_to_stg.py took 0.115 seconds
[2025-02-18T13:03:54.235+0000] {processor.py:186} INFO - Started process (PID=794) to work on /opt/airflow/dags/dag_load_to_stg.py
[2025-02-18T13:03:54.236+0000] {processor.py:914} INFO - Processing file /opt/airflow/dags/dag_load_to_stg.py for tasks to queue
[2025-02-18T13:03:54.238+0000] {logging_mixin.py:190} INFO - [2025-02-18T13:03:54.238+0000] {dagbag.py:588} INFO - Filling up the DagBag from /opt/airflow/dags/dag_load_to_stg.py
[2025-02-18T13:03:54.286+0000] {processor.py:925} INFO - DAG(s) 'mongo_to_postgres' retrieved from /opt/airflow/dags/dag_load_to_stg.py
[2025-02-18T13:03:54.299+0000] {logging_mixin.py:190} INFO - [2025-02-18T13:03:54.299+0000] {dag.py:3239} INFO - Sync 1 DAGs
[2025-02-18T13:03:54.315+0000] {logging_mixin.py:190} INFO - [2025-02-18T13:03:54.315+0000] {dag.py:4180} INFO - Setting next_dagrun for mongo_to_postgres to 2025-02-18 12:00:00+00:00, run_after=2025-02-18 13:00:00+00:00
[2025-02-18T13:03:54.327+0000] {processor.py:208} INFO - Processing /opt/airflow/dags/dag_load_to_stg.py took 0.095 seconds
[2025-02-18T13:04:25.146+0000] {processor.py:186} INFO - Started process (PID=861) to work on /opt/airflow/dags/dag_load_to_stg.py
[2025-02-18T13:04:25.147+0000] {processor.py:914} INFO - Processing file /opt/airflow/dags/dag_load_to_stg.py for tasks to queue
[2025-02-18T13:04:25.149+0000] {logging_mixin.py:190} INFO - [2025-02-18T13:04:25.149+0000] {dagbag.py:588} INFO - Filling up the DagBag from /opt/airflow/dags/dag_load_to_stg.py
[2025-02-18T13:04:25.198+0000] {processor.py:925} INFO - DAG(s) 'mongo_to_postgres' retrieved from /opt/airflow/dags/dag_load_to_stg.py
[2025-02-18T13:04:25.212+0000] {logging_mixin.py:190} INFO - [2025-02-18T13:04:25.212+0000] {dag.py:3239} INFO - Sync 1 DAGs
[2025-02-18T13:04:25.241+0000] {logging_mixin.py:190} INFO - [2025-02-18T13:04:25.240+0000] {dag.py:4180} INFO - Setting next_dagrun for mongo_to_postgres to 2025-02-18 12:00:00+00:00, run_after=2025-02-18 13:00:00+00:00
[2025-02-18T13:04:25.260+0000] {processor.py:208} INFO - Processing /opt/airflow/dags/dag_load_to_stg.py took 0.118 seconds
[2025-02-18T13:04:55.663+0000] {processor.py:186} INFO - Started process (PID=928) to work on /opt/airflow/dags/dag_load_to_stg.py
[2025-02-18T13:04:55.664+0000] {processor.py:914} INFO - Processing file /opt/airflow/dags/dag_load_to_stg.py for tasks to queue
[2025-02-18T13:04:55.666+0000] {logging_mixin.py:190} INFO - [2025-02-18T13:04:55.665+0000] {dagbag.py:588} INFO - Filling up the DagBag from /opt/airflow/dags/dag_load_to_stg.py
[2025-02-18T13:04:55.713+0000] {processor.py:925} INFO - DAG(s) 'mongo_to_postgres' retrieved from /opt/airflow/dags/dag_load_to_stg.py
[2025-02-18T13:04:55.726+0000] {logging_mixin.py:190} INFO - [2025-02-18T13:04:55.726+0000] {dag.py:3239} INFO - Sync 1 DAGs
[2025-02-18T13:04:55.743+0000] {logging_mixin.py:190} INFO - [2025-02-18T13:04:55.743+0000] {dag.py:4180} INFO - Setting next_dagrun for mongo_to_postgres to 2025-02-18 12:00:00+00:00, run_after=2025-02-18 13:00:00+00:00
[2025-02-18T13:04:55.755+0000] {processor.py:208} INFO - Processing /opt/airflow/dags/dag_load_to_stg.py took 0.096 seconds
[2025-02-18T13:05:26.237+0000] {processor.py:186} INFO - Started process (PID=995) to work on /opt/airflow/dags/dag_load_to_stg.py
[2025-02-18T13:05:26.238+0000] {processor.py:914} INFO - Processing file /opt/airflow/dags/dag_load_to_stg.py for tasks to queue
[2025-02-18T13:05:26.239+0000] {logging_mixin.py:190} INFO - [2025-02-18T13:05:26.239+0000] {dagbag.py:588} INFO - Filling up the DagBag from /opt/airflow/dags/dag_load_to_stg.py
[2025-02-18T13:05:26.286+0000] {processor.py:925} INFO - DAG(s) 'mongo_to_postgres' retrieved from /opt/airflow/dags/dag_load_to_stg.py
[2025-02-18T13:05:26.298+0000] {logging_mixin.py:190} INFO - [2025-02-18T13:05:26.298+0000] {dag.py:3239} INFO - Sync 1 DAGs
[2025-02-18T13:05:26.316+0000] {logging_mixin.py:190} INFO - [2025-02-18T13:05:26.316+0000] {dag.py:4180} INFO - Setting next_dagrun for mongo_to_postgres to 2025-02-18 12:00:00+00:00, run_after=2025-02-18 13:00:00+00:00
[2025-02-18T13:05:26.329+0000] {processor.py:208} INFO - Processing /opt/airflow/dags/dag_load_to_stg.py took 0.096 seconds
[2025-02-18T13:05:56.999+0000] {processor.py:186} INFO - Started process (PID=1062) to work on /opt/airflow/dags/dag_load_to_stg.py
[2025-02-18T13:05:57.000+0000] {processor.py:914} INFO - Processing file /opt/airflow/dags/dag_load_to_stg.py for tasks to queue
[2025-02-18T13:05:57.001+0000] {logging_mixin.py:190} INFO - [2025-02-18T13:05:57.001+0000] {dagbag.py:588} INFO - Filling up the DagBag from /opt/airflow/dags/dag_load_to_stg.py
[2025-02-18T13:05:57.059+0000] {processor.py:925} INFO - DAG(s) 'mongo_to_postgres' retrieved from /opt/airflow/dags/dag_load_to_stg.py
[2025-02-18T13:05:57.074+0000] {logging_mixin.py:190} INFO - [2025-02-18T13:05:57.073+0000] {dag.py:3239} INFO - Sync 1 DAGs
[2025-02-18T13:05:57.095+0000] {logging_mixin.py:190} INFO - [2025-02-18T13:05:57.095+0000] {dag.py:4180} INFO - Setting next_dagrun for mongo_to_postgres to 2025-02-18 12:00:00+00:00, run_after=2025-02-18 13:00:00+00:00
[2025-02-18T13:05:57.109+0000] {processor.py:208} INFO - Processing /opt/airflow/dags/dag_load_to_stg.py took 0.115 seconds
[2025-02-18T13:06:27.177+0000] {processor.py:186} INFO - Started process (PID=1130) to work on /opt/airflow/dags/dag_load_to_stg.py
[2025-02-18T13:06:27.178+0000] {processor.py:914} INFO - Processing file /opt/airflow/dags/dag_load_to_stg.py for tasks to queue
[2025-02-18T13:06:27.180+0000] {logging_mixin.py:190} INFO - [2025-02-18T13:06:27.179+0000] {dagbag.py:588} INFO - Filling up the DagBag from /opt/airflow/dags/dag_load_to_stg.py
[2025-02-18T13:06:27.225+0000] {processor.py:925} INFO - DAG(s) 'mongo_to_postgres' retrieved from /opt/airflow/dags/dag_load_to_stg.py
[2025-02-18T13:06:27.239+0000] {logging_mixin.py:190} INFO - [2025-02-18T13:06:27.239+0000] {dag.py:3239} INFO - Sync 1 DAGs
[2025-02-18T13:06:27.255+0000] {logging_mixin.py:190} INFO - [2025-02-18T13:06:27.255+0000] {dag.py:4180} INFO - Setting next_dagrun for mongo_to_postgres to 2025-02-18 12:00:00+00:00, run_after=2025-02-18 13:00:00+00:00
[2025-02-18T13:06:27.267+0000] {processor.py:208} INFO - Processing /opt/airflow/dags/dag_load_to_stg.py took 0.094 seconds
[2025-02-18T13:06:57.894+0000] {processor.py:186} INFO - Started process (PID=1196) to work on /opt/airflow/dags/dag_load_to_stg.py
[2025-02-18T13:06:57.895+0000] {processor.py:914} INFO - Processing file /opt/airflow/dags/dag_load_to_stg.py for tasks to queue
[2025-02-18T13:06:57.897+0000] {logging_mixin.py:190} INFO - [2025-02-18T13:06:57.896+0000] {dagbag.py:588} INFO - Filling up the DagBag from /opt/airflow/dags/dag_load_to_stg.py
[2025-02-18T13:06:57.952+0000] {processor.py:925} INFO - DAG(s) 'mongo_to_postgres' retrieved from /opt/airflow/dags/dag_load_to_stg.py
[2025-02-18T13:06:57.966+0000] {logging_mixin.py:190} INFO - [2025-02-18T13:06:57.966+0000] {dag.py:3239} INFO - Sync 1 DAGs
[2025-02-18T13:06:57.983+0000] {logging_mixin.py:190} INFO - [2025-02-18T13:06:57.982+0000] {dag.py:4180} INFO - Setting next_dagrun for mongo_to_postgres to 2025-02-18 12:00:00+00:00, run_after=2025-02-18 13:00:00+00:00
[2025-02-18T13:06:57.995+0000] {processor.py:208} INFO - Processing /opt/airflow/dags/dag_load_to_stg.py took 0.106 seconds
[2025-02-18T13:07:28.401+0000] {processor.py:186} INFO - Started process (PID=1263) to work on /opt/airflow/dags/dag_load_to_stg.py
[2025-02-18T13:07:28.402+0000] {processor.py:914} INFO - Processing file /opt/airflow/dags/dag_load_to_stg.py for tasks to queue
[2025-02-18T13:07:28.404+0000] {logging_mixin.py:190} INFO - [2025-02-18T13:07:28.404+0000] {dagbag.py:588} INFO - Filling up the DagBag from /opt/airflow/dags/dag_load_to_stg.py
[2025-02-18T13:07:28.454+0000] {processor.py:925} INFO - DAG(s) 'mongo_to_postgres' retrieved from /opt/airflow/dags/dag_load_to_stg.py
[2025-02-18T13:07:28.467+0000] {logging_mixin.py:190} INFO - [2025-02-18T13:07:28.467+0000] {dag.py:3239} INFO - Sync 1 DAGs
[2025-02-18T13:07:28.486+0000] {logging_mixin.py:190} INFO - [2025-02-18T13:07:28.486+0000] {dag.py:4180} INFO - Setting next_dagrun for mongo_to_postgres to 2025-02-18 12:00:00+00:00, run_after=2025-02-18 13:00:00+00:00
[2025-02-18T13:07:28.499+0000] {processor.py:208} INFO - Processing /opt/airflow/dags/dag_load_to_stg.py took 0.102 seconds
[2025-02-18T13:07:58.684+0000] {processor.py:186} INFO - Started process (PID=1330) to work on /opt/airflow/dags/dag_load_to_stg.py
[2025-02-18T13:07:58.684+0000] {processor.py:914} INFO - Processing file /opt/airflow/dags/dag_load_to_stg.py for tasks to queue
[2025-02-18T13:07:58.686+0000] {logging_mixin.py:190} INFO - [2025-02-18T13:07:58.686+0000] {dagbag.py:588} INFO - Filling up the DagBag from /opt/airflow/dags/dag_load_to_stg.py
[2025-02-18T13:07:58.733+0000] {processor.py:925} INFO - DAG(s) 'mongo_to_postgres' retrieved from /opt/airflow/dags/dag_load_to_stg.py
[2025-02-18T13:07:58.746+0000] {logging_mixin.py:190} INFO - [2025-02-18T13:07:58.746+0000] {dag.py:3239} INFO - Sync 1 DAGs
[2025-02-18T13:07:58.762+0000] {logging_mixin.py:190} INFO - [2025-02-18T13:07:58.762+0000] {dag.py:4180} INFO - Setting next_dagrun for mongo_to_postgres to 2025-02-18 12:00:00+00:00, run_after=2025-02-18 13:00:00+00:00
[2025-02-18T13:07:58.773+0000] {processor.py:208} INFO - Processing /opt/airflow/dags/dag_load_to_stg.py took 0.094 seconds
[2025-02-18T13:08:29.595+0000] {processor.py:186} INFO - Started process (PID=1397) to work on /opt/airflow/dags/dag_load_to_stg.py
[2025-02-18T13:08:29.595+0000] {processor.py:914} INFO - Processing file /opt/airflow/dags/dag_load_to_stg.py for tasks to queue
[2025-02-18T13:08:29.597+0000] {logging_mixin.py:190} INFO - [2025-02-18T13:08:29.597+0000] {dagbag.py:588} INFO - Filling up the DagBag from /opt/airflow/dags/dag_load_to_stg.py
[2025-02-18T13:08:29.647+0000] {processor.py:925} INFO - DAG(s) 'mongo_to_postgres' retrieved from /opt/airflow/dags/dag_load_to_stg.py
[2025-02-18T13:08:29.662+0000] {logging_mixin.py:190} INFO - [2025-02-18T13:08:29.662+0000] {dag.py:3239} INFO - Sync 1 DAGs
[2025-02-18T13:08:29.680+0000] {logging_mixin.py:190} INFO - [2025-02-18T13:08:29.680+0000] {dag.py:4180} INFO - Setting next_dagrun for mongo_to_postgres to 2025-02-18 12:00:00+00:00, run_after=2025-02-18 13:00:00+00:00
[2025-02-18T13:08:29.693+0000] {processor.py:208} INFO - Processing /opt/airflow/dags/dag_load_to_stg.py took 0.103 seconds
[2025-02-18T13:09:00.156+0000] {processor.py:186} INFO - Started process (PID=1464) to work on /opt/airflow/dags/dag_load_to_stg.py
[2025-02-18T13:09:00.157+0000] {processor.py:914} INFO - Processing file /opt/airflow/dags/dag_load_to_stg.py for tasks to queue
[2025-02-18T13:09:00.159+0000] {logging_mixin.py:190} INFO - [2025-02-18T13:09:00.158+0000] {dagbag.py:588} INFO - Filling up the DagBag from /opt/airflow/dags/dag_load_to_stg.py
[2025-02-18T13:09:00.208+0000] {processor.py:925} INFO - DAG(s) 'mongo_to_postgres' retrieved from /opt/airflow/dags/dag_load_to_stg.py
[2025-02-18T13:09:00.222+0000] {logging_mixin.py:190} INFO - [2025-02-18T13:09:00.221+0000] {dag.py:3239} INFO - Sync 1 DAGs
[2025-02-18T13:09:00.242+0000] {logging_mixin.py:190} INFO - [2025-02-18T13:09:00.242+0000] {dag.py:4180} INFO - Setting next_dagrun for mongo_to_postgres to 2025-02-18 12:00:00+00:00, run_after=2025-02-18 13:00:00+00:00
[2025-02-18T13:09:00.254+0000] {processor.py:208} INFO - Processing /opt/airflow/dags/dag_load_to_stg.py took 0.102 seconds
[2025-02-18T13:09:20.771+0000] {processor.py:186} INFO - Started process (PID=1528) to work on /opt/airflow/dags/dag_load_to_stg.py
[2025-02-18T13:09:20.772+0000] {processor.py:914} INFO - Processing file /opt/airflow/dags/dag_load_to_stg.py for tasks to queue
[2025-02-18T13:09:20.774+0000] {logging_mixin.py:190} INFO - [2025-02-18T13:09:20.773+0000] {dagbag.py:588} INFO - Filling up the DagBag from /opt/airflow/dags/dag_load_to_stg.py
[2025-02-18T13:09:20.843+0000] {processor.py:925} INFO - DAG(s) 'mongo_to_dds_mart_dag' retrieved from /opt/airflow/dags/dag_load_to_stg.py
[2025-02-18T13:09:20.912+0000] {logging_mixin.py:190} INFO - [2025-02-18T13:09:20.911+0000] {override.py:1912} INFO - Created Permission View: can edit on DAG:mongo_to_dds_mart_dag
[2025-02-18T13:09:20.920+0000] {logging_mixin.py:190} INFO - [2025-02-18T13:09:20.920+0000] {override.py:1912} INFO - Created Permission View: can delete on DAG:mongo_to_dds_mart_dag
[2025-02-18T13:09:20.926+0000] {logging_mixin.py:190} INFO - [2025-02-18T13:09:20.926+0000] {override.py:1912} INFO - Created Permission View: can read on DAG:mongo_to_dds_mart_dag
[2025-02-18T13:09:20.932+0000] {logging_mixin.py:190} INFO - [2025-02-18T13:09:20.931+0000] {override.py:1912} INFO - Created Permission View: menu access on DAG Run:mongo_to_dds_mart_dag
[2025-02-18T13:09:20.936+0000] {logging_mixin.py:190} INFO - [2025-02-18T13:09:20.936+0000] {override.py:1912} INFO - Created Permission View: can delete on DAG Run:mongo_to_dds_mart_dag
[2025-02-18T13:09:20.941+0000] {logging_mixin.py:190} INFO - [2025-02-18T13:09:20.941+0000] {override.py:1912} INFO - Created Permission View: can create on DAG Run:mongo_to_dds_mart_dag
[2025-02-18T13:09:20.947+0000] {logging_mixin.py:190} INFO - [2025-02-18T13:09:20.946+0000] {override.py:1912} INFO - Created Permission View: can read on DAG Run:mongo_to_dds_mart_dag
[2025-02-18T13:09:20.947+0000] {logging_mixin.py:190} INFO - [2025-02-18T13:09:20.947+0000] {dag.py:3239} INFO - Sync 1 DAGs
[2025-02-18T13:09:20.957+0000] {logging_mixin.py:190} INFO - [2025-02-18T13:09:20.957+0000] {dag.py:3262} INFO - Creating ORM DAG for mongo_to_dds_mart_dag
[2025-02-18T13:09:20.964+0000] {logging_mixin.py:190} INFO - [2025-02-18T13:09:20.964+0000] {dag.py:4180} INFO - Setting next_dagrun for mongo_to_dds_mart_dag to 2025-02-17 00:00:00+00:00, run_after=2025-02-18 00:00:00+00:00
[2025-02-18T13:09:20.978+0000] {processor.py:208} INFO - Processing /opt/airflow/dags/dag_load_to_stg.py took 0.211 seconds
[2025-02-18T13:09:51.462+0000] {processor.py:186} INFO - Started process (PID=1595) to work on /opt/airflow/dags/dag_load_to_stg.py
[2025-02-18T13:09:51.462+0000] {processor.py:914} INFO - Processing file /opt/airflow/dags/dag_load_to_stg.py for tasks to queue
[2025-02-18T13:09:51.464+0000] {logging_mixin.py:190} INFO - [2025-02-18T13:09:51.464+0000] {dagbag.py:588} INFO - Filling up the DagBag from /opt/airflow/dags/dag_load_to_stg.py
[2025-02-18T13:09:51.521+0000] {processor.py:925} INFO - DAG(s) 'mongo_to_dds_mart_dag' retrieved from /opt/airflow/dags/dag_load_to_stg.py
[2025-02-18T13:09:51.531+0000] {logging_mixin.py:190} INFO - [2025-02-18T13:09:51.530+0000] {dag.py:3239} INFO - Sync 1 DAGs
[2025-02-18T13:09:51.546+0000] {logging_mixin.py:190} INFO - [2025-02-18T13:09:51.546+0000] {dag.py:4180} INFO - Setting next_dagrun for mongo_to_dds_mart_dag to 2025-02-17 00:00:00+00:00, run_after=2025-02-18 00:00:00+00:00
[2025-02-18T13:09:51.557+0000] {processor.py:208} INFO - Processing /opt/airflow/dags/dag_load_to_stg.py took 0.099 seconds
[2025-02-18T13:10:22.078+0000] {processor.py:186} INFO - Started process (PID=1662) to work on /opt/airflow/dags/dag_load_to_stg.py
[2025-02-18T13:10:22.079+0000] {processor.py:914} INFO - Processing file /opt/airflow/dags/dag_load_to_stg.py for tasks to queue
[2025-02-18T13:10:22.080+0000] {logging_mixin.py:190} INFO - [2025-02-18T13:10:22.080+0000] {dagbag.py:588} INFO - Filling up the DagBag from /opt/airflow/dags/dag_load_to_stg.py
[2025-02-18T13:10:22.139+0000] {processor.py:925} INFO - DAG(s) 'mongo_to_dds_mart_dag' retrieved from /opt/airflow/dags/dag_load_to_stg.py
[2025-02-18T13:10:22.149+0000] {logging_mixin.py:190} INFO - [2025-02-18T13:10:22.149+0000] {dag.py:3239} INFO - Sync 1 DAGs
[2025-02-18T13:10:22.165+0000] {logging_mixin.py:190} INFO - [2025-02-18T13:10:22.165+0000] {dag.py:4180} INFO - Setting next_dagrun for mongo_to_dds_mart_dag to 2025-02-17 00:00:00+00:00, run_after=2025-02-18 00:00:00+00:00
[2025-02-18T13:10:22.177+0000] {processor.py:208} INFO - Processing /opt/airflow/dags/dag_load_to_stg.py took 0.103 seconds
[2025-02-18T13:10:52.805+0000] {processor.py:186} INFO - Started process (PID=1729) to work on /opt/airflow/dags/dag_load_to_stg.py
[2025-02-18T13:10:52.805+0000] {processor.py:914} INFO - Processing file /opt/airflow/dags/dag_load_to_stg.py for tasks to queue
[2025-02-18T13:10:52.806+0000] {logging_mixin.py:190} INFO - [2025-02-18T13:10:52.806+0000] {dagbag.py:588} INFO - Filling up the DagBag from /opt/airflow/dags/dag_load_to_stg.py
[2025-02-18T13:10:52.867+0000] {processor.py:925} INFO - DAG(s) 'mongo_to_dds_mart_dag' retrieved from /opt/airflow/dags/dag_load_to_stg.py
[2025-02-18T13:10:52.880+0000] {logging_mixin.py:190} INFO - [2025-02-18T13:10:52.880+0000] {dag.py:3239} INFO - Sync 1 DAGs
[2025-02-18T13:10:52.899+0000] {logging_mixin.py:190} INFO - [2025-02-18T13:10:52.899+0000] {dag.py:4180} INFO - Setting next_dagrun for mongo_to_dds_mart_dag to 2025-02-17 00:00:00+00:00, run_after=2025-02-18 00:00:00+00:00
[2025-02-18T13:10:52.914+0000] {processor.py:208} INFO - Processing /opt/airflow/dags/dag_load_to_stg.py took 0.114 seconds
[2025-02-18T13:11:23.533+0000] {processor.py:186} INFO - Started process (PID=1796) to work on /opt/airflow/dags/dag_load_to_stg.py
[2025-02-18T13:11:23.534+0000] {processor.py:914} INFO - Processing file /opt/airflow/dags/dag_load_to_stg.py for tasks to queue
[2025-02-18T13:11:23.535+0000] {logging_mixin.py:190} INFO - [2025-02-18T13:11:23.535+0000] {dagbag.py:588} INFO - Filling up the DagBag from /opt/airflow/dags/dag_load_to_stg.py
[2025-02-18T13:11:23.596+0000] {processor.py:925} INFO - DAG(s) 'mongo_to_dds_mart_dag' retrieved from /opt/airflow/dags/dag_load_to_stg.py
[2025-02-18T13:11:23.606+0000] {logging_mixin.py:190} INFO - [2025-02-18T13:11:23.606+0000] {dag.py:3239} INFO - Sync 1 DAGs
[2025-02-18T13:11:23.622+0000] {logging_mixin.py:190} INFO - [2025-02-18T13:11:23.622+0000] {dag.py:4180} INFO - Setting next_dagrun for mongo_to_dds_mart_dag to 2025-02-17 00:00:00+00:00, run_after=2025-02-18 00:00:00+00:00
[2025-02-18T13:11:23.633+0000] {processor.py:208} INFO - Processing /opt/airflow/dags/dag_load_to_stg.py took 0.104 seconds
[2025-02-18T13:11:53.887+0000] {processor.py:186} INFO - Started process (PID=1863) to work on /opt/airflow/dags/dag_load_to_stg.py
[2025-02-18T13:11:53.888+0000] {processor.py:914} INFO - Processing file /opt/airflow/dags/dag_load_to_stg.py for tasks to queue
[2025-02-18T13:11:53.889+0000] {logging_mixin.py:190} INFO - [2025-02-18T13:11:53.889+0000] {dagbag.py:588} INFO - Filling up the DagBag from /opt/airflow/dags/dag_load_to_stg.py
[2025-02-18T13:11:53.946+0000] {processor.py:925} INFO - DAG(s) 'mongo_to_dds_mart_dag' retrieved from /opt/airflow/dags/dag_load_to_stg.py
[2025-02-18T13:11:53.956+0000] {logging_mixin.py:190} INFO - [2025-02-18T13:11:53.956+0000] {dag.py:3239} INFO - Sync 1 DAGs
[2025-02-18T13:11:53.974+0000] {logging_mixin.py:190} INFO - [2025-02-18T13:11:53.974+0000] {dag.py:4180} INFO - Setting next_dagrun for mongo_to_dds_mart_dag to 2025-02-17 00:00:00+00:00, run_after=2025-02-18 00:00:00+00:00
[2025-02-18T13:11:53.988+0000] {processor.py:208} INFO - Processing /opt/airflow/dags/dag_load_to_stg.py took 0.105 seconds
[2025-02-18T13:12:24.198+0000] {processor.py:186} INFO - Started process (PID=1930) to work on /opt/airflow/dags/dag_load_to_stg.py
[2025-02-18T13:12:24.199+0000] {processor.py:914} INFO - Processing file /opt/airflow/dags/dag_load_to_stg.py for tasks to queue
[2025-02-18T13:12:24.200+0000] {logging_mixin.py:190} INFO - [2025-02-18T13:12:24.200+0000] {dagbag.py:588} INFO - Filling up the DagBag from /opt/airflow/dags/dag_load_to_stg.py
[2025-02-18T13:12:24.261+0000] {processor.py:925} INFO - DAG(s) 'mongo_to_dds_mart_dag' retrieved from /opt/airflow/dags/dag_load_to_stg.py
[2025-02-18T13:12:24.271+0000] {logging_mixin.py:190} INFO - [2025-02-18T13:12:24.271+0000] {dag.py:3239} INFO - Sync 1 DAGs
[2025-02-18T13:12:24.288+0000] {logging_mixin.py:190} INFO - [2025-02-18T13:12:24.288+0000] {dag.py:4180} INFO - Setting next_dagrun for mongo_to_dds_mart_dag to 2025-02-17 00:00:00+00:00, run_after=2025-02-18 00:00:00+00:00
[2025-02-18T13:12:24.299+0000] {processor.py:208} INFO - Processing /opt/airflow/dags/dag_load_to_stg.py took 0.105 seconds
[2025-02-18T13:12:54.606+0000] {processor.py:186} INFO - Started process (PID=1997) to work on /opt/airflow/dags/dag_load_to_stg.py
[2025-02-18T13:12:54.607+0000] {processor.py:914} INFO - Processing file /opt/airflow/dags/dag_load_to_stg.py for tasks to queue
[2025-02-18T13:12:54.608+0000] {logging_mixin.py:190} INFO - [2025-02-18T13:12:54.608+0000] {dagbag.py:588} INFO - Filling up the DagBag from /opt/airflow/dags/dag_load_to_stg.py
[2025-02-18T13:12:54.672+0000] {processor.py:925} INFO - DAG(s) 'mongo_to_dds_mart_dag' retrieved from /opt/airflow/dags/dag_load_to_stg.py
[2025-02-18T13:12:54.682+0000] {logging_mixin.py:190} INFO - [2025-02-18T13:12:54.682+0000] {dag.py:3239} INFO - Sync 1 DAGs
[2025-02-18T13:12:54.699+0000] {logging_mixin.py:190} INFO - [2025-02-18T13:12:54.699+0000] {dag.py:4180} INFO - Setting next_dagrun for mongo_to_dds_mart_dag to 2025-02-17 00:00:00+00:00, run_after=2025-02-18 00:00:00+00:00
[2025-02-18T13:12:54.713+0000] {processor.py:208} INFO - Processing /opt/airflow/dags/dag_load_to_stg.py took 0.112 seconds
[2025-02-18T13:13:04.682+0000] {processor.py:186} INFO - Started process (PID=1999) to work on /opt/airflow/dags/dag_load_to_stg.py
[2025-02-18T13:13:04.683+0000] {processor.py:914} INFO - Processing file /opt/airflow/dags/dag_load_to_stg.py for tasks to queue
[2025-02-18T13:13:04.684+0000] {logging_mixin.py:190} INFO - [2025-02-18T13:13:04.684+0000] {dagbag.py:588} INFO - Filling up the DagBag from /opt/airflow/dags/dag_load_to_stg.py
[2025-02-18T13:13:04.761+0000] {processor.py:925} INFO - DAG(s) 'mongo_to_dds_mart_dag' retrieved from /opt/airflow/dags/dag_load_to_stg.py
[2025-02-18T13:13:04.774+0000] {logging_mixin.py:190} INFO - [2025-02-18T13:13:04.774+0000] {dag.py:3239} INFO - Sync 1 DAGs
[2025-02-18T13:13:04.791+0000] {logging_mixin.py:190} INFO - [2025-02-18T13:13:04.791+0000] {dag.py:4180} INFO - Setting next_dagrun for mongo_to_dds_mart_dag to 2025-02-17 00:00:00+00:00, run_after=2025-02-18 00:00:00+00:00
[2025-02-18T13:13:04.807+0000] {processor.py:208} INFO - Processing /opt/airflow/dags/dag_load_to_stg.py took 0.128 seconds
[2025-02-18T13:13:34.958+0000] {processor.py:186} INFO - Started process (PID=2067) to work on /opt/airflow/dags/dag_load_to_stg.py
[2025-02-18T13:13:34.958+0000] {processor.py:914} INFO - Processing file /opt/airflow/dags/dag_load_to_stg.py for tasks to queue
[2025-02-18T13:13:34.960+0000] {logging_mixin.py:190} INFO - [2025-02-18T13:13:34.959+0000] {dagbag.py:588} INFO - Filling up the DagBag from /opt/airflow/dags/dag_load_to_stg.py
[2025-02-18T13:13:35.033+0000] {processor.py:925} INFO - DAG(s) 'mongo_to_dds_mart_dag' retrieved from /opt/airflow/dags/dag_load_to_stg.py
[2025-02-18T13:13:35.046+0000] {logging_mixin.py:190} INFO - [2025-02-18T13:13:35.045+0000] {dag.py:3239} INFO - Sync 1 DAGs
[2025-02-18T13:13:35.069+0000] {logging_mixin.py:190} INFO - [2025-02-18T13:13:35.069+0000] {dag.py:4180} INFO - Setting next_dagrun for mongo_to_dds_mart_dag to 2025-02-17 00:00:00+00:00, run_after=2025-02-18 00:00:00+00:00
[2025-02-18T13:13:35.082+0000] {processor.py:208} INFO - Processing /opt/airflow/dags/dag_load_to_stg.py took 0.128 seconds
[2025-02-18T13:14:05.450+0000] {processor.py:186} INFO - Started process (PID=2134) to work on /opt/airflow/dags/dag_load_to_stg.py
[2025-02-18T13:14:05.450+0000] {processor.py:914} INFO - Processing file /opt/airflow/dags/dag_load_to_stg.py for tasks to queue
[2025-02-18T13:14:05.451+0000] {logging_mixin.py:190} INFO - [2025-02-18T13:14:05.451+0000] {dagbag.py:588} INFO - Filling up the DagBag from /opt/airflow/dags/dag_load_to_stg.py
[2025-02-18T13:14:05.513+0000] {processor.py:925} INFO - DAG(s) 'mongo_to_dds_mart_dag' retrieved from /opt/airflow/dags/dag_load_to_stg.py
[2025-02-18T13:14:05.521+0000] {logging_mixin.py:190} INFO - [2025-02-18T13:14:05.521+0000] {dag.py:3239} INFO - Sync 1 DAGs
[2025-02-18T13:14:05.538+0000] {logging_mixin.py:190} INFO - [2025-02-18T13:14:05.538+0000] {dag.py:4180} INFO - Setting next_dagrun for mongo_to_dds_mart_dag to 2025-02-17 00:00:00+00:00, run_after=2025-02-18 00:00:00+00:00
[2025-02-18T13:14:05.550+0000] {processor.py:208} INFO - Processing /opt/airflow/dags/dag_load_to_stg.py took 0.105 seconds
[2025-02-18T13:14:35.764+0000] {processor.py:186} INFO - Started process (PID=2201) to work on /opt/airflow/dags/dag_load_to_stg.py
[2025-02-18T13:14:35.764+0000] {processor.py:914} INFO - Processing file /opt/airflow/dags/dag_load_to_stg.py for tasks to queue
[2025-02-18T13:14:35.766+0000] {logging_mixin.py:190} INFO - [2025-02-18T13:14:35.765+0000] {dagbag.py:588} INFO - Filling up the DagBag from /opt/airflow/dags/dag_load_to_stg.py
[2025-02-18T13:14:35.831+0000] {processor.py:925} INFO - DAG(s) 'mongo_to_dds_mart_dag' retrieved from /opt/airflow/dags/dag_load_to_stg.py
[2025-02-18T13:14:35.841+0000] {logging_mixin.py:190} INFO - [2025-02-18T13:14:35.841+0000] {dag.py:3239} INFO - Sync 1 DAGs
[2025-02-18T13:14:35.859+0000] {logging_mixin.py:190} INFO - [2025-02-18T13:14:35.859+0000] {dag.py:4180} INFO - Setting next_dagrun for mongo_to_dds_mart_dag to 2025-02-17 00:00:00+00:00, run_after=2025-02-18 00:00:00+00:00
[2025-02-18T13:14:35.872+0000] {processor.py:208} INFO - Processing /opt/airflow/dags/dag_load_to_stg.py took 0.112 seconds
[2025-02-18T13:15:06.177+0000] {processor.py:186} INFO - Started process (PID=2268) to work on /opt/airflow/dags/dag_load_to_stg.py
[2025-02-18T13:15:06.177+0000] {processor.py:914} INFO - Processing file /opt/airflow/dags/dag_load_to_stg.py for tasks to queue
[2025-02-18T13:15:06.178+0000] {logging_mixin.py:190} INFO - [2025-02-18T13:15:06.178+0000] {dagbag.py:588} INFO - Filling up the DagBag from /opt/airflow/dags/dag_load_to_stg.py
[2025-02-18T13:15:06.251+0000] {processor.py:925} INFO - DAG(s) 'mongo_to_dds_mart_dag' retrieved from /opt/airflow/dags/dag_load_to_stg.py
[2025-02-18T13:15:06.265+0000] {logging_mixin.py:190} INFO - [2025-02-18T13:15:06.265+0000] {dag.py:3239} INFO - Sync 1 DAGs
[2025-02-18T13:15:06.282+0000] {logging_mixin.py:190} INFO - [2025-02-18T13:15:06.282+0000] {dag.py:4180} INFO - Setting next_dagrun for mongo_to_dds_mart_dag to 2025-02-17 00:00:00+00:00, run_after=2025-02-18 00:00:00+00:00
[2025-02-18T13:15:06.296+0000] {processor.py:208} INFO - Processing /opt/airflow/dags/dag_load_to_stg.py took 0.124 seconds
[2025-02-18T13:15:36.534+0000] {processor.py:186} INFO - Started process (PID=2335) to work on /opt/airflow/dags/dag_load_to_stg.py
[2025-02-18T13:15:36.534+0000] {processor.py:914} INFO - Processing file /opt/airflow/dags/dag_load_to_stg.py for tasks to queue
[2025-02-18T13:15:36.535+0000] {logging_mixin.py:190} INFO - [2025-02-18T13:15:36.535+0000] {dagbag.py:588} INFO - Filling up the DagBag from /opt/airflow/dags/dag_load_to_stg.py
[2025-02-18T13:15:36.619+0000] {processor.py:925} INFO - DAG(s) 'mongo_to_dds_mart_dag' retrieved from /opt/airflow/dags/dag_load_to_stg.py
[2025-02-18T13:15:36.632+0000] {logging_mixin.py:190} INFO - [2025-02-18T13:15:36.632+0000] {dag.py:3239} INFO - Sync 1 DAGs
[2025-02-18T13:15:36.653+0000] {logging_mixin.py:190} INFO - [2025-02-18T13:15:36.653+0000] {dag.py:4180} INFO - Setting next_dagrun for mongo_to_dds_mart_dag to 2025-02-17 00:00:00+00:00, run_after=2025-02-18 00:00:00+00:00
[2025-02-18T13:15:36.668+0000] {processor.py:208} INFO - Processing /opt/airflow/dags/dag_load_to_stg.py took 0.139 seconds
[2025-02-18T13:16:06.905+0000] {processor.py:186} INFO - Started process (PID=2402) to work on /opt/airflow/dags/dag_load_to_stg.py
[2025-02-18T13:16:06.906+0000] {processor.py:914} INFO - Processing file /opt/airflow/dags/dag_load_to_stg.py for tasks to queue
[2025-02-18T13:16:06.907+0000] {logging_mixin.py:190} INFO - [2025-02-18T13:16:06.907+0000] {dagbag.py:588} INFO - Filling up the DagBag from /opt/airflow/dags/dag_load_to_stg.py
[2025-02-18T13:16:07.018+0000] {processor.py:925} INFO - DAG(s) 'mongo_to_dds_mart_dag' retrieved from /opt/airflow/dags/dag_load_to_stg.py
[2025-02-18T13:16:07.034+0000] {logging_mixin.py:190} INFO - [2025-02-18T13:16:07.034+0000] {dag.py:3239} INFO - Sync 1 DAGs
[2025-02-18T13:16:07.061+0000] {logging_mixin.py:190} INFO - [2025-02-18T13:16:07.060+0000] {dag.py:4180} INFO - Setting next_dagrun for mongo_to_dds_mart_dag to 2025-02-17 00:00:00+00:00, run_after=2025-02-18 00:00:00+00:00
[2025-02-18T13:16:07.077+0000] {processor.py:208} INFO - Processing /opt/airflow/dags/dag_load_to_stg.py took 0.178 seconds
[2025-02-18T13:16:37.343+0000] {processor.py:186} INFO - Started process (PID=2469) to work on /opt/airflow/dags/dag_load_to_stg.py
[2025-02-18T13:16:37.344+0000] {processor.py:914} INFO - Processing file /opt/airflow/dags/dag_load_to_stg.py for tasks to queue
[2025-02-18T13:16:37.345+0000] {logging_mixin.py:190} INFO - [2025-02-18T13:16:37.344+0000] {dagbag.py:588} INFO - Filling up the DagBag from /opt/airflow/dags/dag_load_to_stg.py
[2025-02-18T13:16:37.414+0000] {processor.py:925} INFO - DAG(s) 'mongo_to_dds_mart_dag' retrieved from /opt/airflow/dags/dag_load_to_stg.py
[2025-02-18T13:16:37.427+0000] {logging_mixin.py:190} INFO - [2025-02-18T13:16:37.427+0000] {dag.py:3239} INFO - Sync 1 DAGs
[2025-02-18T13:16:37.446+0000] {logging_mixin.py:190} INFO - [2025-02-18T13:16:37.446+0000] {dag.py:4180} INFO - Setting next_dagrun for mongo_to_dds_mart_dag to 2025-02-17 00:00:00+00:00, run_after=2025-02-18 00:00:00+00:00
[2025-02-18T13:16:37.460+0000] {processor.py:208} INFO - Processing /opt/airflow/dags/dag_load_to_stg.py took 0.122 seconds
[2025-02-18T13:17:07.989+0000] {processor.py:186} INFO - Started process (PID=2536) to work on /opt/airflow/dags/dag_load_to_stg.py
[2025-02-18T13:17:07.990+0000] {processor.py:914} INFO - Processing file /opt/airflow/dags/dag_load_to_stg.py for tasks to queue
[2025-02-18T13:17:07.991+0000] {logging_mixin.py:190} INFO - [2025-02-18T13:17:07.991+0000] {dagbag.py:588} INFO - Filling up the DagBag from /opt/airflow/dags/dag_load_to_stg.py
[2025-02-18T13:17:08.077+0000] {processor.py:925} INFO - DAG(s) 'mongo_to_dds_mart_dag' retrieved from /opt/airflow/dags/dag_load_to_stg.py
[2025-02-18T13:17:08.089+0000] {logging_mixin.py:190} INFO - [2025-02-18T13:17:08.089+0000] {dag.py:3239} INFO - Sync 1 DAGs
[2025-02-18T13:17:08.108+0000] {logging_mixin.py:190} INFO - [2025-02-18T13:17:08.108+0000] {dag.py:4180} INFO - Setting next_dagrun for mongo_to_dds_mart_dag to 2025-02-17 00:00:00+00:00, run_after=2025-02-18 00:00:00+00:00
[2025-02-18T13:17:08.123+0000] {processor.py:208} INFO - Processing /opt/airflow/dags/dag_load_to_stg.py took 0.138 seconds
