[2025-02-18T12:58:17.200+0000] {processor.py:186} INFO - Started process (PID=64) to work on /opt/airflow/dags/load_to_dm.py
[2025-02-18T12:58:17.200+0000] {processor.py:914} INFO - Processing file /opt/airflow/dags/load_to_dm.py for tasks to queue
[2025-02-18T12:58:17.202+0000] {logging_mixin.py:190} INFO - [2025-02-18T12:58:17.202+0000] {dagbag.py:588} INFO - Filling up the DagBag from /opt/airflow/dags/load_to_dm.py
[2025-02-18T12:58:17.232+0000] {processor.py:925} INFO - DAG(s) 'analytics_for_salon' retrieved from /opt/airflow/dags/load_to_dm.py
[2025-02-18T12:58:17.256+0000] {logging_mixin.py:190} INFO - [2025-02-18T12:58:17.256+0000] {dag.py:3239} INFO - Sync 1 DAGs
[2025-02-18T12:58:17.273+0000] {logging_mixin.py:190} INFO - [2025-02-18T12:58:17.273+0000] {dag.py:4180} INFO - Setting next_dagrun for analytics_for_salon to 2025-01-01 00:00:00+00:00, run_after=2025-01-02 00:00:00+00:00
[2025-02-18T12:58:17.286+0000] {processor.py:208} INFO - Processing /opt/airflow/dags/load_to_dm.py took 0.092 seconds
[2025-02-18T12:58:47.596+0000] {processor.py:186} INFO - Started process (PID=130) to work on /opt/airflow/dags/load_to_dm.py
[2025-02-18T12:58:47.597+0000] {processor.py:914} INFO - Processing file /opt/airflow/dags/load_to_dm.py for tasks to queue
[2025-02-18T12:58:47.599+0000] {logging_mixin.py:190} INFO - [2025-02-18T12:58:47.598+0000] {dagbag.py:588} INFO - Filling up the DagBag from /opt/airflow/dags/load_to_dm.py
[2025-02-18T12:58:47.630+0000] {processor.py:925} INFO - DAG(s) 'analytics_for_salon' retrieved from /opt/airflow/dags/load_to_dm.py
[2025-02-18T12:58:47.640+0000] {logging_mixin.py:190} INFO - [2025-02-18T12:58:47.640+0000] {dag.py:3239} INFO - Sync 1 DAGs
[2025-02-18T12:58:47.664+0000] {logging_mixin.py:190} INFO - [2025-02-18T12:58:47.663+0000] {dag.py:4180} INFO - Setting next_dagrun for analytics_for_salon to 2025-01-01 00:00:00+00:00, run_after=2025-01-02 00:00:00+00:00
[2025-02-18T12:58:47.679+0000] {processor.py:208} INFO - Processing /opt/airflow/dags/load_to_dm.py took 0.087 seconds
[2025-02-18T12:59:18.471+0000] {processor.py:186} INFO - Started process (PID=196) to work on /opt/airflow/dags/load_to_dm.py
[2025-02-18T12:59:18.472+0000] {processor.py:914} INFO - Processing file /opt/airflow/dags/load_to_dm.py for tasks to queue
[2025-02-18T12:59:18.473+0000] {logging_mixin.py:190} INFO - [2025-02-18T12:59:18.473+0000] {dagbag.py:588} INFO - Filling up the DagBag from /opt/airflow/dags/load_to_dm.py
[2025-02-18T12:59:18.496+0000] {processor.py:925} INFO - DAG(s) 'analytics_for_salon' retrieved from /opt/airflow/dags/load_to_dm.py
[2025-02-18T12:59:18.503+0000] {logging_mixin.py:190} INFO - [2025-02-18T12:59:18.503+0000] {dag.py:3239} INFO - Sync 1 DAGs
[2025-02-18T12:59:18.520+0000] {logging_mixin.py:190} INFO - [2025-02-18T12:59:18.520+0000] {dag.py:4180} INFO - Setting next_dagrun for analytics_for_salon to 2025-01-01 00:00:00+00:00, run_after=2025-01-02 00:00:00+00:00
[2025-02-18T12:59:18.533+0000] {processor.py:208} INFO - Processing /opt/airflow/dags/load_to_dm.py took 0.066 seconds
[2025-02-18T12:59:49.483+0000] {processor.py:186} INFO - Started process (PID=262) to work on /opt/airflow/dags/load_to_dm.py
[2025-02-18T12:59:49.484+0000] {processor.py:914} INFO - Processing file /opt/airflow/dags/load_to_dm.py for tasks to queue
[2025-02-18T12:59:49.486+0000] {logging_mixin.py:190} INFO - [2025-02-18T12:59:49.485+0000] {dagbag.py:588} INFO - Filling up the DagBag from /opt/airflow/dags/load_to_dm.py
[2025-02-18T12:59:49.510+0000] {processor.py:925} INFO - DAG(s) 'analytics_for_salon' retrieved from /opt/airflow/dags/load_to_dm.py
[2025-02-18T12:59:49.517+0000] {logging_mixin.py:190} INFO - [2025-02-18T12:59:49.517+0000] {dag.py:3239} INFO - Sync 1 DAGs
[2025-02-18T12:59:49.534+0000] {logging_mixin.py:190} INFO - [2025-02-18T12:59:49.534+0000] {dag.py:4180} INFO - Setting next_dagrun for analytics_for_salon to 2025-01-01 00:00:00+00:00, run_after=2025-01-02 00:00:00+00:00
[2025-02-18T12:59:49.548+0000] {processor.py:208} INFO - Processing /opt/airflow/dags/load_to_dm.py took 0.068 seconds
[2025-02-18T13:00:19.714+0000] {processor.py:186} INFO - Started process (PID=328) to work on /opt/airflow/dags/load_to_dm.py
[2025-02-18T13:00:19.714+0000] {processor.py:914} INFO - Processing file /opt/airflow/dags/load_to_dm.py for tasks to queue
[2025-02-18T13:00:19.716+0000] {logging_mixin.py:190} INFO - [2025-02-18T13:00:19.716+0000] {dagbag.py:588} INFO - Filling up the DagBag from /opt/airflow/dags/load_to_dm.py
[2025-02-18T13:00:19.745+0000] {processor.py:925} INFO - DAG(s) 'analytics_for_salon' retrieved from /opt/airflow/dags/load_to_dm.py
[2025-02-18T13:00:19.752+0000] {logging_mixin.py:190} INFO - [2025-02-18T13:00:19.752+0000] {dag.py:3239} INFO - Sync 1 DAGs
[2025-02-18T13:00:19.768+0000] {logging_mixin.py:190} INFO - [2025-02-18T13:00:19.768+0000] {dag.py:4180} INFO - Setting next_dagrun for analytics_for_salon to 2025-01-01 00:00:00+00:00, run_after=2025-01-02 00:00:00+00:00
[2025-02-18T13:00:19.780+0000] {processor.py:208} INFO - Processing /opt/airflow/dags/load_to_dm.py took 0.071 seconds
[2025-02-18T13:00:50.798+0000] {processor.py:186} INFO - Started process (PID=394) to work on /opt/airflow/dags/load_to_dm.py
[2025-02-18T13:00:50.799+0000] {processor.py:914} INFO - Processing file /opt/airflow/dags/load_to_dm.py for tasks to queue
[2025-02-18T13:00:50.800+0000] {logging_mixin.py:190} INFO - [2025-02-18T13:00:50.800+0000] {dagbag.py:588} INFO - Filling up the DagBag from /opt/airflow/dags/load_to_dm.py
[2025-02-18T13:00:50.823+0000] {processor.py:925} INFO - DAG(s) 'analytics_for_salon' retrieved from /opt/airflow/dags/load_to_dm.py
[2025-02-18T13:00:50.830+0000] {logging_mixin.py:190} INFO - [2025-02-18T13:00:50.830+0000] {dag.py:3239} INFO - Sync 1 DAGs
[2025-02-18T13:00:50.846+0000] {logging_mixin.py:190} INFO - [2025-02-18T13:00:50.846+0000] {dag.py:4180} INFO - Setting next_dagrun for analytics_for_salon to 2025-01-01 00:00:00+00:00, run_after=2025-01-02 00:00:00+00:00
[2025-02-18T13:00:50.859+0000] {processor.py:208} INFO - Processing /opt/airflow/dags/load_to_dm.py took 0.065 seconds
[2025-02-18T13:01:21.553+0000] {processor.py:186} INFO - Started process (PID=460) to work on /opt/airflow/dags/load_to_dm.py
[2025-02-18T13:01:21.554+0000] {processor.py:914} INFO - Processing file /opt/airflow/dags/load_to_dm.py for tasks to queue
[2025-02-18T13:01:21.556+0000] {logging_mixin.py:190} INFO - [2025-02-18T13:01:21.555+0000] {dagbag.py:588} INFO - Filling up the DagBag from /opt/airflow/dags/load_to_dm.py
[2025-02-18T13:01:21.578+0000] {processor.py:925} INFO - DAG(s) 'analytics_for_salon' retrieved from /opt/airflow/dags/load_to_dm.py
[2025-02-18T13:01:21.585+0000] {logging_mixin.py:190} INFO - [2025-02-18T13:01:21.585+0000] {dag.py:3239} INFO - Sync 1 DAGs
[2025-02-18T13:01:21.601+0000] {logging_mixin.py:190} INFO - [2025-02-18T13:01:21.601+0000] {dag.py:4180} INFO - Setting next_dagrun for analytics_for_salon to 2025-01-01 00:00:00+00:00, run_after=2025-01-02 00:00:00+00:00
[2025-02-18T13:01:21.613+0000] {processor.py:208} INFO - Processing /opt/airflow/dags/load_to_dm.py took 0.065 seconds
[2025-02-18T13:01:51.757+0000] {processor.py:186} INFO - Started process (PID=526) to work on /opt/airflow/dags/load_to_dm.py
[2025-02-18T13:01:51.758+0000] {processor.py:914} INFO - Processing file /opt/airflow/dags/load_to_dm.py for tasks to queue
[2025-02-18T13:01:51.760+0000] {logging_mixin.py:190} INFO - [2025-02-18T13:01:51.759+0000] {dagbag.py:588} INFO - Filling up the DagBag from /opt/airflow/dags/load_to_dm.py
[2025-02-18T13:01:51.783+0000] {processor.py:925} INFO - DAG(s) 'analytics_for_salon' retrieved from /opt/airflow/dags/load_to_dm.py
[2025-02-18T13:01:51.791+0000] {logging_mixin.py:190} INFO - [2025-02-18T13:01:51.791+0000] {dag.py:3239} INFO - Sync 1 DAGs
[2025-02-18T13:01:51.809+0000] {logging_mixin.py:190} INFO - [2025-02-18T13:01:51.809+0000] {dag.py:4180} INFO - Setting next_dagrun for analytics_for_salon to 2025-01-01 00:00:00+00:00, run_after=2025-01-02 00:00:00+00:00
[2025-02-18T13:01:51.825+0000] {processor.py:208} INFO - Processing /opt/airflow/dags/load_to_dm.py took 0.073 seconds
[2025-02-18T13:02:22.339+0000] {processor.py:186} INFO - Started process (PID=592) to work on /opt/airflow/dags/load_to_dm.py
[2025-02-18T13:02:22.340+0000] {processor.py:914} INFO - Processing file /opt/airflow/dags/load_to_dm.py for tasks to queue
[2025-02-18T13:02:22.342+0000] {logging_mixin.py:190} INFO - [2025-02-18T13:02:22.341+0000] {dagbag.py:588} INFO - Filling up the DagBag from /opt/airflow/dags/load_to_dm.py
[2025-02-18T13:02:22.369+0000] {processor.py:925} INFO - DAG(s) 'analytics_for_salon' retrieved from /opt/airflow/dags/load_to_dm.py
[2025-02-18T13:02:22.377+0000] {logging_mixin.py:190} INFO - [2025-02-18T13:02:22.377+0000] {dag.py:3239} INFO - Sync 1 DAGs
[2025-02-18T13:02:22.396+0000] {logging_mixin.py:190} INFO - [2025-02-18T13:02:22.396+0000] {dag.py:4180} INFO - Setting next_dagrun for analytics_for_salon to 2025-01-01 00:00:00+00:00, run_after=2025-01-02 00:00:00+00:00
[2025-02-18T13:02:22.412+0000] {processor.py:208} INFO - Processing /opt/airflow/dags/load_to_dm.py took 0.079 seconds
[2025-02-18T13:02:52.758+0000] {processor.py:186} INFO - Started process (PID=658) to work on /opt/airflow/dags/load_to_dm.py
[2025-02-18T13:02:52.759+0000] {processor.py:914} INFO - Processing file /opt/airflow/dags/load_to_dm.py for tasks to queue
[2025-02-18T13:02:52.760+0000] {logging_mixin.py:190} INFO - [2025-02-18T13:02:52.760+0000] {dagbag.py:588} INFO - Filling up the DagBag from /opt/airflow/dags/load_to_dm.py
[2025-02-18T13:02:52.785+0000] {processor.py:925} INFO - DAG(s) 'analytics_for_salon' retrieved from /opt/airflow/dags/load_to_dm.py
[2025-02-18T13:02:52.793+0000] {logging_mixin.py:190} INFO - [2025-02-18T13:02:52.793+0000] {dag.py:3239} INFO - Sync 1 DAGs
[2025-02-18T13:02:52.809+0000] {logging_mixin.py:190} INFO - [2025-02-18T13:02:52.809+0000] {dag.py:4180} INFO - Setting next_dagrun for analytics_for_salon to 2025-01-01 00:00:00+00:00, run_after=2025-01-02 00:00:00+00:00
[2025-02-18T13:02:52.823+0000] {processor.py:208} INFO - Processing /opt/airflow/dags/load_to_dm.py took 0.069 seconds
[2025-02-18T13:03:23.564+0000] {processor.py:186} INFO - Started process (PID=725) to work on /opt/airflow/dags/load_to_dm.py
[2025-02-18T13:03:23.565+0000] {processor.py:914} INFO - Processing file /opt/airflow/dags/load_to_dm.py for tasks to queue
[2025-02-18T13:03:23.567+0000] {logging_mixin.py:190} INFO - [2025-02-18T13:03:23.566+0000] {dagbag.py:588} INFO - Filling up the DagBag from /opt/airflow/dags/load_to_dm.py
[2025-02-18T13:03:23.593+0000] {processor.py:925} INFO - DAG(s) 'analytics_for_salon' retrieved from /opt/airflow/dags/load_to_dm.py
[2025-02-18T13:03:23.601+0000] {logging_mixin.py:190} INFO - [2025-02-18T13:03:23.601+0000] {dag.py:3239} INFO - Sync 1 DAGs
[2025-02-18T13:03:23.624+0000] {logging_mixin.py:190} INFO - [2025-02-18T13:03:23.624+0000] {dag.py:4180} INFO - Setting next_dagrun for analytics_for_salon to 2025-01-01 00:00:00+00:00, run_after=2025-01-02 00:00:00+00:00
[2025-02-18T13:03:23.643+0000] {processor.py:208} INFO - Processing /opt/airflow/dags/load_to_dm.py took 0.084 seconds
[2025-02-18T13:03:54.146+0000] {processor.py:186} INFO - Started process (PID=792) to work on /opt/airflow/dags/load_to_dm.py
[2025-02-18T13:03:54.147+0000] {processor.py:914} INFO - Processing file /opt/airflow/dags/load_to_dm.py for tasks to queue
[2025-02-18T13:03:54.148+0000] {logging_mixin.py:190} INFO - [2025-02-18T13:03:54.148+0000] {dagbag.py:588} INFO - Filling up the DagBag from /opt/airflow/dags/load_to_dm.py
[2025-02-18T13:03:54.172+0000] {processor.py:925} INFO - DAG(s) 'analytics_for_salon' retrieved from /opt/airflow/dags/load_to_dm.py
[2025-02-18T13:03:54.180+0000] {logging_mixin.py:190} INFO - [2025-02-18T13:03:54.179+0000] {dag.py:3239} INFO - Sync 1 DAGs
[2025-02-18T13:03:54.197+0000] {logging_mixin.py:190} INFO - [2025-02-18T13:03:54.196+0000] {dag.py:4180} INFO - Setting next_dagrun for analytics_for_salon to 2025-01-01 00:00:00+00:00, run_after=2025-01-02 00:00:00+00:00
[2025-02-18T13:03:54.213+0000] {processor.py:208} INFO - Processing /opt/airflow/dags/load_to_dm.py took 0.072 seconds
[2025-02-18T13:04:25.076+0000] {processor.py:186} INFO - Started process (PID=859) to work on /opt/airflow/dags/load_to_dm.py
[2025-02-18T13:04:25.077+0000] {processor.py:914} INFO - Processing file /opt/airflow/dags/load_to_dm.py for tasks to queue
[2025-02-18T13:04:25.078+0000] {logging_mixin.py:190} INFO - [2025-02-18T13:04:25.078+0000] {dagbag.py:588} INFO - Filling up the DagBag from /opt/airflow/dags/load_to_dm.py
[2025-02-18T13:04:25.101+0000] {processor.py:925} INFO - DAG(s) 'analytics_for_salon' retrieved from /opt/airflow/dags/load_to_dm.py
[2025-02-18T13:04:25.108+0000] {logging_mixin.py:190} INFO - [2025-02-18T13:04:25.108+0000] {dag.py:3239} INFO - Sync 1 DAGs
[2025-02-18T13:04:25.124+0000] {logging_mixin.py:190} INFO - [2025-02-18T13:04:25.123+0000] {dag.py:4180} INFO - Setting next_dagrun for analytics_for_salon to 2025-01-01 00:00:00+00:00, run_after=2025-01-02 00:00:00+00:00
[2025-02-18T13:04:25.138+0000] {processor.py:208} INFO - Processing /opt/airflow/dags/load_to_dm.py took 0.066 seconds
[2025-02-18T13:04:55.585+0000] {processor.py:186} INFO - Started process (PID=926) to work on /opt/airflow/dags/load_to_dm.py
[2025-02-18T13:04:55.586+0000] {processor.py:914} INFO - Processing file /opt/airflow/dags/load_to_dm.py for tasks to queue
[2025-02-18T13:04:55.588+0000] {logging_mixin.py:190} INFO - [2025-02-18T13:04:55.587+0000] {dagbag.py:588} INFO - Filling up the DagBag from /opt/airflow/dags/load_to_dm.py
[2025-02-18T13:04:55.609+0000] {processor.py:925} INFO - DAG(s) 'analytics_for_salon' retrieved from /opt/airflow/dags/load_to_dm.py
[2025-02-18T13:04:55.617+0000] {logging_mixin.py:190} INFO - [2025-02-18T13:04:55.616+0000] {dag.py:3239} INFO - Sync 1 DAGs
[2025-02-18T13:04:55.632+0000] {logging_mixin.py:190} INFO - [2025-02-18T13:04:55.632+0000] {dag.py:4180} INFO - Setting next_dagrun for analytics_for_salon to 2025-01-01 00:00:00+00:00, run_after=2025-01-02 00:00:00+00:00
[2025-02-18T13:04:55.645+0000] {processor.py:208} INFO - Processing /opt/airflow/dags/load_to_dm.py took 0.064 seconds
[2025-02-18T13:05:26.161+0000] {processor.py:186} INFO - Started process (PID=993) to work on /opt/airflow/dags/load_to_dm.py
[2025-02-18T13:05:26.161+0000] {processor.py:914} INFO - Processing file /opt/airflow/dags/load_to_dm.py for tasks to queue
[2025-02-18T13:05:26.163+0000] {logging_mixin.py:190} INFO - [2025-02-18T13:05:26.163+0000] {dagbag.py:588} INFO - Filling up the DagBag from /opt/airflow/dags/load_to_dm.py
[2025-02-18T13:05:26.184+0000] {processor.py:925} INFO - DAG(s) 'analytics_for_salon' retrieved from /opt/airflow/dags/load_to_dm.py
[2025-02-18T13:05:26.192+0000] {logging_mixin.py:190} INFO - [2025-02-18T13:05:26.192+0000] {dag.py:3239} INFO - Sync 1 DAGs
[2025-02-18T13:05:26.207+0000] {logging_mixin.py:190} INFO - [2025-02-18T13:05:26.207+0000] {dag.py:4180} INFO - Setting next_dagrun for analytics_for_salon to 2025-01-01 00:00:00+00:00, run_after=2025-01-02 00:00:00+00:00
[2025-02-18T13:05:26.220+0000] {processor.py:208} INFO - Processing /opt/airflow/dags/load_to_dm.py took 0.064 seconds
[2025-02-18T13:05:56.922+0000] {processor.py:186} INFO - Started process (PID=1060) to work on /opt/airflow/dags/load_to_dm.py
[2025-02-18T13:05:56.922+0000] {processor.py:914} INFO - Processing file /opt/airflow/dags/load_to_dm.py for tasks to queue
[2025-02-18T13:05:56.924+0000] {logging_mixin.py:190} INFO - [2025-02-18T13:05:56.924+0000] {dagbag.py:588} INFO - Filling up the DagBag from /opt/airflow/dags/load_to_dm.py
[2025-02-18T13:05:56.947+0000] {processor.py:925} INFO - DAG(s) 'analytics_for_salon' retrieved from /opt/airflow/dags/load_to_dm.py
[2025-02-18T13:05:56.954+0000] {logging_mixin.py:190} INFO - [2025-02-18T13:05:56.954+0000] {dag.py:3239} INFO - Sync 1 DAGs
[2025-02-18T13:05:56.970+0000] {logging_mixin.py:190} INFO - [2025-02-18T13:05:56.969+0000] {dag.py:4180} INFO - Setting next_dagrun for analytics_for_salon to 2025-01-01 00:00:00+00:00, run_after=2025-01-02 00:00:00+00:00
[2025-02-18T13:05:56.984+0000] {processor.py:208} INFO - Processing /opt/airflow/dags/load_to_dm.py took 0.066 seconds
[2025-02-18T13:06:27.011+0000] {processor.py:186} INFO - Started process (PID=1127) to work on /opt/airflow/dags/load_to_dm.py
[2025-02-18T13:06:27.012+0000] {processor.py:914} INFO - Processing file /opt/airflow/dags/load_to_dm.py for tasks to queue
[2025-02-18T13:06:27.014+0000] {logging_mixin.py:190} INFO - [2025-02-18T13:06:27.014+0000] {dagbag.py:588} INFO - Filling up the DagBag from /opt/airflow/dags/load_to_dm.py
[2025-02-18T13:06:27.037+0000] {processor.py:925} INFO - DAG(s) 'analytics_for_salon' retrieved from /opt/airflow/dags/load_to_dm.py
[2025-02-18T13:06:27.044+0000] {logging_mixin.py:190} INFO - [2025-02-18T13:06:27.044+0000] {dag.py:3239} INFO - Sync 1 DAGs
[2025-02-18T13:06:27.060+0000] {logging_mixin.py:190} INFO - [2025-02-18T13:06:27.060+0000] {dag.py:4180} INFO - Setting next_dagrun for analytics_for_salon to 2025-01-01 00:00:00+00:00, run_after=2025-01-02 00:00:00+00:00
[2025-02-18T13:06:27.074+0000] {processor.py:208} INFO - Processing /opt/airflow/dags/load_to_dm.py took 0.067 seconds
[2025-02-18T13:06:57.800+0000] {processor.py:186} INFO - Started process (PID=1194) to work on /opt/airflow/dags/load_to_dm.py
[2025-02-18T13:06:57.801+0000] {processor.py:914} INFO - Processing file /opt/airflow/dags/load_to_dm.py for tasks to queue
[2025-02-18T13:06:57.803+0000] {logging_mixin.py:190} INFO - [2025-02-18T13:06:57.803+0000] {dagbag.py:588} INFO - Filling up the DagBag from /opt/airflow/dags/load_to_dm.py
[2025-02-18T13:06:57.831+0000] {processor.py:925} INFO - DAG(s) 'analytics_for_salon' retrieved from /opt/airflow/dags/load_to_dm.py
[2025-02-18T13:06:57.838+0000] {logging_mixin.py:190} INFO - [2025-02-18T13:06:57.838+0000] {dag.py:3239} INFO - Sync 1 DAGs
[2025-02-18T13:06:57.857+0000] {logging_mixin.py:190} INFO - [2025-02-18T13:06:57.857+0000] {dag.py:4180} INFO - Setting next_dagrun for analytics_for_salon to 2025-01-01 00:00:00+00:00, run_after=2025-01-02 00:00:00+00:00
[2025-02-18T13:06:57.874+0000] {processor.py:208} INFO - Processing /opt/airflow/dags/load_to_dm.py took 0.080 seconds
[2025-02-18T13:07:28.318+0000] {processor.py:186} INFO - Started process (PID=1261) to work on /opt/airflow/dags/load_to_dm.py
[2025-02-18T13:07:28.319+0000] {processor.py:914} INFO - Processing file /opt/airflow/dags/load_to_dm.py for tasks to queue
[2025-02-18T13:07:28.321+0000] {logging_mixin.py:190} INFO - [2025-02-18T13:07:28.321+0000] {dagbag.py:588} INFO - Filling up the DagBag from /opt/airflow/dags/load_to_dm.py
[2025-02-18T13:07:28.344+0000] {processor.py:925} INFO - DAG(s) 'analytics_for_salon' retrieved from /opt/airflow/dags/load_to_dm.py
[2025-02-18T13:07:28.351+0000] {logging_mixin.py:190} INFO - [2025-02-18T13:07:28.351+0000] {dag.py:3239} INFO - Sync 1 DAGs
[2025-02-18T13:07:28.368+0000] {logging_mixin.py:190} INFO - [2025-02-18T13:07:28.368+0000] {dag.py:4180} INFO - Setting next_dagrun for analytics_for_salon to 2025-01-01 00:00:00+00:00, run_after=2025-01-02 00:00:00+00:00
[2025-02-18T13:07:28.382+0000] {processor.py:208} INFO - Processing /opt/airflow/dags/load_to_dm.py took 0.068 seconds
[2025-02-18T13:07:58.605+0000] {processor.py:186} INFO - Started process (PID=1328) to work on /opt/airflow/dags/load_to_dm.py
[2025-02-18T13:07:58.606+0000] {processor.py:914} INFO - Processing file /opt/airflow/dags/load_to_dm.py for tasks to queue
[2025-02-18T13:07:58.608+0000] {logging_mixin.py:190} INFO - [2025-02-18T13:07:58.608+0000] {dagbag.py:588} INFO - Filling up the DagBag from /opt/airflow/dags/load_to_dm.py
[2025-02-18T13:07:58.633+0000] {processor.py:925} INFO - DAG(s) 'analytics_for_salon' retrieved from /opt/airflow/dags/load_to_dm.py
[2025-02-18T13:07:58.640+0000] {logging_mixin.py:190} INFO - [2025-02-18T13:07:58.640+0000] {dag.py:3239} INFO - Sync 1 DAGs
[2025-02-18T13:07:58.655+0000] {logging_mixin.py:190} INFO - [2025-02-18T13:07:58.655+0000] {dag.py:4180} INFO - Setting next_dagrun for analytics_for_salon to 2025-01-01 00:00:00+00:00, run_after=2025-01-02 00:00:00+00:00
[2025-02-18T13:07:58.668+0000] {processor.py:208} INFO - Processing /opt/airflow/dags/load_to_dm.py took 0.068 seconds
[2025-02-18T13:08:29.514+0000] {processor.py:186} INFO - Started process (PID=1395) to work on /opt/airflow/dags/load_to_dm.py
[2025-02-18T13:08:29.515+0000] {processor.py:914} INFO - Processing file /opt/airflow/dags/load_to_dm.py for tasks to queue
[2025-02-18T13:08:29.517+0000] {logging_mixin.py:190} INFO - [2025-02-18T13:08:29.517+0000] {dagbag.py:588} INFO - Filling up the DagBag from /opt/airflow/dags/load_to_dm.py
[2025-02-18T13:08:29.539+0000] {processor.py:925} INFO - DAG(s) 'analytics_for_salon' retrieved from /opt/airflow/dags/load_to_dm.py
[2025-02-18T13:08:29.546+0000] {logging_mixin.py:190} INFO - [2025-02-18T13:08:29.546+0000] {dag.py:3239} INFO - Sync 1 DAGs
[2025-02-18T13:08:29.564+0000] {logging_mixin.py:190} INFO - [2025-02-18T13:08:29.564+0000] {dag.py:4180} INFO - Setting next_dagrun for analytics_for_salon to 2025-01-01 00:00:00+00:00, run_after=2025-01-02 00:00:00+00:00
[2025-02-18T13:08:29.578+0000] {processor.py:208} INFO - Processing /opt/airflow/dags/load_to_dm.py took 0.069 seconds
[2025-02-18T13:09:00.077+0000] {processor.py:186} INFO - Started process (PID=1462) to work on /opt/airflow/dags/load_to_dm.py
[2025-02-18T13:09:00.078+0000] {processor.py:914} INFO - Processing file /opt/airflow/dags/load_to_dm.py for tasks to queue
[2025-02-18T13:09:00.080+0000] {logging_mixin.py:190} INFO - [2025-02-18T13:09:00.079+0000] {dagbag.py:588} INFO - Filling up the DagBag from /opt/airflow/dags/load_to_dm.py
[2025-02-18T13:09:00.104+0000] {processor.py:925} INFO - DAG(s) 'analytics_for_salon' retrieved from /opt/airflow/dags/load_to_dm.py
[2025-02-18T13:09:00.112+0000] {logging_mixin.py:190} INFO - [2025-02-18T13:09:00.112+0000] {dag.py:3239} INFO - Sync 1 DAGs
[2025-02-18T13:09:00.128+0000] {logging_mixin.py:190} INFO - [2025-02-18T13:09:00.128+0000] {dag.py:4180} INFO - Setting next_dagrun for analytics_for_salon to 2025-01-01 00:00:00+00:00, run_after=2025-01-02 00:00:00+00:00
[2025-02-18T13:09:00.143+0000] {processor.py:208} INFO - Processing /opt/airflow/dags/load_to_dm.py took 0.071 seconds
[2025-02-18T13:09:30.910+0000] {processor.py:186} INFO - Started process (PID=1530) to work on /opt/airflow/dags/load_to_dm.py
[2025-02-18T13:09:30.911+0000] {processor.py:914} INFO - Processing file /opt/airflow/dags/load_to_dm.py for tasks to queue
[2025-02-18T13:09:30.912+0000] {logging_mixin.py:190} INFO - [2025-02-18T13:09:30.912+0000] {dagbag.py:588} INFO - Filling up the DagBag from /opt/airflow/dags/load_to_dm.py
[2025-02-18T13:09:30.936+0000] {processor.py:925} INFO - DAG(s) 'analytics_for_salon' retrieved from /opt/airflow/dags/load_to_dm.py
[2025-02-18T13:09:30.943+0000] {logging_mixin.py:190} INFO - [2025-02-18T13:09:30.943+0000] {dag.py:3239} INFO - Sync 1 DAGs
[2025-02-18T13:09:30.959+0000] {logging_mixin.py:190} INFO - [2025-02-18T13:09:30.959+0000] {dag.py:4180} INFO - Setting next_dagrun for analytics_for_salon to 2025-01-01 00:00:00+00:00, run_after=2025-01-02 00:00:00+00:00
[2025-02-18T13:09:30.972+0000] {processor.py:208} INFO - Processing /opt/airflow/dags/load_to_dm.py took 0.066 seconds
[2025-02-18T13:10:01.582+0000] {processor.py:186} INFO - Started process (PID=1597) to work on /opt/airflow/dags/load_to_dm.py
[2025-02-18T13:10:01.582+0000] {processor.py:914} INFO - Processing file /opt/airflow/dags/load_to_dm.py for tasks to queue
[2025-02-18T13:10:01.584+0000] {logging_mixin.py:190} INFO - [2025-02-18T13:10:01.584+0000] {dagbag.py:588} INFO - Filling up the DagBag from /opt/airflow/dags/load_to_dm.py
[2025-02-18T13:10:01.606+0000] {processor.py:925} INFO - DAG(s) 'analytics_for_salon' retrieved from /opt/airflow/dags/load_to_dm.py
[2025-02-18T13:10:01.613+0000] {logging_mixin.py:190} INFO - [2025-02-18T13:10:01.613+0000] {dag.py:3239} INFO - Sync 1 DAGs
[2025-02-18T13:10:01.631+0000] {logging_mixin.py:190} INFO - [2025-02-18T13:10:01.631+0000] {dag.py:4180} INFO - Setting next_dagrun for analytics_for_salon to 2025-01-01 00:00:00+00:00, run_after=2025-01-02 00:00:00+00:00
[2025-02-18T13:10:01.645+0000] {processor.py:208} INFO - Processing /opt/airflow/dags/load_to_dm.py took 0.067 seconds
[2025-02-18T13:10:32.272+0000] {processor.py:186} INFO - Started process (PID=1664) to work on /opt/airflow/dags/load_to_dm.py
[2025-02-18T13:10:32.272+0000] {processor.py:914} INFO - Processing file /opt/airflow/dags/load_to_dm.py for tasks to queue
[2025-02-18T13:10:32.273+0000] {logging_mixin.py:190} INFO - [2025-02-18T13:10:32.273+0000] {dagbag.py:588} INFO - Filling up the DagBag from /opt/airflow/dags/load_to_dm.py
[2025-02-18T13:10:32.297+0000] {processor.py:925} INFO - DAG(s) 'analytics_for_salon' retrieved from /opt/airflow/dags/load_to_dm.py
[2025-02-18T13:10:32.305+0000] {logging_mixin.py:190} INFO - [2025-02-18T13:10:32.305+0000] {dag.py:3239} INFO - Sync 1 DAGs
[2025-02-18T13:10:32.321+0000] {logging_mixin.py:190} INFO - [2025-02-18T13:10:32.321+0000] {dag.py:4180} INFO - Setting next_dagrun for analytics_for_salon to 2025-01-01 00:00:00+00:00, run_after=2025-01-02 00:00:00+00:00
[2025-02-18T13:10:32.334+0000] {processor.py:208} INFO - Processing /opt/airflow/dags/load_to_dm.py took 0.067 seconds
[2025-02-18T13:11:02.947+0000] {processor.py:186} INFO - Started process (PID=1731) to work on /opt/airflow/dags/load_to_dm.py
[2025-02-18T13:11:02.948+0000] {processor.py:914} INFO - Processing file /opt/airflow/dags/load_to_dm.py for tasks to queue
[2025-02-18T13:11:02.949+0000] {logging_mixin.py:190} INFO - [2025-02-18T13:11:02.949+0000] {dagbag.py:588} INFO - Filling up the DagBag from /opt/airflow/dags/load_to_dm.py
[2025-02-18T13:11:02.970+0000] {processor.py:925} INFO - DAG(s) 'analytics_for_salon' retrieved from /opt/airflow/dags/load_to_dm.py
[2025-02-18T13:11:02.977+0000] {logging_mixin.py:190} INFO - [2025-02-18T13:11:02.977+0000] {dag.py:3239} INFO - Sync 1 DAGs
[2025-02-18T13:11:02.993+0000] {logging_mixin.py:190} INFO - [2025-02-18T13:11:02.993+0000] {dag.py:4180} INFO - Setting next_dagrun for analytics_for_salon to 2025-01-01 00:00:00+00:00, run_after=2025-01-02 00:00:00+00:00
[2025-02-18T13:11:03.006+0000] {processor.py:208} INFO - Processing /opt/airflow/dags/load_to_dm.py took 0.063 seconds
[2025-02-18T13:11:33.667+0000] {processor.py:186} INFO - Started process (PID=1798) to work on /opt/airflow/dags/load_to_dm.py
[2025-02-18T13:11:33.668+0000] {processor.py:914} INFO - Processing file /opt/airflow/dags/load_to_dm.py for tasks to queue
[2025-02-18T13:11:33.669+0000] {logging_mixin.py:190} INFO - [2025-02-18T13:11:33.669+0000] {dagbag.py:588} INFO - Filling up the DagBag from /opt/airflow/dags/load_to_dm.py
[2025-02-18T13:11:33.692+0000] {processor.py:925} INFO - DAG(s) 'analytics_for_salon' retrieved from /opt/airflow/dags/load_to_dm.py
[2025-02-18T13:11:33.699+0000] {logging_mixin.py:190} INFO - [2025-02-18T13:11:33.699+0000] {dag.py:3239} INFO - Sync 1 DAGs
[2025-02-18T13:11:33.717+0000] {logging_mixin.py:190} INFO - [2025-02-18T13:11:33.716+0000] {dag.py:4180} INFO - Setting next_dagrun for analytics_for_salon to 2025-01-01 00:00:00+00:00, run_after=2025-01-02 00:00:00+00:00
[2025-02-18T13:11:33.730+0000] {processor.py:208} INFO - Processing /opt/airflow/dags/load_to_dm.py took 0.066 seconds
[2025-02-18T13:12:03.955+0000] {processor.py:186} INFO - Started process (PID=1865) to work on /opt/airflow/dags/load_to_dm.py
[2025-02-18T13:12:03.956+0000] {processor.py:914} INFO - Processing file /opt/airflow/dags/load_to_dm.py for tasks to queue
[2025-02-18T13:12:03.957+0000] {logging_mixin.py:190} INFO - [2025-02-18T13:12:03.957+0000] {dagbag.py:588} INFO - Filling up the DagBag from /opt/airflow/dags/load_to_dm.py
[2025-02-18T13:12:03.980+0000] {processor.py:925} INFO - DAG(s) 'analytics_for_salon' retrieved from /opt/airflow/dags/load_to_dm.py
[2025-02-18T13:12:03.988+0000] {logging_mixin.py:190} INFO - [2025-02-18T13:12:03.988+0000] {dag.py:3239} INFO - Sync 1 DAGs
[2025-02-18T13:12:04.008+0000] {logging_mixin.py:190} INFO - [2025-02-18T13:12:04.008+0000] {dag.py:4180} INFO - Setting next_dagrun for analytics_for_salon to 2025-01-01 00:00:00+00:00, run_after=2025-01-02 00:00:00+00:00
[2025-02-18T13:12:04.027+0000] {processor.py:208} INFO - Processing /opt/airflow/dags/load_to_dm.py took 0.076 seconds
[2025-02-18T13:12:34.273+0000] {processor.py:186} INFO - Started process (PID=1932) to work on /opt/airflow/dags/load_to_dm.py
[2025-02-18T13:12:34.273+0000] {processor.py:914} INFO - Processing file /opt/airflow/dags/load_to_dm.py for tasks to queue
[2025-02-18T13:12:34.275+0000] {logging_mixin.py:190} INFO - [2025-02-18T13:12:34.274+0000] {dagbag.py:588} INFO - Filling up the DagBag from /opt/airflow/dags/load_to_dm.py
[2025-02-18T13:12:34.298+0000] {processor.py:925} INFO - DAG(s) 'analytics_for_salon' retrieved from /opt/airflow/dags/load_to_dm.py
[2025-02-18T13:12:34.304+0000] {logging_mixin.py:190} INFO - [2025-02-18T13:12:34.304+0000] {dag.py:3239} INFO - Sync 1 DAGs
[2025-02-18T13:12:34.321+0000] {logging_mixin.py:190} INFO - [2025-02-18T13:12:34.321+0000] {dag.py:4180} INFO - Setting next_dagrun for analytics_for_salon to 2025-01-01 00:00:00+00:00, run_after=2025-01-02 00:00:00+00:00
[2025-02-18T13:12:34.333+0000] {processor.py:208} INFO - Processing /opt/airflow/dags/load_to_dm.py took 0.065 seconds
[2025-02-18T13:13:04.689+0000] {processor.py:186} INFO - Started process (PID=2000) to work on /opt/airflow/dags/load_to_dm.py
[2025-02-18T13:13:04.690+0000] {processor.py:914} INFO - Processing file /opt/airflow/dags/load_to_dm.py for tasks to queue
[2025-02-18T13:13:04.691+0000] {logging_mixin.py:190} INFO - [2025-02-18T13:13:04.691+0000] {dagbag.py:588} INFO - Filling up the DagBag from /opt/airflow/dags/load_to_dm.py
[2025-02-18T13:13:04.715+0000] {processor.py:925} INFO - DAG(s) 'analytics_for_salon' retrieved from /opt/airflow/dags/load_to_dm.py
[2025-02-18T13:13:04.722+0000] {logging_mixin.py:190} INFO - [2025-02-18T13:13:04.721+0000] {dag.py:3239} INFO - Sync 1 DAGs
[2025-02-18T13:13:04.740+0000] {logging_mixin.py:190} INFO - [2025-02-18T13:13:04.740+0000] {dag.py:4180} INFO - Setting next_dagrun for analytics_for_salon to 2025-01-01 00:00:00+00:00, run_after=2025-01-02 00:00:00+00:00
[2025-02-18T13:13:04.757+0000] {processor.py:208} INFO - Processing /opt/airflow/dags/load_to_dm.py took 0.072 seconds
[2025-02-18T13:13:34.967+0000] {processor.py:186} INFO - Started process (PID=2068) to work on /opt/airflow/dags/load_to_dm.py
[2025-02-18T13:13:34.967+0000] {processor.py:914} INFO - Processing file /opt/airflow/dags/load_to_dm.py for tasks to queue
[2025-02-18T13:13:34.968+0000] {logging_mixin.py:190} INFO - [2025-02-18T13:13:34.968+0000] {dagbag.py:588} INFO - Filling up the DagBag from /opt/airflow/dags/load_to_dm.py
[2025-02-18T13:13:34.994+0000] {processor.py:925} INFO - DAG(s) 'analytics_for_salon' retrieved from /opt/airflow/dags/load_to_dm.py
[2025-02-18T13:13:35.004+0000] {logging_mixin.py:190} INFO - [2025-02-18T13:13:35.004+0000] {dag.py:3239} INFO - Sync 1 DAGs
[2025-02-18T13:13:35.022+0000] {logging_mixin.py:190} INFO - [2025-02-18T13:13:35.022+0000] {dag.py:4180} INFO - Setting next_dagrun for analytics_for_salon to 2025-01-01 00:00:00+00:00, run_after=2025-01-02 00:00:00+00:00
[2025-02-18T13:13:35.035+0000] {processor.py:208} INFO - Processing /opt/airflow/dags/load_to_dm.py took 0.075 seconds
[2025-02-18T13:14:05.456+0000] {processor.py:186} INFO - Started process (PID=2135) to work on /opt/airflow/dags/load_to_dm.py
[2025-02-18T13:14:05.457+0000] {processor.py:914} INFO - Processing file /opt/airflow/dags/load_to_dm.py for tasks to queue
[2025-02-18T13:14:05.457+0000] {logging_mixin.py:190} INFO - [2025-02-18T13:14:05.457+0000] {dagbag.py:588} INFO - Filling up the DagBag from /opt/airflow/dags/load_to_dm.py
[2025-02-18T13:14:05.479+0000] {processor.py:925} INFO - DAG(s) 'analytics_for_salon' retrieved from /opt/airflow/dags/load_to_dm.py
[2025-02-18T13:14:05.486+0000] {logging_mixin.py:190} INFO - [2025-02-18T13:14:05.486+0000] {dag.py:3239} INFO - Sync 1 DAGs
[2025-02-18T13:14:05.502+0000] {logging_mixin.py:190} INFO - [2025-02-18T13:14:05.502+0000] {dag.py:4180} INFO - Setting next_dagrun for analytics_for_salon to 2025-01-01 00:00:00+00:00, run_after=2025-01-02 00:00:00+00:00
[2025-02-18T13:14:05.514+0000] {processor.py:208} INFO - Processing /opt/airflow/dags/load_to_dm.py took 0.063 seconds
[2025-02-18T13:14:35.769+0000] {processor.py:186} INFO - Started process (PID=2202) to work on /opt/airflow/dags/load_to_dm.py
[2025-02-18T13:14:35.770+0000] {processor.py:914} INFO - Processing file /opt/airflow/dags/load_to_dm.py for tasks to queue
[2025-02-18T13:14:35.771+0000] {logging_mixin.py:190} INFO - [2025-02-18T13:14:35.771+0000] {dagbag.py:588} INFO - Filling up the DagBag from /opt/airflow/dags/load_to_dm.py
[2025-02-18T13:14:35.795+0000] {processor.py:925} INFO - DAG(s) 'analytics_for_salon' retrieved from /opt/airflow/dags/load_to_dm.py
[2025-02-18T13:14:35.802+0000] {logging_mixin.py:190} INFO - [2025-02-18T13:14:35.802+0000] {dag.py:3239} INFO - Sync 1 DAGs
[2025-02-18T13:14:35.819+0000] {logging_mixin.py:190} INFO - [2025-02-18T13:14:35.819+0000] {dag.py:4180} INFO - Setting next_dagrun for analytics_for_salon to 2025-01-01 00:00:00+00:00, run_after=2025-01-02 00:00:00+00:00
[2025-02-18T13:14:35.834+0000] {processor.py:208} INFO - Processing /opt/airflow/dags/load_to_dm.py took 0.068 seconds
[2025-02-18T13:15:06.187+0000] {processor.py:186} INFO - Started process (PID=2269) to work on /opt/airflow/dags/load_to_dm.py
[2025-02-18T13:15:06.187+0000] {processor.py:914} INFO - Processing file /opt/airflow/dags/load_to_dm.py for tasks to queue
[2025-02-18T13:15:06.188+0000] {logging_mixin.py:190} INFO - [2025-02-18T13:15:06.188+0000] {dagbag.py:588} INFO - Filling up the DagBag from /opt/airflow/dags/load_to_dm.py
[2025-02-18T13:15:06.214+0000] {processor.py:925} INFO - DAG(s) 'analytics_for_salon' retrieved from /opt/airflow/dags/load_to_dm.py
[2025-02-18T13:15:06.221+0000] {logging_mixin.py:190} INFO - [2025-02-18T13:15:06.221+0000] {dag.py:3239} INFO - Sync 1 DAGs
[2025-02-18T13:15:06.240+0000] {logging_mixin.py:190} INFO - [2025-02-18T13:15:06.239+0000] {dag.py:4180} INFO - Setting next_dagrun for analytics_for_salon to 2025-01-01 00:00:00+00:00, run_after=2025-01-02 00:00:00+00:00
[2025-02-18T13:15:06.257+0000] {processor.py:208} INFO - Processing /opt/airflow/dags/load_to_dm.py took 0.076 seconds
[2025-02-18T13:15:36.544+0000] {processor.py:186} INFO - Started process (PID=2336) to work on /opt/airflow/dags/load_to_dm.py
[2025-02-18T13:15:36.545+0000] {processor.py:914} INFO - Processing file /opt/airflow/dags/load_to_dm.py for tasks to queue
[2025-02-18T13:15:36.546+0000] {logging_mixin.py:190} INFO - [2025-02-18T13:15:36.546+0000] {dagbag.py:588} INFO - Filling up the DagBag from /opt/airflow/dags/load_to_dm.py
[2025-02-18T13:15:36.578+0000] {processor.py:925} INFO - DAG(s) 'analytics_for_salon' retrieved from /opt/airflow/dags/load_to_dm.py
[2025-02-18T13:15:36.586+0000] {logging_mixin.py:190} INFO - [2025-02-18T13:15:36.586+0000] {dag.py:3239} INFO - Sync 1 DAGs
[2025-02-18T13:15:36.606+0000] {logging_mixin.py:190} INFO - [2025-02-18T13:15:36.606+0000] {dag.py:4180} INFO - Setting next_dagrun for analytics_for_salon to 2025-01-01 00:00:00+00:00, run_after=2025-01-02 00:00:00+00:00
[2025-02-18T13:15:36.623+0000] {processor.py:208} INFO - Processing /opt/airflow/dags/load_to_dm.py took 0.085 seconds
[2025-02-18T13:16:06.920+0000] {processor.py:186} INFO - Started process (PID=2403) to work on /opt/airflow/dags/load_to_dm.py
[2025-02-18T13:16:06.922+0000] {processor.py:914} INFO - Processing file /opt/airflow/dags/load_to_dm.py for tasks to queue
[2025-02-18T13:16:06.924+0000] {logging_mixin.py:190} INFO - [2025-02-18T13:16:06.923+0000] {dagbag.py:588} INFO - Filling up the DagBag from /opt/airflow/dags/load_to_dm.py
[2025-02-18T13:16:06.962+0000] {processor.py:925} INFO - DAG(s) 'analytics_for_salon' retrieved from /opt/airflow/dags/load_to_dm.py
[2025-02-18T13:16:06.974+0000] {logging_mixin.py:190} INFO - [2025-02-18T13:16:06.974+0000] {dag.py:3239} INFO - Sync 1 DAGs
[2025-02-18T13:16:07.007+0000] {logging_mixin.py:190} INFO - [2025-02-18T13:16:07.007+0000] {dag.py:4180} INFO - Setting next_dagrun for analytics_for_salon to 2025-01-01 00:00:00+00:00, run_after=2025-01-02 00:00:00+00:00
[2025-02-18T13:16:07.025+0000] {processor.py:208} INFO - Processing /opt/airflow/dags/load_to_dm.py took 0.115 seconds
[2025-02-18T13:16:37.350+0000] {processor.py:186} INFO - Started process (PID=2470) to work on /opt/airflow/dags/load_to_dm.py
[2025-02-18T13:16:37.350+0000] {processor.py:914} INFO - Processing file /opt/airflow/dags/load_to_dm.py for tasks to queue
[2025-02-18T13:16:37.351+0000] {logging_mixin.py:190} INFO - [2025-02-18T13:16:37.351+0000] {dagbag.py:588} INFO - Filling up the DagBag from /opt/airflow/dags/load_to_dm.py
[2025-02-18T13:16:37.376+0000] {processor.py:925} INFO - DAG(s) 'analytics_for_salon' retrieved from /opt/airflow/dags/load_to_dm.py
[2025-02-18T13:16:37.384+0000] {logging_mixin.py:190} INFO - [2025-02-18T13:16:37.384+0000] {dag.py:3239} INFO - Sync 1 DAGs
[2025-02-18T13:16:37.401+0000] {logging_mixin.py:190} INFO - [2025-02-18T13:16:37.401+0000] {dag.py:4180} INFO - Setting next_dagrun for analytics_for_salon to 2025-01-01 00:00:00+00:00, run_after=2025-01-02 00:00:00+00:00
[2025-02-18T13:16:37.416+0000] {processor.py:208} INFO - Processing /opt/airflow/dags/load_to_dm.py took 0.071 seconds
[2025-02-18T13:17:07.998+0000] {processor.py:186} INFO - Started process (PID=2537) to work on /opt/airflow/dags/load_to_dm.py
[2025-02-18T13:17:07.999+0000] {processor.py:914} INFO - Processing file /opt/airflow/dags/load_to_dm.py for tasks to queue
[2025-02-18T13:17:08.000+0000] {logging_mixin.py:190} INFO - [2025-02-18T13:17:08.000+0000] {dagbag.py:588} INFO - Filling up the DagBag from /opt/airflow/dags/load_to_dm.py
[2025-02-18T13:17:08.032+0000] {processor.py:925} INFO - DAG(s) 'analytics_for_salon' retrieved from /opt/airflow/dags/load_to_dm.py
[2025-02-18T13:17:08.047+0000] {logging_mixin.py:190} INFO - [2025-02-18T13:17:08.046+0000] {dag.py:3239} INFO - Sync 1 DAGs
[2025-02-18T13:17:08.068+0000] {logging_mixin.py:190} INFO - [2025-02-18T13:17:08.067+0000] {dag.py:4180} INFO - Setting next_dagrun for analytics_for_salon to 2025-01-01 00:00:00+00:00, run_after=2025-01-02 00:00:00+00:00
[2025-02-18T13:17:08.087+0000] {processor.py:208} INFO - Processing /opt/airflow/dags/load_to_dm.py took 0.094 seconds
